13:12:57  INFO  manager.ApplicationManager - All tests starts in 'Chrom' browser
13:12:59  INFO  tests.TestBase - Name of test ---> registrationSuccessDP
13:12:59  INFO  manager.MyListener - Start find element --->By.xpath: //*[text()=' Logout ']
13:13:04  INFO  manager.MyListener - The element with locator --->By.xpath: //*[text()=' Logout ']---> was found
13:13:04  INFO  manager.MyListener - Start find element --->By.xpath: //a[text()=' Sign up ']
13:13:04  INFO  manager.MyListener - The element with locator --->By.xpath: //a[text()=' Sign up ']---> was found
13:13:04  INFO  manager.MyListener - Start find element --->By.tagName: form
13:13:04  INFO  manager.MyListener - The element with locator --->By.tagName: form---> was found
13:13:04  INFO  manager.MyListener - Start find element --->By.id: name
13:13:04  INFO  manager.MyListener - The element with locator --->By.id: name---> was found
13:13:04  INFO  manager.MyListener - Start find element --->By.cssSelector: #lastName
13:13:04  INFO  manager.MyListener - The element with locator --->By.cssSelector: #lastName---> was found
13:13:04  INFO  manager.MyListener - Start find element --->By.id: email
13:13:04  INFO  manager.MyListener - The element with locator --->By.id: email---> was found
13:13:05  INFO  manager.MyListener - Start find element --->By.cssSelector: #password
13:13:05  INFO  manager.MyListener - The element with locator --->By.cssSelector: #password---> was found
13:13:08  INFO  manager.MyListener - Start find element --->By.xpath: //label[@for='terms-of-use']
13:13:08  INFO  manager.MyListener - The element with locator --->By.xpath: //label[@for='terms-of-use']---> was found
13:13:11  INFO  manager.MyListener - Start find element --->By.cssSelector: [type='submit']
13:13:11  INFO  manager.MyListener - The element with locator --->By.cssSelector: [type='submit']---> was found
13:13:11  INFO  manager.MyListener - Start find element --->By.xpath: //div[@class='dialog-container']//h2
13:13:12  INFO  manager.MyListener - The element with locator --->By.xpath: //div[@class='dialog-container']//h2---> was found
13:13:12  INFO  manager.MyListener - Start find element --->By.xpath: //div[@class='dialog-container']
13:13:12  INFO  manager.MyListener - The element with locator --->By.xpath: //div[@class='dialog-container']---> was found
13:13:12  INFO  manager.MyListener - Start find element --->By.xpath: //button[text()='Ok']
13:13:12  INFO  manager.MyListener - The element with locator --->By.xpath: //button[text()='Ok']---> was found
13:13:12  INFO  tests.TestBase - Name of test ---> registrationSuccessDP
13:13:12  INFO  manager.MyListener - Start find element --->By.xpath: //*[text()=' Logout ']
13:13:12  INFO  manager.MyListener - The element with locator --->By.xpath: //*[text()=' Logout ']---> was found
13:13:12  INFO  manager.MyListener - Start find element --->By.xpath: //*[text()=' Logout ']
13:13:12  INFO  manager.MyListener - The element with locator --->By.xpath: //*[text()=' Logout ']---> was found
13:13:12  INFO  manager.MyListener - Start find element --->By.xpath: //a[text()=' Sign up ']
13:13:12  INFO  manager.MyListener - The element with locator --->By.xpath: //a[text()=' Sign up ']---> was found
13:13:12  INFO  manager.MyListener - Start find element --->By.tagName: form
13:13:12  INFO  manager.MyListener - The element with locator --->By.tagName: form---> was found
13:13:12  INFO  manager.MyListener - Start find element --->By.id: name
13:13:12  INFO  manager.MyListener - The element with locator --->By.id: name---> was found
13:13:13  INFO  manager.MyListener - Start find element --->By.cssSelector: #lastName
13:13:13  INFO  manager.MyListener - The element with locator --->By.cssSelector: #lastName---> was found
13:13:13  INFO  manager.MyListener - Start find element --->By.id: email
13:13:13  INFO  manager.MyListener - The element with locator --->By.id: email---> was found
13:13:13  INFO  manager.MyListener - Start find element --->By.cssSelector: #password
13:13:13  INFO  manager.MyListener - The element with locator --->By.cssSelector: #password---> was found
13:13:16  INFO  manager.MyListener - Start find element --->By.xpath: //label[@for='terms-of-use']
13:13:16  INFO  manager.MyListener - The element with locator --->By.xpath: //label[@for='terms-of-use']---> was found
13:13:20  INFO  manager.MyListener - Start find element --->By.cssSelector: [type='submit']
13:13:20  INFO  manager.MyListener - The element with locator --->By.cssSelector: [type='submit']---> was found
13:13:20  INFO  manager.MyListener - Start find element --->By.xpath: //div[@class='dialog-container']//h2
13:13:20  INFO  manager.MyListener - The element with locator --->By.xpath: //div[@class='dialog-container']//h2---> was found
13:13:20  INFO  manager.MyListener - Start find element --->By.xpath: //div[@class='dialog-container']
13:13:20  INFO  manager.MyListener - The element with locator --->By.xpath: //div[@class='dialog-container']---> was found
13:13:20  INFO  manager.MyListener - Start find element --->By.xpath: //button[text()='Ok']
13:13:20  INFO  manager.MyListener - The element with locator --->By.xpath: //button[text()='Ok']---> was found
13:13:20  INFO  tests.TestBase - Name of test ---> registrationSuccessDP
13:13:20  INFO  manager.MyListener - Start find element --->By.xpath: //*[text()=' Logout ']
13:13:20  INFO  manager.MyListener - The element with locator --->By.xpath: //*[text()=' Logout ']---> was found
13:13:20  INFO  manager.MyListener - Start find element --->By.xpath: //*[text()=' Logout ']
13:13:20  INFO  manager.MyListener - The element with locator --->By.xpath: //*[text()=' Logout ']---> was found
13:13:20  INFO  manager.MyListener - Start find element --->By.xpath: //a[text()=' Sign up ']
13:13:20  INFO  manager.MyListener - The element with locator --->By.xpath: //a[text()=' Sign up ']---> was found
13:13:20  INFO  manager.MyListener - Start find element --->By.tagName: form
13:13:20  INFO  manager.MyListener - The element with locator --->By.tagName: form---> was found
13:13:20  INFO  manager.MyListener - Start find element --->By.id: name
13:13:20  INFO  manager.MyListener - The element with locator --->By.id: name---> was found
13:13:21  INFO  manager.MyListener - Start find element --->By.cssSelector: #lastName
13:13:21  INFO  manager.MyListener - The element with locator --->By.cssSelector: #lastName---> was found
13:13:21  INFO  manager.MyListener - Start find element --->By.id: email
13:13:21  INFO  manager.MyListener - The element with locator --->By.id: email---> was found
13:13:21  INFO  manager.MyListener - Start find element --->By.cssSelector: #password
13:13:21  INFO  manager.MyListener - The element with locator --->By.cssSelector: #password---> was found
13:13:24  INFO  manager.MyListener - Start find element --->By.xpath: //label[@for='terms-of-use']
13:13:24  INFO  manager.MyListener - The element with locator --->By.xpath: //label[@for='terms-of-use']---> was found
13:13:27  INFO  manager.MyListener - Start find element --->By.cssSelector: [type='submit']
13:13:27  INFO  manager.MyListener - The element with locator --->By.cssSelector: [type='submit']---> was found
13:13:27  INFO  manager.MyListener - Start find element --->By.xpath: //div[@class='dialog-container']//h2
13:13:28  INFO  manager.MyListener - The element with locator --->By.xpath: //div[@class='dialog-container']//h2---> was found
13:13:28  INFO  manager.MyListener - Start find element --->By.xpath: //div[@class='dialog-container']
13:13:28  INFO  manager.MyListener - The element with locator --->By.xpath: //div[@class='dialog-container']---> was found
13:13:28  INFO  manager.MyListener - Start find element --->By.xpath: //button[text()='Ok']
13:13:28  INFO  manager.MyListener - The element with locator --->By.xpath: //button[text()='Ok']---> was found
