12:57:14  INFO  manager.ApplicationManager - All tests starts in 'Chrom' browser
12:57:16  INFO  tests.TestBase - Name of test ---> addNewCarSuccess
12:57:16  INFO  manager.MyListener - Start find element --->By.xpath: //*[text()=' Logout ']
12:57:21  INFO  manager.MyListener - The element with locator --->By.xpath: //*[text()=' Logout ']---> was found
12:57:21  INFO  manager.MyListener - Start find element --->By.xpath: //a[text()=' Log in ']
12:57:21  INFO  manager.MyListener - The element with locator --->By.xpath: //a[text()=' Log in ']---> was found
12:57:21  INFO  manager.MyListener - Start find element --->By.id: email
12:57:21  INFO  manager.MyListener - The element with locator --->By.id: email---> was found
12:57:21  INFO  manager.MyListener - Start find element --->By.id: password
12:57:21  INFO  manager.MyListener - The element with locator --->By.id: password---> was found
12:57:21  INFO  manager.MyListener - Start find element --->By.cssSelector: [type='submit']
12:57:21  INFO  manager.MyListener - The element with locator --->By.cssSelector: [type='submit']---> was found
12:57:21  INFO  manager.MyListener - Start find element --->By.xpath: //div[@class='dialog-container']
12:57:22  INFO  manager.MyListener - The element with locator --->By.xpath: //div[@class='dialog-container']---> was found
12:57:22  INFO  manager.MyListener - Start find element --->By.xpath: //button[text()='Ok']
12:57:22  INFO  manager.MyListener - The element with locator --->By.xpath: //button[text()='Ok']---> was found
12:57:25  INFO  tests.TestBase - Car was added for userUser{name='null', lastName='null', email='jack123@gmail.com', password='Js12345@'}
12:57:25  INFO  tests.TestBase - Car(address=Tel-Aviv, Israel, make=Hunday, model=Veloster, year=2021, engine=1,8, fuel=Petrol, gear=AT, w_d=AWD, doors=3, seats=4, car_class=S, fuelConsumption=3.0, carRegNumber=32-876-3445, price=130, distanceIncluded=250, features=type of, about=Ne bita ne krashena)car was added
12:57:25  INFO  manager.MyListener - Start find element --->By.cssSelector: [href='/let-car-work']
12:57:25  INFO  manager.MyListener - The element with locator --->By.cssSelector: [href='/let-car-work']---> was found
12:57:25  INFO  manager.MyListener - Start find element --->By.id: pickUpPlace
12:57:25  INFO  manager.MyListener - The element with locator --->By.id: pickUpPlace---> was found
12:57:25  INFO  manager.MyListener - Start find element --->By.cssSelector: .pac-item
12:57:26  INFO  manager.MyListener - The element with locator --->By.cssSelector: .pac-item---> was found
12:57:26  INFO  manager.MyListener - Start find element --->By.id: make
12:57:26  INFO  manager.MyListener - The element with locator --->By.id: make---> was found
12:57:26  INFO  manager.MyListener - Start find element --->By.id: model
12:57:26  INFO  manager.MyListener - The element with locator --->By.id: model---> was found
12:57:26  INFO  manager.MyListener - Start find element --->By.id: year
12:57:27  INFO  manager.MyListener - The element with locator --->By.id: year---> was found
12:57:27  INFO  manager.MyListener - Start find element --->By.cssSelector: #engine
12:57:27  INFO  manager.MyListener - The element with locator --->By.cssSelector: #engine---> was found
12:57:27  INFO  manager.MyListener - Start find element --->By.id: fuel
12:57:27  INFO  manager.MyListener - The element with locator --->By.id: fuel---> was found
12:57:27  INFO  manager.MyListener - Start find element --->By.xpath: .//option[@value = "Petrol"]
12:57:27  INFO  manager.MyListener - The element with locator --->By.xpath: .//option[@value = "Petrol"]---> was found
12:57:27  INFO  manager.MyListener - Start find element --->By.id: gear
12:57:27  INFO  manager.MyListener - The element with locator --->By.id: gear---> was found
12:57:27  INFO  manager.MyListener - Start find element --->By.xpath: .//option[@value = "AT"]
12:57:27  INFO  manager.MyListener - The element with locator --->By.xpath: .//option[@value = "AT"]---> was found
12:57:27  INFO  manager.MyListener - Start find element --->By.id: wheelsDrive
12:57:27  INFO  manager.MyListener - The element with locator --->By.id: wheelsDrive---> was found
12:57:27  INFO  manager.MyListener - Start find element --->By.xpath: .//option[@value = "AWD"]
12:57:27  INFO  manager.MyListener - The element with locator --->By.xpath: .//option[@value = "AWD"]---> was found
12:57:27  INFO  manager.MyListener - Start find element --->By.id: doors
12:57:27  INFO  manager.MyListener - The element with locator --->By.id: doors---> was found
12:57:27  INFO  manager.MyListener - Start find element --->By.id: seats
12:57:27  INFO  manager.MyListener - The element with locator --->By.id: seats---> was found
12:57:27  INFO  manager.MyListener - Start find element --->By.id: class
12:57:27  INFO  manager.MyListener - The element with locator --->By.id: class---> was found
12:57:28  INFO  manager.MyListener - Start find element --->By.id: fuelConsumption
12:57:28  INFO  manager.MyListener - The element with locator --->By.id: fuelConsumption---> was found
12:57:28  INFO  manager.MyListener - Start find element --->By.id: serialNumber
12:57:28  INFO  manager.MyListener - The element with locator --->By.id: serialNumber---> was found
12:57:28  INFO  manager.MyListener - Start find element --->By.id: price
12:57:28  INFO  manager.MyListener - The element with locator --->By.id: price---> was found
12:57:28  INFO  manager.MyListener - Start find element --->By.id: distance
12:57:28  INFO  manager.MyListener - The element with locator --->By.id: distance---> was found
12:57:28  INFO  manager.MyListener - Start find element --->By.cssSelector: .feature-input
12:57:28  INFO  manager.MyListener - The element with locator --->By.cssSelector: .feature-input---> was found
12:57:28  INFO  manager.MyListener - Start find element --->By.id: about
12:57:28  INFO  manager.MyListener - The element with locator --->By.id: about---> was found
12:57:28  INFO  manager.MyListener - Start find element --->By.id: photos
12:57:28  INFO  manager.MyListener - The element with locator --->By.id: photos---> was found
12:57:28  INFO  manager.MyListener - Start find element --->By.xpath: //button[text()='Submit']
12:57:28  INFO  manager.MyListener - The element with locator --->By.xpath: //button[text()='Submit']---> was found
12:57:30  INFO  manager.MyListener - Start find element --->By.xpath: //button[text()='Submit']
12:57:30  INFO  manager.MyListener - The element with locator --->By.xpath: //button[text()='Submit']---> was found
12:57:30  INFO  manager.MyListener - Start find element --->By.cssSelector: div.dialog-container
12:57:31  INFO  manager.MyListener - The element with locator --->By.cssSelector: div.dialog-container---> was found
12:57:32  INFO  manager.MyListener - Start find element --->By.cssSelector: div.dialog-container h1
12:57:32  INFO  manager.MyListener - The element with locator --->By.cssSelector: div.dialog-container h1---> was found
12:57:32  INFO  manager.MyListener - Start find element --->By.xpath: //button[text()='Search cars']
12:57:32  INFO  manager.MyListener - The element with locator --->By.xpath: //button[text()='Search cars']---> was found
12:57:32  INFO  manager.MyListener - Start find element --->By.xpath: //*[text()=' Logout ']
12:57:32  INFO  manager.MyListener - The element with locator --->By.xpath: //*[text()=' Logout ']---> was found
12:57:32  INFO  tests.TestBase - Name of test ---> addNewCarSuccessDataProvider
12:57:32  INFO  manager.MyListener - Start find element --->By.xpath: //*[text()=' Logout ']
12:57:37  INFO  manager.MyListener - The element with locator --->By.xpath: //*[text()=' Logout ']---> was found
12:57:37  INFO  manager.MyListener - Start find element --->By.xpath: //a[text()=' Log in ']
12:57:37  INFO  manager.MyListener - The element with locator --->By.xpath: //a[text()=' Log in ']---> was found
12:57:37  INFO  manager.MyListener - Start find element --->By.id: email
12:57:37  INFO  manager.MyListener - The element with locator --->By.id: email---> was found
12:57:37  INFO  manager.MyListener - Start find element --->By.id: password
12:57:37  INFO  manager.MyListener - The element with locator --->By.id: password---> was found
12:57:37  INFO  manager.MyListener - Start find element --->By.cssSelector: [type='submit']
12:57:37  INFO  manager.MyListener - The element with locator --->By.cssSelector: [type='submit']---> was found
12:57:37  INFO  manager.MyListener - Start find element --->By.xpath: //div[@class='dialog-container']
12:57:38  INFO  manager.MyListener - The element with locator --->By.xpath: //div[@class='dialog-container']---> was found
12:57:38  INFO  manager.MyListener - Start find element --->By.xpath: //button[text()='Ok']
12:57:38  INFO  manager.MyListener - The element with locator --->By.xpath: //button[text()='Ok']---> was found
12:57:41  INFO  tests.TestBase - Car was added for userUser{name='null', lastName='null', email='jack123@gmail.com', password='Js12345@'}
12:57:41  INFO  tests.TestBase - Car(address=Tel-Aviv, Israel, make=Hunday, model=Veloster, year=2021, engine=1,8, fuel=Petrol, gear=AT, w_d=AWD, doors=3, seats=4, car_class=S, fuelConsumption=3.0, carRegNumber=21-3452-47, price=130, distanceIncluded=250, features=type of, about=Ne bita ne krashena)car was added
12:57:41  INFO  manager.MyListener - Start find element --->By.cssSelector: [href='/let-car-work']
12:57:41  INFO  manager.MyListener - The element with locator --->By.cssSelector: [href='/let-car-work']---> was found
12:57:41  INFO  manager.MyListener - Start find element --->By.id: pickUpPlace
12:57:41  INFO  manager.MyListener - The element with locator --->By.id: pickUpPlace---> was found
12:57:41  INFO  manager.MyListener - Start find element --->By.cssSelector: .pac-item
12:57:42  INFO  manager.MyListener - The element with locator --->By.cssSelector: .pac-item---> was found
12:57:42  INFO  manager.MyListener - Start find element --->By.id: make
12:57:42  INFO  manager.MyListener - The element with locator --->By.id: make---> was found
12:57:42  INFO  manager.MyListener - Start find element --->By.id: model
12:57:42  INFO  manager.MyListener - The element with locator --->By.id: model---> was found
12:57:42  INFO  manager.MyListener - Start find element --->By.id: year
12:57:42  INFO  manager.MyListener - The element with locator --->By.id: year---> was found
12:57:43  INFO  manager.MyListener - Start find element --->By.cssSelector: #engine
12:57:43  INFO  manager.MyListener - The element with locator --->By.cssSelector: #engine---> was found
12:57:43  INFO  manager.MyListener - Start find element --->By.id: fuel
12:57:43  INFO  manager.MyListener - The element with locator --->By.id: fuel---> was found
12:57:43  INFO  manager.MyListener - Start find element --->By.xpath: .//option[@value = "Petrol"]
12:57:43  INFO  manager.MyListener - The element with locator --->By.xpath: .//option[@value = "Petrol"]---> was found
12:57:43  INFO  manager.MyListener - Start find element --->By.id: gear
12:57:43  INFO  manager.MyListener - The element with locator --->By.id: gear---> was found
12:57:43  INFO  manager.MyListener - Start find element --->By.xpath: .//option[@value = "AT"]
12:57:43  INFO  manager.MyListener - The element with locator --->By.xpath: .//option[@value = "AT"]---> was found
12:57:43  INFO  manager.MyListener - Start find element --->By.id: wheelsDrive
12:57:43  INFO  manager.MyListener - The element with locator --->By.id: wheelsDrive---> was found
12:57:43  INFO  manager.MyListener - Start find element --->By.xpath: .//option[@value = "AWD"]
12:57:43  INFO  manager.MyListener - The element with locator --->By.xpath: .//option[@value = "AWD"]---> was found
12:57:43  INFO  manager.MyListener - Start find element --->By.id: doors
12:57:43  INFO  manager.MyListener - The element with locator --->By.id: doors---> was found
12:57:43  INFO  manager.MyListener - Start find element --->By.id: seats
12:57:43  INFO  manager.MyListener - The element with locator --->By.id: seats---> was found
12:57:43  INFO  manager.MyListener - Start find element --->By.id: class
12:57:43  INFO  manager.MyListener - The element with locator --->By.id: class---> was found
12:57:43  INFO  manager.MyListener - Start find element --->By.id: fuelConsumption
12:57:43  INFO  manager.MyListener - The element with locator --->By.id: fuelConsumption---> was found
12:57:44  INFO  manager.MyListener - Start find element --->By.id: serialNumber
12:57:44  INFO  manager.MyListener - The element with locator --->By.id: serialNumber---> was found
12:57:44  INFO  manager.MyListener - Start find element --->By.id: price
12:57:44  INFO  manager.MyListener - The element with locator --->By.id: price---> was found
12:57:44  INFO  manager.MyListener - Start find element --->By.id: distance
12:57:44  INFO  manager.MyListener - The element with locator --->By.id: distance---> was found
12:57:44  INFO  manager.MyListener - Start find element --->By.cssSelector: .feature-input
12:57:44  INFO  manager.MyListener - The element with locator --->By.cssSelector: .feature-input---> was found
12:57:44  INFO  manager.MyListener - Start find element --->By.id: about
12:57:44  INFO  manager.MyListener - The element with locator --->By.id: about---> was found
12:57:44  INFO  manager.MyListener - Start find element --->By.id: photos
12:57:44  INFO  manager.MyListener - The element with locator --->By.id: photos---> was found
12:57:44  INFO  manager.MyListener - Start find element --->By.xpath: //button[text()='Submit']
12:57:44  INFO  manager.MyListener - The element with locator --->By.xpath: //button[text()='Submit']---> was found
12:57:46  INFO  manager.MyListener - Start find element --->By.xpath: //button[text()='Submit']
12:57:46  INFO  manager.MyListener - The element with locator --->By.xpath: //button[text()='Submit']---> was found
12:57:46  INFO  manager.MyListener - Start find element --->By.cssSelector: div.dialog-container
12:57:47  INFO  manager.MyListener - The element with locator --->By.cssSelector: div.dialog-container---> was found
12:57:47  INFO  manager.MyListener - Start find element --->By.cssSelector: div.dialog-container h1
12:57:47  INFO  manager.MyListener - The element with locator --->By.cssSelector: div.dialog-container h1---> was found
12:57:47  INFO  manager.MyListener - Start find element --->By.xpath: //button[text()='Search cars']
12:57:47  INFO  manager.MyListener - The element with locator --->By.xpath: //button[text()='Search cars']---> was found
12:57:47  INFO  manager.MyListener - Start find element --->By.xpath: //*[text()=' Logout ']
12:57:47  INFO  manager.MyListener - The element with locator --->By.xpath: //*[text()=' Logout ']---> was found
12:57:47  INFO  tests.TestBase - Name of test ---> addNewCarSuccessDataProvider
12:57:47  INFO  manager.MyListener - Start find element --->By.xpath: //*[text()=' Logout ']
12:57:52  INFO  manager.MyListener - The element with locator --->By.xpath: //*[text()=' Logout ']---> was found
12:57:52  INFO  manager.MyListener - Start find element --->By.xpath: //a[text()=' Log in ']
12:57:52  INFO  manager.MyListener - The element with locator --->By.xpath: //a[text()=' Log in ']---> was found
12:57:52  INFO  manager.MyListener - Start find element --->By.id: email
12:57:52  INFO  manager.MyListener - The element with locator --->By.id: email---> was found
12:57:52  INFO  manager.MyListener - Start find element --->By.id: password
12:57:52  INFO  manager.MyListener - The element with locator --->By.id: password---> was found
12:57:52  INFO  manager.MyListener - Start find element --->By.cssSelector: [type='submit']
12:57:52  INFO  manager.MyListener - The element with locator --->By.cssSelector: [type='submit']---> was found
12:57:53  INFO  manager.MyListener - Start find element --->By.xpath: //div[@class='dialog-container']
12:57:53  INFO  manager.MyListener - The element with locator --->By.xpath: //div[@class='dialog-container']---> was found
12:57:53  INFO  manager.MyListener - Start find element --->By.xpath: //button[text()='Ok']
12:57:53  INFO  manager.MyListener - The element with locator --->By.xpath: //button[text()='Ok']---> was found
12:57:56  INFO  tests.TestBase - Car was added for userUser{name='null', lastName='null', email='jack123@gmail.com', password='Js12345@'}
12:57:56  INFO  tests.TestBase - Car(address=Haifa, Israel, make=Mazda, model=3, year=2022, engine=1,8, fuel=Petrol, gear=AT, w_d=AWD, doors=4, seats=5, car_class=Lux, fuelConsumption=3.0, carRegNumber=22-3452-40, price=150, distanceIncluded=250, features=type of, about=Best car for you)car was added
12:57:56  INFO  manager.MyListener - Start find element --->By.cssSelector: [href='/let-car-work']
12:57:56  INFO  manager.MyListener - The element with locator --->By.cssSelector: [href='/let-car-work']---> was found
12:57:56  INFO  manager.MyListener - Start find element --->By.id: pickUpPlace
12:57:56  INFO  manager.MyListener - The element with locator --->By.id: pickUpPlace---> was found
12:57:56  INFO  manager.MyListener - Start find element --->By.cssSelector: .pac-item
12:57:57  INFO  manager.MyListener - The element with locator --->By.cssSelector: .pac-item---> was found
12:57:57  INFO  manager.MyListener - Start find element --->By.id: make
12:57:57  INFO  manager.MyListener - The element with locator --->By.id: make---> was found
12:57:57  INFO  manager.MyListener - Start find element --->By.id: model
12:57:57  INFO  manager.MyListener - The element with locator --->By.id: model---> was found
12:57:57  INFO  manager.MyListener - Start find element --->By.id: year
12:57:58  INFO  manager.MyListener - The element with locator --->By.id: year---> was found
12:57:58  INFO  manager.MyListener - Start find element --->By.cssSelector: #engine
12:57:58  INFO  manager.MyListener - The element with locator --->By.cssSelector: #engine---> was found
12:57:58  INFO  manager.MyListener - Start find element --->By.id: fuel
12:57:58  INFO  manager.MyListener - The element with locator --->By.id: fuel---> was found
12:57:58  INFO  manager.MyListener - Start find element --->By.xpath: .//option[@value = "Petrol"]
12:57:58  INFO  manager.MyListener - The element with locator --->By.xpath: .//option[@value = "Petrol"]---> was found
12:57:58  INFO  manager.MyListener - Start find element --->By.id: gear
12:57:58  INFO  manager.MyListener - The element with locator --->By.id: gear---> was found
12:57:58  INFO  manager.MyListener - Start find element --->By.xpath: .//option[@value = "AT"]
12:57:58  INFO  manager.MyListener - The element with locator --->By.xpath: .//option[@value = "AT"]---> was found
12:57:58  INFO  manager.MyListener - Start find element --->By.id: wheelsDrive
12:57:58  INFO  manager.MyListener - The element with locator --->By.id: wheelsDrive---> was found
12:57:58  INFO  manager.MyListener - Start find element --->By.xpath: .//option[@value = "AWD"]
12:57:58  INFO  manager.MyListener - The element with locator --->By.xpath: .//option[@value = "AWD"]---> was found
12:57:58  INFO  manager.MyListener - Start find element --->By.id: doors
12:57:58  INFO  manager.MyListener - The element with locator --->By.id: doors---> was found
12:57:58  INFO  manager.MyListener - Start find element --->By.id: seats
12:57:58  INFO  manager.MyListener - The element with locator --->By.id: seats---> was found
12:57:58  INFO  manager.MyListener - Start find element --->By.id: class
12:57:58  INFO  manager.MyListener - The element with locator --->By.id: class---> was found
12:57:59  INFO  manager.MyListener - Start find element --->By.id: fuelConsumption
12:57:59  INFO  manager.MyListener - The element with locator --->By.id: fuelConsumption---> was found
12:57:59  INFO  manager.MyListener - Start find element --->By.id: serialNumber
12:57:59  INFO  manager.MyListener - The element with locator --->By.id: serialNumber---> was found
12:57:59  INFO  manager.MyListener - Start find element --->By.id: price
12:57:59  INFO  manager.MyListener - The element with locator --->By.id: price---> was found
12:57:59  INFO  manager.MyListener - Start find element --->By.id: distance
12:57:59  INFO  manager.MyListener - The element with locator --->By.id: distance---> was found
12:57:59  INFO  manager.MyListener - Start find element --->By.cssSelector: .feature-input
12:57:59  INFO  manager.MyListener - The element with locator --->By.cssSelector: .feature-input---> was found
12:57:59  INFO  manager.MyListener - Start find element --->By.id: about
12:57:59  INFO  manager.MyListener - The element with locator --->By.id: about---> was found
12:57:59  INFO  manager.MyListener - Start find element --->By.id: photos
12:57:59  INFO  manager.MyListener - The element with locator --->By.id: photos---> was found
12:57:59  INFO  manager.MyListener - Start find element --->By.xpath: //button[text()='Submit']
12:57:59  INFO  manager.MyListener - The element with locator --->By.xpath: //button[text()='Submit']---> was found
12:58:01  INFO  manager.MyListener - Start find element --->By.xpath: //button[text()='Submit']
12:58:01  INFO  manager.MyListener - The element with locator --->By.xpath: //button[text()='Submit']---> was found
12:58:01  INFO  manager.MyListener - Start find element --->By.cssSelector: div.dialog-container
12:58:02  INFO  manager.MyListener - The element with locator --->By.cssSelector: div.dialog-container---> was found
12:58:02  INFO  manager.MyListener - Start find element --->By.cssSelector: div.dialog-container h1
12:58:02  INFO  manager.MyListener - The element with locator --->By.cssSelector: div.dialog-container h1---> was found
12:58:02  INFO  manager.MyListener - Start find element --->By.xpath: //button[text()='Search cars']
12:58:02  INFO  manager.MyListener - The element with locator --->By.xpath: //button[text()='Search cars']---> was found
12:58:02  INFO  manager.MyListener - Start find element --->By.xpath: //*[text()=' Logout ']
12:58:02  INFO  manager.MyListener - The element with locator --->By.xpath: //*[text()=' Logout ']---> was found
12:58:02  INFO  tests.TestBase - Name of test ---> addNewCarSuccessDataProvider
12:58:02  INFO  manager.MyListener - Start find element --->By.xpath: //*[text()=' Logout ']
12:58:07  INFO  manager.MyListener - The element with locator --->By.xpath: //*[text()=' Logout ']---> was found
12:58:07  INFO  manager.MyListener - Start find element --->By.xpath: //a[text()=' Log in ']
12:58:07  INFO  manager.MyListener - The element with locator --->By.xpath: //a[text()=' Log in ']---> was found
12:58:07  INFO  manager.MyListener - Start find element --->By.id: email
12:58:07  INFO  manager.MyListener - The element with locator --->By.id: email---> was found
12:58:07  INFO  manager.MyListener - Start find element --->By.id: password
12:58:07  INFO  manager.MyListener - The element with locator --->By.id: password---> was found
12:58:07  INFO  manager.MyListener - Start find element --->By.cssSelector: [type='submit']
12:58:07  INFO  manager.MyListener - The element with locator --->By.cssSelector: [type='submit']---> was found
12:58:07  INFO  manager.MyListener - Start find element --->By.xpath: //div[@class='dialog-container']
12:58:08  INFO  manager.MyListener - The element with locator --->By.xpath: //div[@class='dialog-container']---> was found
12:58:08  INFO  manager.MyListener - Start find element --->By.xpath: //button[text()='Ok']
12:58:08  INFO  manager.MyListener - The element with locator --->By.xpath: //button[text()='Ok']---> was found
12:58:11  INFO  tests.TestBase - Car was added for userUser{name='null', lastName='null', email='jack123@gmail.com', password='Js12345@'}
12:58:11  INFO  tests.TestBase - Car(address=Haifa, Israel, make=Mazda, model=3, year=2022, engine=1,8, fuel=Petrol, gear=AT, w_d=AWD, doors=4, seats=5, car_class=Lux, fuelConsumption=3.0, carRegNumber=23-3452-42, price=150, distanceIncluded=250, features=type of, about=Best car for you)car was added
12:58:11  INFO  manager.MyListener - Start find element --->By.cssSelector: [href='/let-car-work']
12:58:11  INFO  manager.MyListener - The element with locator --->By.cssSelector: [href='/let-car-work']---> was found
12:58:11  INFO  manager.MyListener - Start find element --->By.id: pickUpPlace
12:58:11  INFO  manager.MyListener - The element with locator --->By.id: pickUpPlace---> was found
12:58:11  INFO  manager.MyListener - Start find element --->By.cssSelector: .pac-item
12:58:12  INFO  manager.MyListener - The element with locator --->By.cssSelector: .pac-item---> was found
12:58:12  INFO  manager.MyListener - Start find element --->By.id: make
12:58:12  INFO  manager.MyListener - The element with locator --->By.id: make---> was found
12:58:12  INFO  manager.MyListener - Start find element --->By.id: model
12:58:12  INFO  manager.MyListener - The element with locator --->By.id: model---> was found
12:58:12  INFO  manager.MyListener - Start find element --->By.id: year
12:58:12  INFO  manager.MyListener - The element with locator --->By.id: year---> was found
12:58:13  INFO  manager.MyListener - Start find element --->By.cssSelector: #engine
12:58:13  INFO  manager.MyListener - The element with locator --->By.cssSelector: #engine---> was found
12:58:13  INFO  manager.MyListener - Start find element --->By.id: fuel
12:58:13  INFO  manager.MyListener - The element with locator --->By.id: fuel---> was found
12:58:13  INFO  manager.MyListener - Start find element --->By.xpath: .//option[@value = "Petrol"]
12:58:13  INFO  manager.MyListener - The element with locator --->By.xpath: .//option[@value = "Petrol"]---> was found
12:58:13  INFO  manager.MyListener - Start find element --->By.id: gear
12:58:13  INFO  manager.MyListener - The element with locator --->By.id: gear---> was found
12:58:13  INFO  manager.MyListener - Start find element --->By.xpath: .//option[@value = "AT"]
12:58:13  INFO  manager.MyListener - The element with locator --->By.xpath: .//option[@value = "AT"]---> was found
12:58:13  INFO  manager.MyListener - Start find element --->By.id: wheelsDrive
12:58:13  INFO  manager.MyListener - The element with locator --->By.id: wheelsDrive---> was found
12:58:13  INFO  manager.MyListener - Start find element --->By.xpath: .//option[@value = "AWD"]
12:58:13  INFO  manager.MyListener - The element with locator --->By.xpath: .//option[@value = "AWD"]---> was found
12:58:13  INFO  manager.MyListener - Start find element --->By.id: doors
12:58:13  INFO  manager.MyListener - The element with locator --->By.id: doors---> was found
12:58:13  INFO  manager.MyListener - Start find element --->By.id: seats
12:58:13  INFO  manager.MyListener - The element with locator --->By.id: seats---> was found
12:58:13  INFO  manager.MyListener - Start find element --->By.id: class
12:58:13  INFO  manager.MyListener - The element with locator --->By.id: class---> was found
12:58:13  INFO  manager.MyListener - Start find element --->By.id: fuelConsumption
12:58:13  INFO  manager.MyListener - The element with locator --->By.id: fuelConsumption---> was found
12:58:14  INFO  manager.MyListener - Start find element --->By.id: serialNumber
12:58:14  INFO  manager.MyListener - The element with locator --->By.id: serialNumber---> was found
12:58:14  INFO  manager.MyListener - Start find element --->By.id: price
12:58:14  INFO  manager.MyListener - The element with locator --->By.id: price---> was found
12:58:14  INFO  manager.MyListener - Start find element --->By.id: distance
12:58:14  INFO  manager.MyListener - The element with locator --->By.id: distance---> was found
12:58:14  INFO  manager.MyListener - Start find element --->By.cssSelector: .feature-input
12:58:14  INFO  manager.MyListener - The element with locator --->By.cssSelector: .feature-input---> was found
12:58:14  INFO  manager.MyListener - Start find element --->By.id: about
12:58:14  INFO  manager.MyListener - The element with locator --->By.id: about---> was found
12:58:14  INFO  manager.MyListener - Start find element --->By.id: photos
12:58:14  INFO  manager.MyListener - The element with locator --->By.id: photos---> was found
12:58:14  INFO  manager.MyListener - Start find element --->By.xpath: //button[text()='Submit']
12:58:14  INFO  manager.MyListener - The element with locator --->By.xpath: //button[text()='Submit']---> was found
12:58:15  INFO  manager.MyListener - Start find element --->By.xpath: //button[text()='Submit']
12:58:16  INFO  manager.MyListener - The element with locator --->By.xpath: //button[text()='Submit']---> was found
12:58:16  INFO  manager.MyListener - Start find element --->By.cssSelector: div.dialog-container
12:58:17  INFO  manager.MyListener - The element with locator --->By.cssSelector: div.dialog-container---> was found
12:58:17  INFO  manager.MyListener - Start find element --->By.cssSelector: div.dialog-container h1
12:58:17  INFO  manager.MyListener - The element with locator --->By.cssSelector: div.dialog-container h1---> was found
12:58:17  INFO  manager.MyListener - Start find element --->By.xpath: //button[text()='Search cars']
12:58:17  INFO  manager.MyListener - The element with locator --->By.xpath: //button[text()='Search cars']---> was found
12:58:17  INFO  manager.MyListener - Start find element --->By.xpath: //*[text()=' Logout ']
12:58:17  INFO  manager.MyListener - The element with locator --->By.xpath: //*[text()=' Logout ']---> was found
