15:08:19  INFO  manager.ApplicationManager - All tests starts in 'Chrom' browser
15:08:21  INFO  tests.TestBase - Name of test ---> addNewCarSuccess
15:08:21  INFO  manager.MyListener - Start find element --->By.xpath: //*[text()=' Logout ']
15:08:26  INFO  manager.MyListener - The element with locator --->By.xpath: //*[text()=' Logout ']---> was found
15:08:26  INFO  manager.MyListener - Start find element --->By.xpath: //a[text()=' Log in ']
15:08:26  INFO  manager.MyListener - The element with locator --->By.xpath: //a[text()=' Log in ']---> was found
15:08:26  INFO  manager.MyListener - Start find element --->By.id: email
15:08:26  INFO  manager.MyListener - The element with locator --->By.id: email---> was found
15:08:27  INFO  manager.MyListener - Start find element --->By.id: password
15:08:27  INFO  manager.MyListener - The element with locator --->By.id: password---> was found
15:08:27  INFO  manager.MyListener - Start find element --->By.cssSelector: [type='submit']
15:08:27  INFO  manager.MyListener - The element with locator --->By.cssSelector: [type='submit']---> was found
15:08:27  INFO  manager.MyListener - Start find element --->By.xpath: //div[@class='dialog-container']
15:08:28  INFO  manager.MyListener - The element with locator --->By.xpath: //div[@class='dialog-container']---> was found
15:08:28  INFO  manager.MyListener - Start find element --->By.xpath: //button[text()='Ok']
15:08:28  INFO  manager.MyListener - The element with locator --->By.xpath: //button[text()='Ok']---> was found
15:08:31  INFO  tests.TestBase - Car was added for userUser{name='null', lastName='null', email='jack123@gmail.com', password='Js12345@'}
15:08:31  INFO  tests.TestBase - Car(address=Tel-Aviv, Israel, make=Hunday, model=Veloster, year=2021, engine=1,8, fuel=Petrol, gear=AT, w_d=AWD, doors=3, seats=4, car_class=S, fuelConsumption=3.0, carRegNumber=32-876-511, price=130, distanceIncluded=250, features=type of, about=Ne bita ne krashena)car was added
15:08:31  INFO  manager.MyListener - Start find element --->By.cssSelector: [href='/let-car-work']
15:08:31  INFO  manager.MyListener - The element with locator --->By.cssSelector: [href='/let-car-work']---> was found
15:08:31  INFO  manager.MyListener - Start find element --->By.id: pickUpPlace
15:08:31  INFO  manager.MyListener - The element with locator --->By.id: pickUpPlace---> was found
15:08:31  INFO  manager.MyListener - Start find element --->By.cssSelector: .pac-item
15:08:31  INFO  manager.MyListener - The element with locator --->By.cssSelector: .pac-item---> was found
15:08:32  INFO  manager.MyListener - Start find element --->By.id: make
15:08:32  INFO  manager.MyListener - The element with locator --->By.id: make---> was found
15:08:32  INFO  manager.MyListener - Start find element --->By.id: model
15:08:32  INFO  manager.MyListener - The element with locator --->By.id: model---> was found
15:08:32  INFO  manager.MyListener - Start find element --->By.id: year
15:08:32  INFO  manager.MyListener - The element with locator --->By.id: year---> was found
15:08:32  INFO  manager.MyListener - Start find element --->By.cssSelector: #engine
15:08:32  INFO  manager.MyListener - The element with locator --->By.cssSelector: #engine---> was found
15:08:33  INFO  manager.MyListener - Start find element --->By.id: fuel
15:08:33  INFO  manager.MyListener - The element with locator --->By.id: fuel---> was found
15:08:33  INFO  manager.MyListener - Start find element --->By.xpath: .//option[@value = "Petrol"]
15:08:33  INFO  manager.MyListener - The element with locator --->By.xpath: .//option[@value = "Petrol"]---> was found
15:08:33  INFO  manager.MyListener - Start find element --->By.id: gear
15:08:33  INFO  manager.MyListener - The element with locator --->By.id: gear---> was found
15:08:33  INFO  manager.MyListener - Start find element --->By.xpath: .//option[@value = "AT"]
15:08:33  INFO  manager.MyListener - The element with locator --->By.xpath: .//option[@value = "AT"]---> was found
15:08:33  INFO  manager.MyListener - Start find element --->By.id: wheelsDrive
15:08:33  INFO  manager.MyListener - The element with locator --->By.id: wheelsDrive---> was found
15:08:33  INFO  manager.MyListener - Start find element --->By.xpath: .//option[@value = "AWD"]
15:08:33  INFO  manager.MyListener - The element with locator --->By.xpath: .//option[@value = "AWD"]---> was found
15:08:33  INFO  manager.MyListener - Start find element --->By.id: doors
15:08:33  INFO  manager.MyListener - The element with locator --->By.id: doors---> was found
15:08:33  INFO  manager.MyListener - Start find element --->By.id: seats
15:08:33  INFO  manager.MyListener - The element with locator --->By.id: seats---> was found
15:08:33  INFO  manager.MyListener - Start find element --->By.id: class
15:08:33  INFO  manager.MyListener - The element with locator --->By.id: class---> was found
15:08:33  INFO  manager.MyListener - Start find element --->By.id: fuelConsumption
15:08:33  INFO  manager.MyListener - The element with locator --->By.id: fuelConsumption---> was found
15:08:33  INFO  manager.MyListener - Start find element --->By.id: serialNumber
15:08:33  INFO  manager.MyListener - The element with locator --->By.id: serialNumber---> was found
15:08:34  INFO  manager.MyListener - Start find element --->By.id: price
15:08:34  INFO  manager.MyListener - The element with locator --->By.id: price---> was found
15:08:34  INFO  manager.MyListener - Start find element --->By.id: distance
15:08:34  INFO  manager.MyListener - The element with locator --->By.id: distance---> was found
15:08:34  INFO  manager.MyListener - Start find element --->By.cssSelector: .feature-input
15:08:34  INFO  manager.MyListener - The element with locator --->By.cssSelector: .feature-input---> was found
15:08:34  INFO  manager.MyListener - Start find element --->By.id: about
15:08:34  INFO  manager.MyListener - The element with locator --->By.id: about---> was found
15:08:34  INFO  manager.MyListener - Start find element --->By.id: photos
15:08:34  INFO  manager.MyListener - The element with locator --->By.id: photos---> was found
15:08:34  INFO  manager.MyListener - Start find element --->By.xpath: //button[text()='Submit']
15:08:34  INFO  manager.MyListener - The element with locator --->By.xpath: //button[text()='Submit']---> was found
15:08:36  INFO  manager.MyListener - Start find element --->By.xpath: //button[text()='Submit']
15:08:36  INFO  manager.MyListener - The element with locator --->By.xpath: //button[text()='Submit']---> was found
15:08:36  INFO  manager.MyListener - Start find element --->By.cssSelector: div.dialog-container
15:08:37  INFO  manager.MyListener - The element with locator --->By.cssSelector: div.dialog-container---> was found
15:08:37  INFO  manager.MyListener - Start find element --->By.cssSelector: div.dialog-container h1
15:08:37  INFO  manager.MyListener - The element with locator --->By.cssSelector: div.dialog-container h1---> was found
15:08:37  INFO  manager.MyListener - Start find element --->By.xpath: //button[text()='Search cars']
15:08:37  INFO  manager.MyListener - The element with locator --->By.xpath: //button[text()='Search cars']---> was found
15:08:37  INFO  manager.MyListener - Start find element --->By.xpath: //*[text()=' Logout ']
15:08:37  INFO  manager.MyListener - The element with locator --->By.xpath: //*[text()=' Logout ']---> was found
15:08:38  INFO  tests.TestBase - Name of test ---> addNewCarSuccessDataProvider
15:08:38  INFO  manager.MyListener - Start find element --->By.xpath: //*[text()=' Logout ']
15:08:43  INFO  manager.MyListener - The element with locator --->By.xpath: //*[text()=' Logout ']---> was found
15:08:43  INFO  manager.MyListener - Start find element --->By.xpath: //a[text()=' Log in ']
15:08:43  INFO  manager.MyListener - The element with locator --->By.xpath: //a[text()=' Log in ']---> was found
15:08:43  INFO  manager.MyListener - Start find element --->By.id: email
15:08:43  INFO  manager.MyListener - The element with locator --->By.id: email---> was found
15:08:43  INFO  manager.MyListener - Start find element --->By.id: password
15:08:43  INFO  manager.MyListener - The element with locator --->By.id: password---> was found
15:08:43  INFO  manager.MyListener - Start find element --->By.cssSelector: [type='submit']
15:08:43  INFO  manager.MyListener - The element with locator --->By.cssSelector: [type='submit']---> was found
15:08:43  INFO  manager.MyListener - Start find element --->By.xpath: //div[@class='dialog-container']
15:08:44  INFO  manager.MyListener - The element with locator --->By.xpath: //div[@class='dialog-container']---> was found
15:08:44  INFO  manager.MyListener - Start find element --->By.xpath: //button[text()='Ok']
15:08:44  INFO  manager.MyListener - The element with locator --->By.xpath: //button[text()='Ok']---> was found
15:08:47  INFO  tests.TestBase - Car was added for userUser{name='null', lastName='null', email='jack123@gmail.com', password='Js12345@'}
15:08:47  INFO  tests.TestBase - Car(address=Tel-Aviv, Israel, make=Hunday, model=Veloster, year=2021, engine=1,8, fuel=Petrol, gear=AT, w_d=AWD, doors=3, seats=4, car_class=S, fuelConsumption=3.0, carRegNumber=21-876-47, price=130, distanceIncluded=250, features=type of, about=Ne bita ne krashena)car was added
15:08:47  INFO  manager.MyListener - Start find element --->By.cssSelector: [href='/let-car-work']
15:08:47  INFO  manager.MyListener - The element with locator --->By.cssSelector: [href='/let-car-work']---> was found
15:08:47  INFO  manager.MyListener - Start find element --->By.id: pickUpPlace
15:08:47  INFO  manager.MyListener - The element with locator --->By.id: pickUpPlace---> was found
15:08:47  INFO  manager.MyListener - Start find element --->By.cssSelector: .pac-item
15:08:47  INFO  manager.MyListener - The element with locator --->By.cssSelector: .pac-item---> was found
15:08:48  INFO  manager.MyListener - Start find element --->By.id: make
15:08:48  INFO  manager.MyListener - The element with locator --->By.id: make---> was found
15:08:48  INFO  manager.MyListener - Start find element --->By.id: model
15:08:48  INFO  manager.MyListener - The element with locator --->By.id: model---> was found
15:08:48  INFO  manager.MyListener - Start find element --->By.id: year
15:08:48  INFO  manager.MyListener - The element with locator --->By.id: year---> was found
15:08:48  INFO  manager.MyListener - Start find element --->By.cssSelector: #engine
15:08:48  INFO  manager.MyListener - The element with locator --->By.cssSelector: #engine---> was found
15:08:49  INFO  manager.MyListener - Start find element --->By.id: fuel
15:08:49  INFO  manager.MyListener - The element with locator --->By.id: fuel---> was found
15:08:49  INFO  manager.MyListener - Start find element --->By.xpath: .//option[@value = "Petrol"]
15:08:49  INFO  manager.MyListener - The element with locator --->By.xpath: .//option[@value = "Petrol"]---> was found
15:08:49  INFO  manager.MyListener - Start find element --->By.id: gear
15:08:49  INFO  manager.MyListener - The element with locator --->By.id: gear---> was found
15:08:49  INFO  manager.MyListener - Start find element --->By.xpath: .//option[@value = "AT"]
15:08:49  INFO  manager.MyListener - The element with locator --->By.xpath: .//option[@value = "AT"]---> was found
15:08:49  INFO  manager.MyListener - Start find element --->By.id: wheelsDrive
15:08:49  INFO  manager.MyListener - The element with locator --->By.id: wheelsDrive---> was found
15:08:49  INFO  manager.MyListener - Start find element --->By.xpath: .//option[@value = "AWD"]
15:08:49  INFO  manager.MyListener - The element with locator --->By.xpath: .//option[@value = "AWD"]---> was found
15:08:49  INFO  manager.MyListener - Start find element --->By.id: doors
15:08:49  INFO  manager.MyListener - The element with locator --->By.id: doors---> was found
15:08:49  INFO  manager.MyListener - Start find element --->By.id: seats
15:08:49  INFO  manager.MyListener - The element with locator --->By.id: seats---> was found
15:08:49  INFO  manager.MyListener - Start find element --->By.id: class
15:08:49  INFO  manager.MyListener - The element with locator --->By.id: class---> was found
15:08:49  INFO  manager.MyListener - Start find element --->By.id: fuelConsumption
15:08:49  INFO  manager.MyListener - The element with locator --->By.id: fuelConsumption---> was found
15:08:49  INFO  manager.MyListener - Start find element --->By.id: serialNumber
15:08:49  INFO  manager.MyListener - The element with locator --->By.id: serialNumber---> was found
15:08:50  INFO  manager.MyListener - Start find element --->By.id: price
15:08:50  INFO  manager.MyListener - The element with locator --->By.id: price---> was found
15:08:50  INFO  manager.MyListener - Start find element --->By.id: distance
15:08:50  INFO  manager.MyListener - The element with locator --->By.id: distance---> was found
15:08:50  INFO  manager.MyListener - Start find element --->By.cssSelector: .feature-input
15:08:50  INFO  manager.MyListener - The element with locator --->By.cssSelector: .feature-input---> was found
15:08:50  INFO  manager.MyListener - Start find element --->By.id: about
15:08:50  INFO  manager.MyListener - The element with locator --->By.id: about---> was found
15:08:50  INFO  manager.MyListener - Start find element --->By.id: photos
15:08:50  INFO  manager.MyListener - The element with locator --->By.id: photos---> was found
15:08:50  INFO  manager.MyListener - Start find element --->By.xpath: //button[text()='Submit']
15:08:50  INFO  manager.MyListener - The element with locator --->By.xpath: //button[text()='Submit']---> was found
15:08:52  INFO  manager.MyListener - Start find element --->By.xpath: //button[text()='Submit']
15:08:52  INFO  manager.MyListener - The element with locator --->By.xpath: //button[text()='Submit']---> was found
15:08:52  INFO  manager.MyListener - Start find element --->By.cssSelector: div.dialog-container
15:08:53  INFO  manager.MyListener - The element with locator --->By.cssSelector: div.dialog-container---> was found
15:08:53  INFO  manager.MyListener - Start find element --->By.cssSelector: div.dialog-container h1
15:08:53  INFO  manager.MyListener - The element with locator --->By.cssSelector: div.dialog-container h1---> was found
15:08:53  INFO  manager.MyListener - Start find element --->By.xpath: //button[text()='Search cars']
15:08:53  INFO  manager.MyListener - The element with locator --->By.xpath: //button[text()='Search cars']---> was found
15:08:53  INFO  manager.MyListener - Start find element --->By.xpath: //*[text()=' Logout ']
15:08:53  INFO  manager.MyListener - The element with locator --->By.xpath: //*[text()=' Logout ']---> was found
15:08:53  INFO  tests.TestBase - Name of test ---> addNewCarSuccessDataProvider
15:08:53  INFO  manager.MyListener - Start find element --->By.xpath: //*[text()=' Logout ']
15:08:58  INFO  manager.MyListener - The element with locator --->By.xpath: //*[text()=' Logout ']---> was found
15:08:58  INFO  manager.MyListener - Start find element --->By.xpath: //a[text()=' Log in ']
15:08:58  INFO  manager.MyListener - The element with locator --->By.xpath: //a[text()=' Log in ']---> was found
15:08:58  INFO  manager.MyListener - Start find element --->By.id: email
15:08:58  INFO  manager.MyListener - The element with locator --->By.id: email---> was found
15:08:58  INFO  manager.MyListener - Start find element --->By.id: password
15:08:58  INFO  manager.MyListener - The element with locator --->By.id: password---> was found
15:08:59  INFO  manager.MyListener - Start find element --->By.cssSelector: [type='submit']
15:08:59  INFO  manager.MyListener - The element with locator --->By.cssSelector: [type='submit']---> was found
15:08:59  INFO  manager.MyListener - Start find element --->By.xpath: //div[@class='dialog-container']
15:08:59  INFO  manager.MyListener - The element with locator --->By.xpath: //div[@class='dialog-container']---> was found
15:08:59  INFO  manager.MyListener - Start find element --->By.xpath: //button[text()='Ok']
15:08:59  INFO  manager.MyListener - The element with locator --->By.xpath: //button[text()='Ok']---> was found
15:09:02  INFO  tests.TestBase - Car was added for userUser{name='null', lastName='null', email='jack123@gmail.com', password='Js12345@'}
15:09:02  INFO  tests.TestBase - Car(address=Haifa, Israel, make=Mazda, model=3, year=2022, engine=1,8, fuel=Petrol, gear=AT, w_d=AWD, doors=4, seats=5, car_class=Lux, fuelConsumption=3.0, carRegNumber=22-876-40, price=150, distanceIncluded=250, features=type of, about=Best car for you)car was added
15:09:02  INFO  manager.MyListener - Start find element --->By.cssSelector: [href='/let-car-work']
15:09:02  INFO  manager.MyListener - The element with locator --->By.cssSelector: [href='/let-car-work']---> was found
15:09:02  INFO  manager.MyListener - Start find element --->By.id: pickUpPlace
15:09:02  INFO  manager.MyListener - The element with locator --->By.id: pickUpPlace---> was found
15:09:03  INFO  manager.MyListener - Start find element --->By.cssSelector: .pac-item
15:09:03  INFO  manager.MyListener - The element with locator --->By.cssSelector: .pac-item---> was found
15:09:03  INFO  manager.MyListener - Start find element --->By.id: make
15:09:03  INFO  manager.MyListener - The element with locator --->By.id: make---> was found
15:09:03  INFO  manager.MyListener - Start find element --->By.id: model
15:09:04  INFO  manager.MyListener - The element with locator --->By.id: model---> was found
15:09:04  INFO  manager.MyListener - Start find element --->By.id: year
15:09:04  INFO  manager.MyListener - The element with locator --->By.id: year---> was found
15:09:04  INFO  manager.MyListener - Start find element --->By.cssSelector: #engine
15:09:04  INFO  manager.MyListener - The element with locator --->By.cssSelector: #engine---> was found
15:09:04  INFO  manager.MyListener - Start find element --->By.id: fuel
15:09:04  INFO  manager.MyListener - The element with locator --->By.id: fuel---> was found
15:09:04  INFO  manager.MyListener - Start find element --->By.xpath: .//option[@value = "Petrol"]
15:09:04  INFO  manager.MyListener - The element with locator --->By.xpath: .//option[@value = "Petrol"]---> was found
15:09:04  INFO  manager.MyListener - Start find element --->By.id: gear
15:09:04  INFO  manager.MyListener - The element with locator --->By.id: gear---> was found
15:09:04  INFO  manager.MyListener - Start find element --->By.xpath: .//option[@value = "AT"]
15:09:04  INFO  manager.MyListener - The element with locator --->By.xpath: .//option[@value = "AT"]---> was found
15:09:04  INFO  manager.MyListener - Start find element --->By.id: wheelsDrive
15:09:04  INFO  manager.MyListener - The element with locator --->By.id: wheelsDrive---> was found
15:09:04  INFO  manager.MyListener - Start find element --->By.xpath: .//option[@value = "AWD"]
15:09:04  INFO  manager.MyListener - The element with locator --->By.xpath: .//option[@value = "AWD"]---> was found
15:09:04  INFO  manager.MyListener - Start find element --->By.id: doors
15:09:04  INFO  manager.MyListener - The element with locator --->By.id: doors---> was found
15:09:04  INFO  manager.MyListener - Start find element --->By.id: seats
15:09:04  INFO  manager.MyListener - The element with locator --->By.id: seats---> was found
15:09:04  INFO  manager.MyListener - Start find element --->By.id: class
15:09:05  INFO  manager.MyListener - The element with locator --->By.id: class---> was found
15:09:05  INFO  manager.MyListener - Start find element --->By.id: fuelConsumption
15:09:05  INFO  manager.MyListener - The element with locator --->By.id: fuelConsumption---> was found
15:09:05  INFO  manager.MyListener - Start find element --->By.id: serialNumber
15:09:05  INFO  manager.MyListener - The element with locator --->By.id: serialNumber---> was found
15:09:05  INFO  manager.MyListener - Start find element --->By.id: price
15:09:05  INFO  manager.MyListener - The element with locator --->By.id: price---> was found
15:09:05  INFO  manager.MyListener - Start find element --->By.id: distance
15:09:05  INFO  manager.MyListener - The element with locator --->By.id: distance---> was found
15:09:05  INFO  manager.MyListener - Start find element --->By.cssSelector: .feature-input
15:09:05  INFO  manager.MyListener - The element with locator --->By.cssSelector: .feature-input---> was found
15:09:05  INFO  manager.MyListener - Start find element --->By.id: about
15:09:05  INFO  manager.MyListener - The element with locator --->By.id: about---> was found
15:09:05  INFO  manager.MyListener - Start find element --->By.id: photos
15:09:05  INFO  manager.MyListener - The element with locator --->By.id: photos---> was found
15:09:05  INFO  manager.MyListener - Start find element --->By.xpath: //button[text()='Submit']
15:09:05  INFO  manager.MyListener - The element with locator --->By.xpath: //button[text()='Submit']---> was found
15:09:08  INFO  manager.MyListener - Start find element --->By.xpath: //button[text()='Submit']
15:09:08  INFO  manager.MyListener - The element with locator --->By.xpath: //button[text()='Submit']---> was found
15:09:08  INFO  manager.MyListener - Start find element --->By.cssSelector: div.dialog-container
15:09:10  INFO  manager.MyListener - The element with locator --->By.cssSelector: div.dialog-container---> was found
15:09:10  INFO  manager.MyListener - Start find element --->By.cssSelector: div.dialog-container h1
15:09:10  INFO  manager.MyListener - The element with locator --->By.cssSelector: div.dialog-container h1---> was found
15:09:10  INFO  manager.MyListener - Start find element --->By.xpath: //button[text()='Search cars']
15:09:10  INFO  manager.MyListener - The element with locator --->By.xpath: //button[text()='Search cars']---> was found
15:09:10  INFO  manager.MyListener - Start find element --->By.xpath: //*[text()=' Logout ']
15:09:10  INFO  manager.MyListener - The element with locator --->By.xpath: //*[text()=' Logout ']---> was found
15:09:10  INFO  tests.TestBase - Name of test ---> addNewCarSuccessDataProvider
15:09:10  INFO  manager.MyListener - Start find element --->By.xpath: //*[text()=' Logout ']
15:09:15  INFO  manager.MyListener - The element with locator --->By.xpath: //*[text()=' Logout ']---> was found
15:09:15  INFO  manager.MyListener - Start find element --->By.xpath: //a[text()=' Log in ']
15:09:15  INFO  manager.MyListener - The element with locator --->By.xpath: //a[text()=' Log in ']---> was found
15:09:15  INFO  manager.MyListener - Start find element --->By.id: email
15:09:15  INFO  manager.MyListener - The element with locator --->By.id: email---> was found
15:09:15  INFO  manager.MyListener - Start find element --->By.id: password
15:09:15  INFO  manager.MyListener - The element with locator --->By.id: password---> was found
15:09:15  INFO  manager.MyListener - Start find element --->By.cssSelector: [type='submit']
15:09:15  INFO  manager.MyListener - The element with locator --->By.cssSelector: [type='submit']---> was found
15:09:15  INFO  manager.MyListener - Start find element --->By.xpath: //div[@class='dialog-container']
15:09:16  INFO  manager.MyListener - The element with locator --->By.xpath: //div[@class='dialog-container']---> was found
15:09:16  INFO  manager.MyListener - Start find element --->By.xpath: //button[text()='Ok']
15:09:16  INFO  manager.MyListener - The element with locator --->By.xpath: //button[text()='Ok']---> was found
15:09:19  INFO  tests.TestBase - Car was added for userUser{name='null', lastName='null', email='jack123@gmail.com', password='Js12345@'}
15:09:19  INFO  tests.TestBase - Car(address=Haifa, Israel, make=Mazda, model=3, year=2022, engine=1,8, fuel=Petrol, gear=AT, w_d=AWD, doors=4, seats=5, car_class=Lux, fuelConsumption=3.0, carRegNumber=23-876-42, price=150, distanceIncluded=250, features=type of, about=Best car for you)car was added
15:09:19  INFO  manager.MyListener - Start find element --->By.cssSelector: [href='/let-car-work']
15:09:19  INFO  manager.MyListener - The element with locator --->By.cssSelector: [href='/let-car-work']---> was found
15:09:19  INFO  manager.MyListener - Start find element --->By.id: pickUpPlace
15:09:19  INFO  manager.MyListener - The element with locator --->By.id: pickUpPlace---> was found
15:09:19  INFO  manager.MyListener - Start find element --->By.cssSelector: .pac-item
15:09:20  INFO  manager.MyListener - The element with locator --->By.cssSelector: .pac-item---> was found
15:09:20  INFO  manager.MyListener - Start find element --->By.id: make
15:09:20  INFO  manager.MyListener - The element with locator --->By.id: make---> was found
15:09:20  INFO  manager.MyListener - Start find element --->By.id: model
15:09:20  INFO  manager.MyListener - The element with locator --->By.id: model---> was found
15:09:20  INFO  manager.MyListener - Start find element --->By.id: year
15:09:20  INFO  manager.MyListener - The element with locator --->By.id: year---> was found
15:09:21  INFO  manager.MyListener - Start find element --->By.cssSelector: #engine
15:09:21  INFO  manager.MyListener - The element with locator --->By.cssSelector: #engine---> was found
15:09:21  INFO  manager.MyListener - Start find element --->By.id: fuel
15:09:21  INFO  manager.MyListener - The element with locator --->By.id: fuel---> was found
15:09:21  INFO  manager.MyListener - Start find element --->By.xpath: .//option[@value = "Petrol"]
15:09:21  INFO  manager.MyListener - The element with locator --->By.xpath: .//option[@value = "Petrol"]---> was found
15:09:21  INFO  manager.MyListener - Start find element --->By.id: gear
15:09:21  INFO  manager.MyListener - The element with locator --->By.id: gear---> was found
15:09:21  INFO  manager.MyListener - Start find element --->By.xpath: .//option[@value = "AT"]
15:09:21  INFO  manager.MyListener - The element with locator --->By.xpath: .//option[@value = "AT"]---> was found
15:09:21  INFO  manager.MyListener - Start find element --->By.id: wheelsDrive
15:09:21  INFO  manager.MyListener - The element with locator --->By.id: wheelsDrive---> was found
15:09:21  INFO  manager.MyListener - Start find element --->By.xpath: .//option[@value = "AWD"]
15:09:21  INFO  manager.MyListener - The element with locator --->By.xpath: .//option[@value = "AWD"]---> was found
15:09:21  INFO  manager.MyListener - Start find element --->By.id: doors
15:09:21  INFO  manager.MyListener - The element with locator --->By.id: doors---> was found
15:09:21  INFO  manager.MyListener - Start find element --->By.id: seats
15:09:21  INFO  manager.MyListener - The element with locator --->By.id: seats---> was found
15:09:21  INFO  manager.MyListener - Start find element --->By.id: class
15:09:21  INFO  manager.MyListener - The element with locator --->By.id: class---> was found
15:09:21  INFO  manager.MyListener - Start find element --->By.id: fuelConsumption
15:09:21  INFO  manager.MyListener - The element with locator --->By.id: fuelConsumption---> was found
15:09:22  INFO  manager.MyListener - Start find element --->By.id: serialNumber
15:09:22  INFO  manager.MyListener - The element with locator --->By.id: serialNumber---> was found
15:09:22  INFO  manager.MyListener - Start find element --->By.id: price
15:09:22  INFO  manager.MyListener - The element with locator --->By.id: price---> was found
15:09:22  INFO  manager.MyListener - Start find element --->By.id: distance
15:09:22  INFO  manager.MyListener - The element with locator --->By.id: distance---> was found
15:09:22  INFO  manager.MyListener - Start find element --->By.cssSelector: .feature-input
15:09:22  INFO  manager.MyListener - The element with locator --->By.cssSelector: .feature-input---> was found
15:09:22  INFO  manager.MyListener - Start find element --->By.id: about
15:09:22  INFO  manager.MyListener - The element with locator --->By.id: about---> was found
15:09:22  INFO  manager.MyListener - Start find element --->By.id: photos
15:09:22  INFO  manager.MyListener - The element with locator --->By.id: photos---> was found
15:09:22  INFO  manager.MyListener - Start find element --->By.xpath: //button[text()='Submit']
15:09:22  INFO  manager.MyListener - The element with locator --->By.xpath: //button[text()='Submit']---> was found
15:09:24  INFO  manager.MyListener - Start find element --->By.xpath: //button[text()='Submit']
15:09:24  INFO  manager.MyListener - The element with locator --->By.xpath: //button[text()='Submit']---> was found
15:09:24  INFO  manager.MyListener - Start find element --->By.cssSelector: div.dialog-container
15:09:25  INFO  manager.MyListener - The element with locator --->By.cssSelector: div.dialog-container---> was found
15:09:25  INFO  manager.MyListener - Start find element --->By.cssSelector: div.dialog-container h1
15:09:25  INFO  manager.MyListener - The element with locator --->By.cssSelector: div.dialog-container h1---> was found
15:09:25  INFO  manager.MyListener - Start find element --->By.xpath: //button[text()='Search cars']
15:09:25  INFO  manager.MyListener - The element with locator --->By.xpath: //button[text()='Search cars']---> was found
15:09:25  INFO  manager.MyListener - Start find element --->By.xpath: //*[text()=' Logout ']
15:09:25  INFO  manager.MyListener - The element with locator --->By.xpath: //*[text()=' Logout ']---> was found
15:09:25  INFO  tests.TestBase - Name of test ---> addNewCarSuccessReadFromFile
15:09:25  INFO  manager.MyListener - Start find element --->By.xpath: //*[text()=' Logout ']
15:09:30  INFO  manager.MyListener - The element with locator --->By.xpath: //*[text()=' Logout ']---> was found
15:09:30  INFO  manager.MyListener - Start find element --->By.xpath: //a[text()=' Log in ']
15:09:30  INFO  manager.MyListener - The element with locator --->By.xpath: //a[text()=' Log in ']---> was found
15:09:30  INFO  manager.MyListener - Start find element --->By.id: email
15:09:30  INFO  manager.MyListener - The element with locator --->By.id: email---> was found
15:09:31  INFO  manager.MyListener - Start find element --->By.id: password
15:09:31  INFO  manager.MyListener - The element with locator --->By.id: password---> was found
15:09:31  INFO  manager.MyListener - Start find element --->By.cssSelector: [type='submit']
15:09:31  INFO  manager.MyListener - The element with locator --->By.cssSelector: [type='submit']---> was found
15:09:31  INFO  manager.MyListener - Start find element --->By.xpath: //div[@class='dialog-container']
15:09:31  INFO  manager.MyListener - The element with locator --->By.xpath: //div[@class='dialog-container']---> was found
15:09:31  INFO  manager.MyListener - Start find element --->By.xpath: //button[text()='Ok']
15:09:31  INFO  manager.MyListener - The element with locator --->By.xpath: //button[text()='Ok']---> was found
15:09:34  INFO  tests.TestBase - Car was added for userUser{name='null', lastName='null', email='jack123@gmail.com', password='Js12345@'}
15:09:34  INFO  tests.TestBase - Car(address=Eliahu Tel-Aviv, make=Opel, model=Corsa, year=2013, engine=1.4, fuel=Petrol, gear=AT, w_d=AWD, doors=2, seats=4, car_class=s, fuelConsumption=2.0, carRegNumber=98-212-41, price=100, distanceIncluded=250, features=Scratch on right door, about=Ne bita ne krashena)car was added
15:09:34  INFO  manager.MyListener - Start find element --->By.cssSelector: [href='/let-car-work']
15:09:34  INFO  manager.MyListener - The element with locator --->By.cssSelector: [href='/let-car-work']---> was found
15:09:34  INFO  manager.MyListener - Start find element --->By.id: pickUpPlace
15:09:34  INFO  manager.MyListener - The element with locator --->By.id: pickUpPlace---> was found
15:09:35  INFO  manager.MyListener - Start find element --->By.cssSelector: .pac-item
15:09:35  INFO  manager.MyListener - The element with locator --->By.cssSelector: .pac-item---> was found
15:09:35  INFO  manager.MyListener - Start find element --->By.id: make
15:09:35  INFO  manager.MyListener - The element with locator --->By.id: make---> was found
15:09:35  INFO  manager.MyListener - Start find element --->By.id: model
15:09:36  INFO  manager.MyListener - The element with locator --->By.id: model---> was found
15:09:36  INFO  manager.MyListener - Start find element --->By.id: year
15:09:36  INFO  manager.MyListener - The element with locator --->By.id: year---> was found
15:09:36  INFO  manager.MyListener - Start find element --->By.cssSelector: #engine
15:09:36  INFO  manager.MyListener - The element with locator --->By.cssSelector: #engine---> was found
15:09:36  INFO  manager.MyListener - Start find element --->By.id: fuel
15:09:36  INFO  manager.MyListener - The element with locator --->By.id: fuel---> was found
15:09:36  INFO  manager.MyListener - Start find element --->By.xpath: .//option[@value = "Petrol"]
15:09:36  INFO  manager.MyListener - The element with locator --->By.xpath: .//option[@value = "Petrol"]---> was found
15:09:36  INFO  manager.MyListener - Start find element --->By.id: gear
15:09:36  INFO  manager.MyListener - The element with locator --->By.id: gear---> was found
15:09:36  INFO  manager.MyListener - Start find element --->By.xpath: .//option[@value = "AT"]
15:09:36  INFO  manager.MyListener - The element with locator --->By.xpath: .//option[@value = "AT"]---> was found
15:09:36  INFO  manager.MyListener - Start find element --->By.id: wheelsDrive
15:09:36  INFO  manager.MyListener - The element with locator --->By.id: wheelsDrive---> was found
15:09:36  INFO  manager.MyListener - Start find element --->By.xpath: .//option[@value = "AWD"]
15:09:36  INFO  manager.MyListener - The element with locator --->By.xpath: .//option[@value = "AWD"]---> was found
15:09:36  INFO  manager.MyListener - Start find element --->By.id: doors
15:09:36  INFO  manager.MyListener - The element with locator --->By.id: doors---> was found
15:09:36  INFO  manager.MyListener - Start find element --->By.id: seats
15:09:36  INFO  manager.MyListener - The element with locator --->By.id: seats---> was found
15:09:36  INFO  manager.MyListener - Start find element --->By.id: class
15:09:37  INFO  manager.MyListener - The element with locator --->By.id: class---> was found
15:09:37  INFO  manager.MyListener - Start find element --->By.id: fuelConsumption
15:09:37  INFO  manager.MyListener - The element with locator --->By.id: fuelConsumption---> was found
15:09:37  INFO  manager.MyListener - Start find element --->By.id: serialNumber
15:09:37  INFO  manager.MyListener - The element with locator --->By.id: serialNumber---> was found
15:09:37  INFO  manager.MyListener - Start find element --->By.id: price
15:09:37  INFO  manager.MyListener - The element with locator --->By.id: price---> was found
15:09:37  INFO  manager.MyListener - Start find element --->By.id: distance
15:09:37  INFO  manager.MyListener - The element with locator --->By.id: distance---> was found
15:09:37  INFO  manager.MyListener - Start find element --->By.cssSelector: .feature-input
15:09:37  INFO  manager.MyListener - The element with locator --->By.cssSelector: .feature-input---> was found
15:09:37  INFO  manager.MyListener - Start find element --->By.id: about
15:09:37  INFO  manager.MyListener - The element with locator --->By.id: about---> was found
15:09:37  INFO  manager.MyListener - Start find element --->By.id: photos
15:09:37  INFO  manager.MyListener - The element with locator --->By.id: photos---> was found
15:09:38  INFO  manager.MyListener - Start find element --->By.xpath: //button[text()='Submit']
15:09:38  INFO  manager.MyListener - The element with locator --->By.xpath: //button[text()='Submit']---> was found
15:09:39  INFO  manager.MyListener - Start find element --->By.xpath: //button[text()='Submit']
15:09:39  INFO  manager.MyListener - The element with locator --->By.xpath: //button[text()='Submit']---> was found
15:09:39  INFO  manager.MyListener - Start find element --->By.cssSelector: div.dialog-container
15:09:41  INFO  manager.MyListener - The element with locator --->By.cssSelector: div.dialog-container---> was found
15:09:41  INFO  manager.MyListener - Start find element --->By.cssSelector: div.dialog-container h1
15:09:41  INFO  manager.MyListener - The element with locator --->By.cssSelector: div.dialog-container h1---> was found
15:09:41  INFO  manager.MyListener - Start find element --->By.xpath: //button[text()='Search cars']
15:09:41  INFO  manager.MyListener - The element with locator --->By.xpath: //button[text()='Search cars']---> was found
15:09:41  INFO  manager.MyListener - Start find element --->By.xpath: //*[text()=' Logout ']
15:09:41  INFO  manager.MyListener - The element with locator --->By.xpath: //*[text()=' Logout ']---> was found
15:09:41  INFO  tests.TestBase - Name of test ---> addNewCarSuccessReadFromFile
15:09:41  INFO  manager.MyListener - Start find element --->By.xpath: //*[text()=' Logout ']
15:09:46  INFO  manager.MyListener - The element with locator --->By.xpath: //*[text()=' Logout ']---> was found
15:09:46  INFO  manager.MyListener - Start find element --->By.xpath: //a[text()=' Log in ']
15:09:46  INFO  manager.MyListener - The element with locator --->By.xpath: //a[text()=' Log in ']---> was found
15:09:46  INFO  manager.MyListener - Start find element --->By.id: email
15:09:46  INFO  manager.MyListener - The element with locator --->By.id: email---> was found
15:09:46  INFO  manager.MyListener - Start find element --->By.id: password
15:09:46  INFO  manager.MyListener - The element with locator --->By.id: password---> was found
15:09:46  INFO  manager.MyListener - Start find element --->By.cssSelector: [type='submit']
15:09:46  INFO  manager.MyListener - The element with locator --->By.cssSelector: [type='submit']---> was found
15:09:46  INFO  manager.MyListener - Start find element --->By.xpath: //div[@class='dialog-container']
15:09:47  INFO  manager.MyListener - The element with locator --->By.xpath: //div[@class='dialog-container']---> was found
15:09:47  INFO  manager.MyListener - Start find element --->By.xpath: //button[text()='Ok']
15:09:47  INFO  manager.MyListener - The element with locator --->By.xpath: //button[text()='Ok']---> was found
15:09:50  INFO  tests.TestBase - Car was added for userUser{name='null', lastName='null', email='jack123@gmail.com', password='Js12345@'}
15:09:50  INFO  tests.TestBase - Car(address=Eliahu Tel-Aviv, make=Opel, model=Corsa, year=2013, engine=1.4, fuel=Petrol, gear=AT, w_d=AWD, doors=2, seats=4, car_class=s, fuelConsumption=2.0, carRegNumber=97-869-32, price=101, distanceIncluded=250, features=Scratch on right door, about=Ne bita ne krashena)car was added
15:09:50  INFO  manager.MyListener - Start find element --->By.cssSelector: [href='/let-car-work']
15:09:50  INFO  manager.MyListener - The element with locator --->By.cssSelector: [href='/let-car-work']---> was found
15:09:50  INFO  manager.MyListener - Start find element --->By.id: pickUpPlace
15:09:50  INFO  manager.MyListener - The element with locator --->By.id: pickUpPlace---> was found
15:09:50  INFO  manager.MyListener - Start find element --->By.cssSelector: .pac-item
15:09:51  INFO  manager.MyListener - The element with locator --->By.cssSelector: .pac-item---> was found
15:09:51  INFO  manager.MyListener - Start find element --->By.id: make
15:09:51  INFO  manager.MyListener - The element with locator --->By.id: make---> was found
15:09:51  INFO  manager.MyListener - Start find element --->By.id: model
15:09:51  INFO  manager.MyListener - The element with locator --->By.id: model---> was found
15:09:51  INFO  manager.MyListener - Start find element --->By.id: year
15:09:51  INFO  manager.MyListener - The element with locator --->By.id: year---> was found
15:09:51  INFO  manager.MyListener - Start find element --->By.cssSelector: #engine
15:09:51  INFO  manager.MyListener - The element with locator --->By.cssSelector: #engine---> was found
15:09:52  INFO  manager.MyListener - Start find element --->By.id: fuel
15:09:52  INFO  manager.MyListener - The element with locator --->By.id: fuel---> was found
15:09:52  INFO  manager.MyListener - Start find element --->By.xpath: .//option[@value = "Petrol"]
15:09:52  INFO  manager.MyListener - The element with locator --->By.xpath: .//option[@value = "Petrol"]---> was found
15:09:52  INFO  manager.MyListener - Start find element --->By.id: gear
15:09:52  INFO  manager.MyListener - The element with locator --->By.id: gear---> was found
15:09:52  INFO  manager.MyListener - Start find element --->By.xpath: .//option[@value = "AT"]
15:09:52  INFO  manager.MyListener - The element with locator --->By.xpath: .//option[@value = "AT"]---> was found
15:09:52  INFO  manager.MyListener - Start find element --->By.id: wheelsDrive
15:09:52  INFO  manager.MyListener - The element with locator --->By.id: wheelsDrive---> was found
15:09:52  INFO  manager.MyListener - Start find element --->By.xpath: .//option[@value = "AWD"]
15:09:52  INFO  manager.MyListener - The element with locator --->By.xpath: .//option[@value = "AWD"]---> was found
15:09:52  INFO  manager.MyListener - Start find element --->By.id: doors
15:09:52  INFO  manager.MyListener - The element with locator --->By.id: doors---> was found
15:09:52  INFO  manager.MyListener - Start find element --->By.id: seats
15:09:52  INFO  manager.MyListener - The element with locator --->By.id: seats---> was found
15:09:52  INFO  manager.MyListener - Start find element --->By.id: class
15:09:52  INFO  manager.MyListener - The element with locator --->By.id: class---> was found
15:09:52  INFO  manager.MyListener - Start find element --->By.id: fuelConsumption
15:09:52  INFO  manager.MyListener - The element with locator --->By.id: fuelConsumption---> was found
15:09:52  INFO  manager.MyListener - Start find element --->By.id: serialNumber
15:09:52  INFO  manager.MyListener - The element with locator --->By.id: serialNumber---> was found
15:09:53  INFO  manager.MyListener - Start find element --->By.id: price
15:09:53  INFO  manager.MyListener - The element with locator --->By.id: price---> was found
15:09:53  INFO  manager.MyListener - Start find element --->By.id: distance
15:09:53  INFO  manager.MyListener - The element with locator --->By.id: distance---> was found
15:09:53  INFO  manager.MyListener - Start find element --->By.cssSelector: .feature-input
15:09:53  INFO  manager.MyListener - The element with locator --->By.cssSelector: .feature-input---> was found
15:09:53  INFO  manager.MyListener - Start find element --->By.id: about
15:09:53  INFO  manager.MyListener - The element with locator --->By.id: about---> was found
15:09:53  INFO  manager.MyListener - Start find element --->By.id: photos
15:09:53  INFO  manager.MyListener - The element with locator --->By.id: photos---> was found
15:09:53  INFO  manager.MyListener - Start find element --->By.xpath: //button[text()='Submit']
15:09:53  INFO  manager.MyListener - The element with locator --->By.xpath: //button[text()='Submit']---> was found
15:09:55  INFO  manager.MyListener - Start find element --->By.xpath: //button[text()='Submit']
15:09:55  INFO  manager.MyListener - The element with locator --->By.xpath: //button[text()='Submit']---> was found
15:09:55  INFO  manager.MyListener - Start find element --->By.cssSelector: div.dialog-container
15:09:56  INFO  manager.MyListener - The element with locator --->By.cssSelector: div.dialog-container---> was found
15:09:56  INFO  manager.MyListener - Start find element --->By.cssSelector: div.dialog-container h1
15:09:56  INFO  manager.MyListener - The element with locator --->By.cssSelector: div.dialog-container h1---> was found
15:09:56  INFO  manager.MyListener - Start find element --->By.xpath: //button[text()='Search cars']
15:09:56  INFO  manager.MyListener - The element with locator --->By.xpath: //button[text()='Search cars']---> was found
15:09:56  INFO  manager.MyListener - Start find element --->By.xpath: //*[text()=' Logout ']
15:09:56  INFO  manager.MyListener - The element with locator --->By.xpath: //*[text()=' Logout ']---> was found
15:09:56  INFO  tests.TestBase - Name of test ---> addNewCarSuccessReadFromFile
15:09:56  INFO  manager.MyListener - Start find element --->By.xpath: //*[text()=' Logout ']
15:10:01  INFO  manager.MyListener - The element with locator --->By.xpath: //*[text()=' Logout ']---> was found
15:10:01  INFO  manager.MyListener - Start find element --->By.xpath: //a[text()=' Log in ']
15:10:01  INFO  manager.MyListener - The element with locator --->By.xpath: //a[text()=' Log in ']---> was found
15:10:01  INFO  manager.MyListener - Start find element --->By.id: email
15:10:01  INFO  manager.MyListener - The element with locator --->By.id: email---> was found
15:10:02  INFO  manager.MyListener - Start find element --->By.id: password
15:10:02  INFO  manager.MyListener - The element with locator --->By.id: password---> was found
15:10:02  INFO  manager.MyListener - Start find element --->By.cssSelector: [type='submit']
15:10:02  INFO  manager.MyListener - The element with locator --->By.cssSelector: [type='submit']---> was found
15:10:02  INFO  manager.MyListener - Start find element --->By.xpath: //div[@class='dialog-container']
15:10:02  INFO  manager.MyListener - The element with locator --->By.xpath: //div[@class='dialog-container']---> was found
15:10:02  INFO  manager.MyListener - Start find element --->By.xpath: //button[text()='Ok']
15:10:02  INFO  manager.MyListener - The element with locator --->By.xpath: //button[text()='Ok']---> was found
15:10:05  INFO  tests.TestBase - Car was added for userUser{name='null', lastName='null', email='jack123@gmail.com', password='Js12345@'}
15:10:05  INFO  tests.TestBase - Car(address=Eliahu Tel-Aviv, make=Opel, model=Corsa, year=2013, engine=1.4, fuel=Petrol, gear=AT, w_d=AWD, doors=2, seats=4, car_class=s, fuelConsumption=2.0, carRegNumber=96-705-03, price=102, distanceIncluded=250, features=Scratch on right door, about=Ne bita ne krashena)car was added
15:10:05  INFO  manager.MyListener - Start find element --->By.cssSelector: [href='/let-car-work']
15:10:05  INFO  manager.MyListener - The element with locator --->By.cssSelector: [href='/let-car-work']---> was found
15:10:06  INFO  manager.MyListener - Start find element --->By.id: pickUpPlace
15:10:06  INFO  manager.MyListener - The element with locator --->By.id: pickUpPlace---> was found
15:10:06  INFO  manager.MyListener - Start find element --->By.cssSelector: .pac-item
15:10:06  INFO  manager.MyListener - The element with locator --->By.cssSelector: .pac-item---> was found
15:10:06  INFO  manager.MyListener - Start find element --->By.id: make
15:10:06  INFO  manager.MyListener - The element with locator --->By.id: make---> was found
15:10:07  INFO  manager.MyListener - Start find element --->By.id: model
15:10:07  INFO  manager.MyListener - The element with locator --->By.id: model---> was found
15:10:07  INFO  manager.MyListener - Start find element --->By.id: year
15:10:07  INFO  manager.MyListener - The element with locator --->By.id: year---> was found
15:10:07  INFO  manager.MyListener - Start find element --->By.cssSelector: #engine
15:10:07  INFO  manager.MyListener - The element with locator --->By.cssSelector: #engine---> was found
15:10:07  INFO  manager.MyListener - Start find element --->By.id: fuel
15:10:07  INFO  manager.MyListener - The element with locator --->By.id: fuel---> was found
15:10:07  INFO  manager.MyListener - Start find element --->By.xpath: .//option[@value = "Petrol"]
15:10:07  INFO  manager.MyListener - The element with locator --->By.xpath: .//option[@value = "Petrol"]---> was found
15:10:07  INFO  manager.MyListener - Start find element --->By.id: gear
15:10:07  INFO  manager.MyListener - The element with locator --->By.id: gear---> was found
15:10:07  INFO  manager.MyListener - Start find element --->By.xpath: .//option[@value = "AT"]
15:10:07  INFO  manager.MyListener - The element with locator --->By.xpath: .//option[@value = "AT"]---> was found
15:10:07  INFO  manager.MyListener - Start find element --->By.id: wheelsDrive
15:10:07  INFO  manager.MyListener - The element with locator --->By.id: wheelsDrive---> was found
15:10:07  INFO  manager.MyListener - Start find element --->By.xpath: .//option[@value = "AWD"]
15:10:07  INFO  manager.MyListener - The element with locator --->By.xpath: .//option[@value = "AWD"]---> was found
15:10:07  INFO  manager.MyListener - Start find element --->By.id: doors
15:10:07  INFO  manager.MyListener - The element with locator --->By.id: doors---> was found
15:10:07  INFO  manager.MyListener - Start find element --->By.id: seats
15:10:07  INFO  manager.MyListener - The element with locator --->By.id: seats---> was found
15:10:08  INFO  manager.MyListener - Start find element --->By.id: class
15:10:08  INFO  manager.MyListener - The element with locator --->By.id: class---> was found
15:10:08  INFO  manager.MyListener - Start find element --->By.id: fuelConsumption
15:10:08  INFO  manager.MyListener - The element with locator --->By.id: fuelConsumption---> was found
15:10:08  INFO  manager.MyListener - Start find element --->By.id: serialNumber
15:10:08  INFO  manager.MyListener - The element with locator --->By.id: serialNumber---> was found
15:10:08  INFO  manager.MyListener - Start find element --->By.id: price
15:10:08  INFO  manager.MyListener - The element with locator --->By.id: price---> was found
15:10:08  INFO  manager.MyListener - Start find element --->By.id: distance
15:10:08  INFO  manager.MyListener - The element with locator --->By.id: distance---> was found
15:10:08  INFO  manager.MyListener - Start find element --->By.cssSelector: .feature-input
15:10:08  INFO  manager.MyListener - The element with locator --->By.cssSelector: .feature-input---> was found
15:10:08  INFO  manager.MyListener - Start find element --->By.id: about
15:10:08  INFO  manager.MyListener - The element with locator --->By.id: about---> was found
15:10:09  INFO  manager.MyListener - Start find element --->By.id: photos
15:10:09  INFO  manager.MyListener - The element with locator --->By.id: photos---> was found
15:10:09  INFO  manager.MyListener - Start find element --->By.xpath: //button[text()='Submit']
15:10:09  INFO  manager.MyListener - The element with locator --->By.xpath: //button[text()='Submit']---> was found
15:10:10  INFO  manager.MyListener - Start find element --->By.xpath: //button[text()='Submit']
15:10:10  INFO  manager.MyListener - The element with locator --->By.xpath: //button[text()='Submit']---> was found
15:10:10  INFO  manager.MyListener - Start find element --->By.cssSelector: div.dialog-container
15:10:12  INFO  manager.MyListener - The element with locator --->By.cssSelector: div.dialog-container---> was found
15:10:12  INFO  manager.MyListener - Start find element --->By.cssSelector: div.dialog-container h1
15:10:12  INFO  manager.MyListener - The element with locator --->By.cssSelector: div.dialog-container h1---> was found
15:10:12  INFO  manager.MyListener - Start find element --->By.xpath: //button[text()='Search cars']
15:10:12  INFO  manager.MyListener - The element with locator --->By.xpath: //button[text()='Search cars']---> was found
15:10:12  INFO  manager.MyListener - Start find element --->By.xpath: //*[text()=' Logout ']
15:10:12  INFO  manager.MyListener - The element with locator --->By.xpath: //*[text()=' Logout ']---> was found
15:10:12  INFO  tests.TestBase - Name of test ---> registrationSuccessDP
15:10:12  INFO  manager.MyListener - Start find element --->By.xpath: //*[text()=' Logout ']
15:10:17  INFO  manager.MyListener - The element with locator --->By.xpath: //*[text()=' Logout ']---> was found
15:10:17  INFO  manager.MyListener - Start find element --->By.xpath: //a[text()=' Sign up ']
15:10:17  INFO  manager.MyListener - The element with locator --->By.xpath: //a[text()=' Sign up ']---> was found
15:10:17  INFO  manager.MyListener - Start find element --->By.tagName: form
15:10:17  INFO  manager.MyListener - The element with locator --->By.tagName: form---> was found
15:10:17  INFO  manager.MyListener - Start find element --->By.id: name
15:10:17  INFO  manager.MyListener - The element with locator --->By.id: name---> was found
15:10:17  INFO  manager.MyListener - Start find element --->By.cssSelector: #lastName
15:10:17  INFO  manager.MyListener - The element with locator --->By.cssSelector: #lastName---> was found
15:10:17  INFO  manager.MyListener - Start find element --->By.id: email
15:10:17  INFO  manager.MyListener - The element with locator --->By.id: email---> was found
15:10:17  INFO  manager.MyListener - Start find element --->By.cssSelector: #password
15:10:17  INFO  manager.MyListener - The element with locator --->By.cssSelector: #password---> was found
15:10:21  INFO  manager.MyListener - Start find element --->By.xpath: //label[@for='terms-of-use']
15:10:21  INFO  manager.MyListener - The element with locator --->By.xpath: //label[@for='terms-of-use']---> was found
15:10:24  INFO  manager.MyListener - Start find element --->By.cssSelector: [type='submit']
15:10:24  INFO  manager.MyListener - The element with locator --->By.cssSelector: [type='submit']---> was found
15:10:24  INFO  manager.MyListener - Start find element --->By.xpath: //div[@class='dialog-container']//h2
15:10:24  INFO  manager.MyListener - The element with locator --->By.xpath: //div[@class='dialog-container']//h2---> was found
15:10:24  INFO  manager.MyListener - Start find element --->By.xpath: //div[@class='dialog-container']
15:10:24  INFO  manager.MyListener - The element with locator --->By.xpath: //div[@class='dialog-container']---> was found
15:10:24  INFO  manager.MyListener - Start find element --->By.xpath: //button[text()='Ok']
15:10:25  INFO  manager.MyListener - The element with locator --->By.xpath: //button[text()='Ok']---> was found
15:10:25  INFO  tests.TestBase - Name of test ---> registrationSuccessDP
15:10:25  INFO  manager.MyListener - Start find element --->By.xpath: //*[text()=' Logout ']
15:10:30  INFO  manager.MyListener - The element with locator --->By.xpath: //*[text()=' Logout ']---> was found
15:10:30  INFO  manager.MyListener - Start find element --->By.xpath: //a[text()=' Sign up ']
15:10:30  INFO  manager.MyListener - The element with locator --->By.xpath: //a[text()=' Sign up ']---> was found
15:10:30  INFO  manager.MyListener - Start find element --->By.tagName: form
15:10:30  INFO  manager.MyListener - The element with locator --->By.tagName: form---> was found
15:10:30  INFO  manager.MyListener - Start find element --->By.id: name
15:10:30  INFO  manager.MyListener - The element with locator --->By.id: name---> was found
15:10:30  INFO  manager.MyListener - Start find element --->By.cssSelector: #lastName
15:10:30  INFO  manager.MyListener - The element with locator --->By.cssSelector: #lastName---> was found
15:10:30  INFO  manager.MyListener - Start find element --->By.id: email
15:10:30  INFO  manager.MyListener - The element with locator --->By.id: email---> was found
15:10:30  INFO  manager.MyListener - Start find element --->By.cssSelector: #password
15:10:30  INFO  manager.MyListener - The element with locator --->By.cssSelector: #password---> was found
15:10:33  INFO  manager.MyListener - Start find element --->By.xpath: //label[@for='terms-of-use']
15:10:33  INFO  manager.MyListener - The element with locator --->By.xpath: //label[@for='terms-of-use']---> was found
15:10:37  INFO  manager.MyListener - Start find element --->By.cssSelector: [type='submit']
15:10:37  INFO  manager.MyListener - The element with locator --->By.cssSelector: [type='submit']---> was found
15:10:37  INFO  manager.MyListener - Start find element --->By.xpath: //div[@class='dialog-container']//h2
15:10:42  INFO  manager.MyListener - We have a throwable --->no such element: Unable to locate element: {"method":"xpath","selector":"//div[@class='dialog-container']//h2"}
  (Session info: chrome=98.0.4758.82)
For documentation on this error, please visit: https://www.seleniumhq.org/exceptions/no_such_element.html
Build info: version: '3.141.59', revision: 'e82be7d358', time: '2018-11-14T08:17:03'
System info: host: 'DESKTOP-O62I6CB', ip: '10.100.102.5', os.name: 'Windows 10', os.arch: 'amd64', os.version: '10.0', java.version: '11.0.13'
Driver info: org.openqa.selenium.chrome.ChromeDriver
Capabilities {acceptInsecureCerts: false, browserName: chrome, browserVersion: 98.0.4758.82, chrome: {chromedriverVersion: 98.0.4758.80 (7f0488e8ba0d8..., userDataDir: C:\Users\Natali\AppData\Loc...}, goog:chromeOptions: {debuggerAddress: localhost:49394}, javascriptEnabled: true, networkConnectionEnabled: false, pageLoadStrategy: normal, platform: WINDOWS, platformName: WINDOWS, proxy: Proxy(), setWindowRect: true, strictFileInteractability: false, timeouts: {implicit: 0, pageLoad: 300000, script: 30000}, unhandledPromptBehavior: dismiss and notify, webauthn:extension:credBlob: true, webauthn:extension:largeBlob: true, webauthn:virtualAuthenticators: true}
Session ID: babd09656e5d7dfb65ef495233cac9a1
*** Element info: {Using=xpath, value=//div[@class='dialog-container']//h2}
15:10:42  INFO  manager.MyListener - org.openqa.selenium.NoSuchElementException: no such element: Unable to locate element: {"method":"xpath","selector":"//div[@class='dialog-container']//h2"}
  (Session info: chrome=98.0.4758.82)
For documentation on this error, please visit: https://www.seleniumhq.org/exceptions/no_such_element.html
Build info: version: '3.141.59', revision: 'e82be7d358', time: '2018-11-14T08:17:03'
System info: host: 'DESKTOP-O62I6CB', ip: '10.100.102.5', os.name: 'Windows 10', os.arch: 'amd64', os.version: '10.0', java.version: '11.0.13'
Driver info: org.openqa.selenium.chrome.ChromeDriver
Capabilities {acceptInsecureCerts: false, browserName: chrome, browserVersion: 98.0.4758.82, chrome: {chromedriverVersion: 98.0.4758.80 (7f0488e8ba0d8..., userDataDir: C:\Users\Natali\AppData\Loc...}, goog:chromeOptions: {debuggerAddress: localhost:49394}, javascriptEnabled: true, networkConnectionEnabled: false, pageLoadStrategy: normal, platform: WINDOWS, platformName: WINDOWS, proxy: Proxy(), setWindowRect: true, strictFileInteractability: false, timeouts: {implicit: 0, pageLoad: 300000, script: 30000}, unhandledPromptBehavior: dismiss and notify, webauthn:extension:credBlob: true, webauthn:extension:largeBlob: true, webauthn:virtualAuthenticators: true}
Session ID: babd09656e5d7dfb65ef495233cac9a1
*** Element info: {Using=xpath, value=//div[@class='dialog-container']//h2}
15:10:42  INFO  manager.MyListener - This is your screen with error -->src/test/screenshorts/screen642.png
15:10:43  INFO  manager.MyListener - Start find element --->By.xpath: //div[@class='dialog-container']//h2
15:10:48  INFO  manager.MyListener - We have a throwable --->no such element: Unable to locate element: {"method":"xpath","selector":"//div[@class='dialog-container']//h2"}
  (Session info: chrome=98.0.4758.82)
For documentation on this error, please visit: https://www.seleniumhq.org/exceptions/no_such_element.html
Build info: version: '3.141.59', revision: 'e82be7d358', time: '2018-11-14T08:17:03'
System info: host: 'DESKTOP-O62I6CB', ip: '10.100.102.5', os.name: 'Windows 10', os.arch: 'amd64', os.version: '10.0', java.version: '11.0.13'
Driver info: org.openqa.selenium.chrome.ChromeDriver
Capabilities {acceptInsecureCerts: false, browserName: chrome, browserVersion: 98.0.4758.82, chrome: {chromedriverVersion: 98.0.4758.80 (7f0488e8ba0d8..., userDataDir: C:\Users\Natali\AppData\Loc...}, goog:chromeOptions: {debuggerAddress: localhost:49394}, javascriptEnabled: true, networkConnectionEnabled: false, pageLoadStrategy: normal, platform: WINDOWS, platformName: WINDOWS, proxy: Proxy(), setWindowRect: true, strictFileInteractability: false, timeouts: {implicit: 0, pageLoad: 300000, script: 30000}, unhandledPromptBehavior: dismiss and notify, webauthn:extension:credBlob: true, webauthn:extension:largeBlob: true, webauthn:virtualAuthenticators: true}
Session ID: babd09656e5d7dfb65ef495233cac9a1
*** Element info: {Using=xpath, value=//div[@class='dialog-container']//h2}
15:10:48  INFO  manager.MyListener - org.openqa.selenium.NoSuchElementException: no such element: Unable to locate element: {"method":"xpath","selector":"//div[@class='dialog-container']//h2"}
  (Session info: chrome=98.0.4758.82)
For documentation on this error, please visit: https://www.seleniumhq.org/exceptions/no_such_element.html
Build info: version: '3.141.59', revision: 'e82be7d358', time: '2018-11-14T08:17:03'
System info: host: 'DESKTOP-O62I6CB', ip: '10.100.102.5', os.name: 'Windows 10', os.arch: 'amd64', os.version: '10.0', java.version: '11.0.13'
Driver info: org.openqa.selenium.chrome.ChromeDriver
Capabilities {acceptInsecureCerts: false, browserName: chrome, browserVersion: 98.0.4758.82, chrome: {chromedriverVersion: 98.0.4758.80 (7f0488e8ba0d8..., userDataDir: C:\Users\Natali\AppData\Loc...}, goog:chromeOptions: {debuggerAddress: localhost:49394}, javascriptEnabled: true, networkConnectionEnabled: false, pageLoadStrategy: normal, platform: WINDOWS, platformName: WINDOWS, proxy: Proxy(), setWindowRect: true, strictFileInteractability: false, timeouts: {implicit: 0, pageLoad: 300000, script: 30000}, unhandledPromptBehavior: dismiss and notify, webauthn:extension:credBlob: true, webauthn:extension:largeBlob: true, webauthn:virtualAuthenticators: true}
Session ID: babd09656e5d7dfb65ef495233cac9a1
*** Element info: {Using=xpath, value=//div[@class='dialog-container']//h2}
15:10:48  INFO  manager.MyListener - This is your screen with error -->src/test/screenshorts/screen648.png
15:10:49  INFO  manager.MyListener - Start find element --->By.xpath: //div[@class='dialog-container']//h2
15:10:54  INFO  manager.MyListener - We have a throwable --->no such element: Unable to locate element: {"method":"xpath","selector":"//div[@class='dialog-container']//h2"}
  (Session info: chrome=98.0.4758.82)
For documentation on this error, please visit: https://www.seleniumhq.org/exceptions/no_such_element.html
Build info: version: '3.141.59', revision: 'e82be7d358', time: '2018-11-14T08:17:03'
System info: host: 'DESKTOP-O62I6CB', ip: '10.100.102.5', os.name: 'Windows 10', os.arch: 'amd64', os.version: '10.0', java.version: '11.0.13'
Driver info: org.openqa.selenium.chrome.ChromeDriver
Capabilities {acceptInsecureCerts: false, browserName: chrome, browserVersion: 98.0.4758.82, chrome: {chromedriverVersion: 98.0.4758.80 (7f0488e8ba0d8..., userDataDir: C:\Users\Natali\AppData\Loc...}, goog:chromeOptions: {debuggerAddress: localhost:49394}, javascriptEnabled: true, networkConnectionEnabled: false, pageLoadStrategy: normal, platform: WINDOWS, platformName: WINDOWS, proxy: Proxy(), setWindowRect: true, strictFileInteractability: false, timeouts: {implicit: 0, pageLoad: 300000, script: 30000}, unhandledPromptBehavior: dismiss and notify, webauthn:extension:credBlob: true, webauthn:extension:largeBlob: true, webauthn:virtualAuthenticators: true}
Session ID: babd09656e5d7dfb65ef495233cac9a1
*** Element info: {Using=xpath, value=//div[@class='dialog-container']//h2}
15:10:54  INFO  manager.MyListener - org.openqa.selenium.NoSuchElementException: no such element: Unable to locate element: {"method":"xpath","selector":"//div[@class='dialog-container']//h2"}
  (Session info: chrome=98.0.4758.82)
For documentation on this error, please visit: https://www.seleniumhq.org/exceptions/no_such_element.html
Build info: version: '3.141.59', revision: 'e82be7d358', time: '2018-11-14T08:17:03'
System info: host: 'DESKTOP-O62I6CB', ip: '10.100.102.5', os.name: 'Windows 10', os.arch: 'amd64', os.version: '10.0', java.version: '11.0.13'
Driver info: org.openqa.selenium.chrome.ChromeDriver
Capabilities {acceptInsecureCerts: false, browserName: chrome, browserVersion: 98.0.4758.82, chrome: {chromedriverVersion: 98.0.4758.80 (7f0488e8ba0d8..., userDataDir: C:\Users\Natali\AppData\Loc...}, goog:chromeOptions: {debuggerAddress: localhost:49394}, javascriptEnabled: true, networkConnectionEnabled: false, pageLoadStrategy: normal, platform: WINDOWS, platformName: WINDOWS, proxy: Proxy(), setWindowRect: true, strictFileInteractability: false, timeouts: {implicit: 0, pageLoad: 300000, script: 30000}, unhandledPromptBehavior: dismiss and notify, webauthn:extension:credBlob: true, webauthn:extension:largeBlob: true, webauthn:virtualAuthenticators: true}
Session ID: babd09656e5d7dfb65ef495233cac9a1
*** Element info: {Using=xpath, value=//div[@class='dialog-container']//h2}
15:10:54  INFO  manager.MyListener - This is your screen with error -->src/test/screenshorts/screen654.png
15:10:55  INFO  manager.MyListener - Start find element --->By.xpath: //div[@class='dialog-container']//h2
15:11:00  INFO  manager.MyListener - We have a throwable --->no such element: Unable to locate element: {"method":"xpath","selector":"//div[@class='dialog-container']//h2"}
  (Session info: chrome=98.0.4758.82)
For documentation on this error, please visit: https://www.seleniumhq.org/exceptions/no_such_element.html
Build info: version: '3.141.59', revision: 'e82be7d358', time: '2018-11-14T08:17:03'
System info: host: 'DESKTOP-O62I6CB', ip: '10.100.102.5', os.name: 'Windows 10', os.arch: 'amd64', os.version: '10.0', java.version: '11.0.13'
Driver info: org.openqa.selenium.chrome.ChromeDriver
Capabilities {acceptInsecureCerts: false, browserName: chrome, browserVersion: 98.0.4758.82, chrome: {chromedriverVersion: 98.0.4758.80 (7f0488e8ba0d8..., userDataDir: C:\Users\Natali\AppData\Loc...}, goog:chromeOptions: {debuggerAddress: localhost:49394}, javascriptEnabled: true, networkConnectionEnabled: false, pageLoadStrategy: normal, platform: WINDOWS, platformName: WINDOWS, proxy: Proxy(), setWindowRect: true, strictFileInteractability: false, timeouts: {implicit: 0, pageLoad: 300000, script: 30000}, unhandledPromptBehavior: dismiss and notify, webauthn:extension:credBlob: true, webauthn:extension:largeBlob: true, webauthn:virtualAuthenticators: true}
Session ID: babd09656e5d7dfb65ef495233cac9a1
*** Element info: {Using=xpath, value=//div[@class='dialog-container']//h2}
15:11:00  INFO  manager.MyListener - org.openqa.selenium.NoSuchElementException: no such element: Unable to locate element: {"method":"xpath","selector":"//div[@class='dialog-container']//h2"}
  (Session info: chrome=98.0.4758.82)
For documentation on this error, please visit: https://www.seleniumhq.org/exceptions/no_such_element.html
Build info: version: '3.141.59', revision: 'e82be7d358', time: '2018-11-14T08:17:03'
System info: host: 'DESKTOP-O62I6CB', ip: '10.100.102.5', os.name: 'Windows 10', os.arch: 'amd64', os.version: '10.0', java.version: '11.0.13'
Driver info: org.openqa.selenium.chrome.ChromeDriver
Capabilities {acceptInsecureCerts: false, browserName: chrome, browserVersion: 98.0.4758.82, chrome: {chromedriverVersion: 98.0.4758.80 (7f0488e8ba0d8..., userDataDir: C:\Users\Natali\AppData\Loc...}, goog:chromeOptions: {debuggerAddress: localhost:49394}, javascriptEnabled: true, networkConnectionEnabled: false, pageLoadStrategy: normal, platform: WINDOWS, platformName: WINDOWS, proxy: Proxy(), setWindowRect: true, strictFileInteractability: false, timeouts: {implicit: 0, pageLoad: 300000, script: 30000}, unhandledPromptBehavior: dismiss and notify, webauthn:extension:credBlob: true, webauthn:extension:largeBlob: true, webauthn:virtualAuthenticators: true}
Session ID: babd09656e5d7dfb65ef495233cac9a1
*** Element info: {Using=xpath, value=//div[@class='dialog-container']//h2}
15:11:00  INFO  manager.MyListener - This is your screen with error -->src/test/screenshorts/screen660.png
15:11:01  INFO  manager.MyListener - Start find element --->By.xpath: //div[@class='dialog-container']
15:11:06  INFO  manager.MyListener - We have a throwable --->no such element: Unable to locate element: {"method":"xpath","selector":"//div[@class='dialog-container']"}
  (Session info: chrome=98.0.4758.82)
For documentation on this error, please visit: https://www.seleniumhq.org/exceptions/no_such_element.html
Build info: version: '3.141.59', revision: 'e82be7d358', time: '2018-11-14T08:17:03'
System info: host: 'DESKTOP-O62I6CB', ip: '10.100.102.5', os.name: 'Windows 10', os.arch: 'amd64', os.version: '10.0', java.version: '11.0.13'
Driver info: org.openqa.selenium.chrome.ChromeDriver
Capabilities {acceptInsecureCerts: false, browserName: chrome, browserVersion: 98.0.4758.82, chrome: {chromedriverVersion: 98.0.4758.80 (7f0488e8ba0d8..., userDataDir: C:\Users\Natali\AppData\Loc...}, goog:chromeOptions: {debuggerAddress: localhost:49394}, javascriptEnabled: true, networkConnectionEnabled: false, pageLoadStrategy: normal, platform: WINDOWS, platformName: WINDOWS, proxy: Proxy(), setWindowRect: true, strictFileInteractability: false, timeouts: {implicit: 0, pageLoad: 300000, script: 30000}, unhandledPromptBehavior: dismiss and notify, webauthn:extension:credBlob: true, webauthn:extension:largeBlob: true, webauthn:virtualAuthenticators: true}
Session ID: babd09656e5d7dfb65ef495233cac9a1
*** Element info: {Using=xpath, value=//div[@class='dialog-container']}
15:11:06  INFO  manager.MyListener - org.openqa.selenium.NoSuchElementException: no such element: Unable to locate element: {"method":"xpath","selector":"//div[@class='dialog-container']"}
  (Session info: chrome=98.0.4758.82)
For documentation on this error, please visit: https://www.seleniumhq.org/exceptions/no_such_element.html
Build info: version: '3.141.59', revision: 'e82be7d358', time: '2018-11-14T08:17:03'
System info: host: 'DESKTOP-O62I6CB', ip: '10.100.102.5', os.name: 'Windows 10', os.arch: 'amd64', os.version: '10.0', java.version: '11.0.13'
Driver info: org.openqa.selenium.chrome.ChromeDriver
Capabilities {acceptInsecureCerts: false, browserName: chrome, browserVersion: 98.0.4758.82, chrome: {chromedriverVersion: 98.0.4758.80 (7f0488e8ba0d8..., userDataDir: C:\Users\Natali\AppData\Loc...}, goog:chromeOptions: {debuggerAddress: localhost:49394}, javascriptEnabled: true, networkConnectionEnabled: false, pageLoadStrategy: normal, platform: WINDOWS, platformName: WINDOWS, proxy: Proxy(), setWindowRect: true, strictFileInteractability: false, timeouts: {implicit: 0, pageLoad: 300000, script: 30000}, unhandledPromptBehavior: dismiss and notify, webauthn:extension:credBlob: true, webauthn:extension:largeBlob: true, webauthn:virtualAuthenticators: true}
Session ID: babd09656e5d7dfb65ef495233cac9a1
*** Element info: {Using=xpath, value=//div[@class='dialog-container']}
15:11:06  INFO  manager.MyListener - This is your screen with error -->src/test/screenshorts/screen666.png
15:11:07  INFO  manager.MyListener - Start find element --->By.xpath: //div[@class='dialog-container']
15:11:12  INFO  manager.MyListener - We have a throwable --->no such element: Unable to locate element: {"method":"xpath","selector":"//div[@class='dialog-container']"}
  (Session info: chrome=98.0.4758.82)
For documentation on this error, please visit: https://www.seleniumhq.org/exceptions/no_such_element.html
Build info: version: '3.141.59', revision: 'e82be7d358', time: '2018-11-14T08:17:03'
System info: host: 'DESKTOP-O62I6CB', ip: '10.100.102.5', os.name: 'Windows 10', os.arch: 'amd64', os.version: '10.0', java.version: '11.0.13'
Driver info: org.openqa.selenium.chrome.ChromeDriver
Capabilities {acceptInsecureCerts: false, browserName: chrome, browserVersion: 98.0.4758.82, chrome: {chromedriverVersion: 98.0.4758.80 (7f0488e8ba0d8..., userDataDir: C:\Users\Natali\AppData\Loc...}, goog:chromeOptions: {debuggerAddress: localhost:49394}, javascriptEnabled: true, networkConnectionEnabled: false, pageLoadStrategy: normal, platform: WINDOWS, platformName: WINDOWS, proxy: Proxy(), setWindowRect: true, strictFileInteractability: false, timeouts: {implicit: 0, pageLoad: 300000, script: 30000}, unhandledPromptBehavior: dismiss and notify, webauthn:extension:credBlob: true, webauthn:extension:largeBlob: true, webauthn:virtualAuthenticators: true}
Session ID: babd09656e5d7dfb65ef495233cac9a1
*** Element info: {Using=xpath, value=//div[@class='dialog-container']}
15:11:12  INFO  manager.MyListener - org.openqa.selenium.NoSuchElementException: no such element: Unable to locate element: {"method":"xpath","selector":"//div[@class='dialog-container']"}
  (Session info: chrome=98.0.4758.82)
For documentation on this error, please visit: https://www.seleniumhq.org/exceptions/no_such_element.html
Build info: version: '3.141.59', revision: 'e82be7d358', time: '2018-11-14T08:17:03'
System info: host: 'DESKTOP-O62I6CB', ip: '10.100.102.5', os.name: 'Windows 10', os.arch: 'amd64', os.version: '10.0', java.version: '11.0.13'
Driver info: org.openqa.selenium.chrome.ChromeDriver
Capabilities {acceptInsecureCerts: false, browserName: chrome, browserVersion: 98.0.4758.82, chrome: {chromedriverVersion: 98.0.4758.80 (7f0488e8ba0d8..., userDataDir: C:\Users\Natali\AppData\Loc...}, goog:chromeOptions: {debuggerAddress: localhost:49394}, javascriptEnabled: true, networkConnectionEnabled: false, pageLoadStrategy: normal, platform: WINDOWS, platformName: WINDOWS, proxy: Proxy(), setWindowRect: true, strictFileInteractability: false, timeouts: {implicit: 0, pageLoad: 300000, script: 30000}, unhandledPromptBehavior: dismiss and notify, webauthn:extension:credBlob: true, webauthn:extension:largeBlob: true, webauthn:virtualAuthenticators: true}
Session ID: babd09656e5d7dfb65ef495233cac9a1
*** Element info: {Using=xpath, value=//div[@class='dialog-container']}
15:11:12  INFO  manager.MyListener - This is your screen with error -->src/test/screenshorts/screen672.png
15:11:13  INFO  manager.MyListener - Start find element --->By.xpath: //div[@class='dialog-container']
15:11:18  INFO  manager.MyListener - We have a throwable --->no such element: Unable to locate element: {"method":"xpath","selector":"//div[@class='dialog-container']"}
  (Session info: chrome=98.0.4758.82)
For documentation on this error, please visit: https://www.seleniumhq.org/exceptions/no_such_element.html
Build info: version: '3.141.59', revision: 'e82be7d358', time: '2018-11-14T08:17:03'
System info: host: 'DESKTOP-O62I6CB', ip: '10.100.102.5', os.name: 'Windows 10', os.arch: 'amd64', os.version: '10.0', java.version: '11.0.13'
Driver info: org.openqa.selenium.chrome.ChromeDriver
Capabilities {acceptInsecureCerts: false, browserName: chrome, browserVersion: 98.0.4758.82, chrome: {chromedriverVersion: 98.0.4758.80 (7f0488e8ba0d8..., userDataDir: C:\Users\Natali\AppData\Loc...}, goog:chromeOptions: {debuggerAddress: localhost:49394}, javascriptEnabled: true, networkConnectionEnabled: false, pageLoadStrategy: normal, platform: WINDOWS, platformName: WINDOWS, proxy: Proxy(), setWindowRect: true, strictFileInteractability: false, timeouts: {implicit: 0, pageLoad: 300000, script: 30000}, unhandledPromptBehavior: dismiss and notify, webauthn:extension:credBlob: true, webauthn:extension:largeBlob: true, webauthn:virtualAuthenticators: true}
Session ID: babd09656e5d7dfb65ef495233cac9a1
*** Element info: {Using=xpath, value=//div[@class='dialog-container']}
15:11:18  INFO  manager.MyListener - org.openqa.selenium.NoSuchElementException: no such element: Unable to locate element: {"method":"xpath","selector":"//div[@class='dialog-container']"}
  (Session info: chrome=98.0.4758.82)
For documentation on this error, please visit: https://www.seleniumhq.org/exceptions/no_such_element.html
Build info: version: '3.141.59', revision: 'e82be7d358', time: '2018-11-14T08:17:03'
System info: host: 'DESKTOP-O62I6CB', ip: '10.100.102.5', os.name: 'Windows 10', os.arch: 'amd64', os.version: '10.0', java.version: '11.0.13'
Driver info: org.openqa.selenium.chrome.ChromeDriver
Capabilities {acceptInsecureCerts: false, browserName: chrome, browserVersion: 98.0.4758.82, chrome: {chromedriverVersion: 98.0.4758.80 (7f0488e8ba0d8..., userDataDir: C:\Users\Natali\AppData\Loc...}, goog:chromeOptions: {debuggerAddress: localhost:49394}, javascriptEnabled: true, networkConnectionEnabled: false, pageLoadStrategy: normal, platform: WINDOWS, platformName: WINDOWS, proxy: Proxy(), setWindowRect: true, strictFileInteractability: false, timeouts: {implicit: 0, pageLoad: 300000, script: 30000}, unhandledPromptBehavior: dismiss and notify, webauthn:extension:credBlob: true, webauthn:extension:largeBlob: true, webauthn:virtualAuthenticators: true}
Session ID: babd09656e5d7dfb65ef495233cac9a1
*** Element info: {Using=xpath, value=//div[@class='dialog-container']}
15:11:18  INFO  manager.MyListener - This is your screen with error -->src/test/screenshorts/screen678.png
