12:51:11  INFO  manager.ApplicationManager - All tests starts in 'Chrom' browser
12:51:12  INFO  tests.TestBase - Name of test ---> addNewCarSuccess
12:51:12  INFO  manager.MyListener - Start find element --->By.xpath: //*[text()=' Logout ']
12:51:17  INFO  manager.MyListener - The element with locator --->By.xpath: //*[text()=' Logout ']---> was found
12:51:17  INFO  manager.MyListener - Start find element --->By.xpath: //a[text()=' Log in ']
12:51:18  INFO  manager.MyListener - The element with locator --->By.xpath: //a[text()=' Log in ']---> was found
12:51:18  INFO  manager.MyListener - Start find element --->By.id: email
12:51:18  INFO  manager.MyListener - The element with locator --->By.id: email---> was found
12:51:18  INFO  manager.MyListener - Start find element --->By.id: password
12:51:18  INFO  manager.MyListener - The element with locator --->By.id: password---> was found
12:51:18  INFO  manager.MyListener - Start find element --->By.cssSelector: [type='submit']
12:51:18  INFO  manager.MyListener - The element with locator --->By.cssSelector: [type='submit']---> was found
12:51:18  INFO  manager.MyListener - Start find element --->By.xpath: //div[@class='dialog-container']
12:51:23  INFO  manager.MyListener - We have a throwable --->no such element: Unable to locate element: {"method":"xpath","selector":"//div[@class='dialog-container']"}
  (Session info: chrome=98.0.4758.102)
For documentation on this error, please visit: https://www.seleniumhq.org/exceptions/no_such_element.html
Build info: version: '3.141.59', revision: 'e82be7d358', time: '2018-11-14T08:17:03'
System info: host: 'DESKTOP-O62I6CB', ip: '10.100.102.5', os.name: 'Windows 10', os.arch: 'amd64', os.version: '10.0', java.version: '11.0.13'
Driver info: org.openqa.selenium.chrome.ChromeDriver
Capabilities {acceptInsecureCerts: false, browserName: chrome, browserVersion: 98.0.4758.102, chrome: {chromedriverVersion: 98.0.4758.80 (7f0488e8ba0d8..., userDataDir: C:\Users\Natali\AppData\Loc...}, goog:chromeOptions: {debuggerAddress: localhost:54071}, javascriptEnabled: true, networkConnectionEnabled: false, pageLoadStrategy: normal, platform: WINDOWS, platformName: WINDOWS, proxy: Proxy(), setWindowRect: true, strictFileInteractability: false, timeouts: {implicit: 0, pageLoad: 300000, script: 30000}, unhandledPromptBehavior: dismiss and notify, webauthn:extension:credBlob: true, webauthn:extension:largeBlob: true, webauthn:virtualAuthenticators: true}
Session ID: 98bb34f5233d78df859112842226c7a7
*** Element info: {Using=xpath, value=//div[@class='dialog-container']}
12:51:23  INFO  manager.MyListener - org.openqa.selenium.NoSuchElementException: no such element: Unable to locate element: {"method":"xpath","selector":"//div[@class='dialog-container']"}
  (Session info: chrome=98.0.4758.102)
For documentation on this error, please visit: https://www.seleniumhq.org/exceptions/no_such_element.html
Build info: version: '3.141.59', revision: 'e82be7d358', time: '2018-11-14T08:17:03'
System info: host: 'DESKTOP-O62I6CB', ip: '10.100.102.5', os.name: 'Windows 10', os.arch: 'amd64', os.version: '10.0', java.version: '11.0.13'
Driver info: org.openqa.selenium.chrome.ChromeDriver
Capabilities {acceptInsecureCerts: false, browserName: chrome, browserVersion: 98.0.4758.102, chrome: {chromedriverVersion: 98.0.4758.80 (7f0488e8ba0d8..., userDataDir: C:\Users\Natali\AppData\Loc...}, goog:chromeOptions: {debuggerAddress: localhost:54071}, javascriptEnabled: true, networkConnectionEnabled: false, pageLoadStrategy: normal, platform: WINDOWS, platformName: WINDOWS, proxy: Proxy(), setWindowRect: true, strictFileInteractability: false, timeouts: {implicit: 0, pageLoad: 300000, script: 30000}, unhandledPromptBehavior: dismiss and notify, webauthn:extension:credBlob: true, webauthn:extension:largeBlob: true, webauthn:virtualAuthenticators: true}
Session ID: 98bb34f5233d78df859112842226c7a7
*** Element info: {Using=xpath, value=//div[@class='dialog-container']}
12:51:23  INFO  manager.MyListener - This is your screen with error -->src/test/screenshorts/screen3083.png
12:51:24  INFO  manager.MyListener - Start find element --->By.xpath: //div[@class='dialog-container']
12:51:29  INFO  manager.MyListener - We have a throwable --->no such element: Unable to locate element: {"method":"xpath","selector":"//div[@class='dialog-container']"}
  (Session info: chrome=98.0.4758.102)
For documentation on this error, please visit: https://www.seleniumhq.org/exceptions/no_such_element.html
Build info: version: '3.141.59', revision: 'e82be7d358', time: '2018-11-14T08:17:03'
System info: host: 'DESKTOP-O62I6CB', ip: '10.100.102.5', os.name: 'Windows 10', os.arch: 'amd64', os.version: '10.0', java.version: '11.0.13'
Driver info: org.openqa.selenium.chrome.ChromeDriver
Capabilities {acceptInsecureCerts: false, browserName: chrome, browserVersion: 98.0.4758.102, chrome: {chromedriverVersion: 98.0.4758.80 (7f0488e8ba0d8..., userDataDir: C:\Users\Natali\AppData\Loc...}, goog:chromeOptions: {debuggerAddress: localhost:54071}, javascriptEnabled: true, networkConnectionEnabled: false, pageLoadStrategy: normal, platform: WINDOWS, platformName: WINDOWS, proxy: Proxy(), setWindowRect: true, strictFileInteractability: false, timeouts: {implicit: 0, pageLoad: 300000, script: 30000}, unhandledPromptBehavior: dismiss and notify, webauthn:extension:credBlob: true, webauthn:extension:largeBlob: true, webauthn:virtualAuthenticators: true}
Session ID: 98bb34f5233d78df859112842226c7a7
*** Element info: {Using=xpath, value=//div[@class='dialog-container']}
12:51:29  INFO  manager.MyListener - org.openqa.selenium.NoSuchElementException: no such element: Unable to locate element: {"method":"xpath","selector":"//div[@class='dialog-container']"}
  (Session info: chrome=98.0.4758.102)
For documentation on this error, please visit: https://www.seleniumhq.org/exceptions/no_such_element.html
Build info: version: '3.141.59', revision: 'e82be7d358', time: '2018-11-14T08:17:03'
System info: host: 'DESKTOP-O62I6CB', ip: '10.100.102.5', os.name: 'Windows 10', os.arch: 'amd64', os.version: '10.0', java.version: '11.0.13'
Driver info: org.openqa.selenium.chrome.ChromeDriver
Capabilities {acceptInsecureCerts: false, browserName: chrome, browserVersion: 98.0.4758.102, chrome: {chromedriverVersion: 98.0.4758.80 (7f0488e8ba0d8..., userDataDir: C:\Users\Natali\AppData\Loc...}, goog:chromeOptions: {debuggerAddress: localhost:54071}, javascriptEnabled: true, networkConnectionEnabled: false, pageLoadStrategy: normal, platform: WINDOWS, platformName: WINDOWS, proxy: Proxy(), setWindowRect: true, strictFileInteractability: false, timeouts: {implicit: 0, pageLoad: 300000, script: 30000}, unhandledPromptBehavior: dismiss and notify, webauthn:extension:credBlob: true, webauthn:extension:largeBlob: true, webauthn:virtualAuthenticators: true}
Session ID: 98bb34f5233d78df859112842226c7a7
*** Element info: {Using=xpath, value=//div[@class='dialog-container']}
12:51:29  INFO  manager.MyListener - This is your screen with error -->src/test/screenshorts/screen3089.png
12:51:30  INFO  manager.MyListener - Start find element --->By.xpath: //div[@class='dialog-container']
12:51:34  INFO  manager.MyListener - The element with locator --->By.xpath: //div[@class='dialog-container']---> was found
12:51:34  INFO  manager.MyListener - Start find element --->By.xpath: //button[text()='Ok']
12:51:34  INFO  manager.MyListener - The element with locator --->By.xpath: //button[text()='Ok']---> was found
12:51:37  INFO  tests.TestBase - Car was added for userUser{name='null', lastName='null', email='jack123@gmail.com', password='Js12345@'}
12:51:37  INFO  tests.TestBase - Car(address=Tel-Aviv, Israel, make=Hunday, model=Veloster, year=2021, engine=1,8, fuel=Petrol, gear=AT, w_d=AWD, doors=3, seats=4, car_class=S, fuelConsumption=3.0, carRegNumber=32-876-3097, price=130, distanceIncluded=250, features=type of, about=Ne bita ne krashena)car was added
12:51:37  INFO  manager.MyListener - Start find element --->By.cssSelector: [href='/let-car-work']
12:51:37  INFO  manager.MyListener - The element with locator --->By.cssSelector: [href='/let-car-work']---> was found
12:51:37  INFO  manager.MyListener - Start find element --->By.id: pickUpPlace
12:51:37  INFO  manager.MyListener - The element with locator --->By.id: pickUpPlace---> was found
12:51:37  INFO  manager.MyListener - Start find element --->By.cssSelector: .pac-item
12:51:38  INFO  manager.MyListener - The element with locator --->By.cssSelector: .pac-item---> was found
12:51:38  INFO  manager.MyListener - Start find element --->By.id: make
12:51:38  INFO  manager.MyListener - The element with locator --->By.id: make---> was found
12:51:39  INFO  manager.MyListener - Start find element --->By.id: model
12:51:39  INFO  manager.MyListener - The element with locator --->By.id: model---> was found
12:51:39  INFO  manager.MyListener - Start find element --->By.id: year
12:51:39  INFO  manager.MyListener - The element with locator --->By.id: year---> was found
12:51:39  INFO  manager.MyListener - Start find element --->By.cssSelector: #engine
12:51:39  INFO  manager.MyListener - The element with locator --->By.cssSelector: #engine---> was found
12:51:39  INFO  manager.MyListener - Start find element --->By.id: fuel
12:51:39  INFO  manager.MyListener - The element with locator --->By.id: fuel---> was found
12:51:39  INFO  manager.MyListener - Start find element --->By.xpath: .//option[@value = "Petrol"]
12:51:39  INFO  manager.MyListener - The element with locator --->By.xpath: .//option[@value = "Petrol"]---> was found
12:51:39  INFO  manager.MyListener - Start find element --->By.id: gear
12:51:39  INFO  manager.MyListener - The element with locator --->By.id: gear---> was found
12:51:39  INFO  manager.MyListener - Start find element --->By.xpath: .//option[@value = "AT"]
12:51:39  INFO  manager.MyListener - The element with locator --->By.xpath: .//option[@value = "AT"]---> was found
12:51:39  INFO  manager.MyListener - Start find element --->By.id: wheelsDrive
12:51:39  INFO  manager.MyListener - The element with locator --->By.id: wheelsDrive---> was found
12:51:39  INFO  manager.MyListener - Start find element --->By.xpath: .//option[@value = "AWD"]
12:51:39  INFO  manager.MyListener - The element with locator --->By.xpath: .//option[@value = "AWD"]---> was found
12:51:39  INFO  manager.MyListener - Start find element --->By.id: doors
12:51:39  INFO  manager.MyListener - The element with locator --->By.id: doors---> was found
12:51:40  INFO  manager.MyListener - Start find element --->By.id: seats
12:51:40  INFO  manager.MyListener - The element with locator --->By.id: seats---> was found
12:51:40  INFO  manager.MyListener - Start find element --->By.id: class
12:51:40  INFO  manager.MyListener - The element with locator --->By.id: class---> was found
12:51:40  INFO  manager.MyListener - Start find element --->By.id: fuelConsumption
12:51:40  INFO  manager.MyListener - The element with locator --->By.id: fuelConsumption---> was found
12:51:40  INFO  manager.MyListener - Start find element --->By.id: serialNumber
12:51:40  INFO  manager.MyListener - The element with locator --->By.id: serialNumber---> was found
12:51:40  INFO  manager.MyListener - Start find element --->By.id: price
12:51:40  INFO  manager.MyListener - The element with locator --->By.id: price---> was found
12:51:40  INFO  manager.MyListener - Start find element --->By.id: distance
12:51:40  INFO  manager.MyListener - The element with locator --->By.id: distance---> was found
12:51:40  INFO  manager.MyListener - Start find element --->By.cssSelector: .feature-input
12:51:40  INFO  manager.MyListener - The element with locator --->By.cssSelector: .feature-input---> was found
12:51:41  INFO  manager.MyListener - Start find element --->By.id: about
12:51:41  INFO  manager.MyListener - The element with locator --->By.id: about---> was found
12:51:41  INFO  manager.MyListener - Start find element --->By.id: photos
12:51:41  INFO  manager.MyListener - The element with locator --->By.id: photos---> was found
12:51:41  INFO  manager.MyListener - Start find element --->By.xpath: //button[text()='Submit']
12:51:41  INFO  manager.MyListener - The element with locator --->By.xpath: //button[text()='Submit']---> was found
12:51:43  INFO  manager.MyListener - Start find element --->By.xpath: //button[text()='Submit']
12:51:43  INFO  manager.MyListener - The element with locator --->By.xpath: //button[text()='Submit']---> was found
12:51:43  INFO  manager.MyListener - Start find element --->By.cssSelector: div.dialog-container
12:51:45  INFO  manager.MyListener - The element with locator --->By.cssSelector: div.dialog-container---> was found
12:51:45  INFO  manager.MyListener - Start find element --->By.cssSelector: div.dialog-container h1
12:51:45  INFO  manager.MyListener - The element with locator --->By.cssSelector: div.dialog-container h1---> was found
12:51:45  INFO  manager.MyListener - Start find element --->By.xpath: //button[text()='Search cars']
12:51:45  INFO  manager.MyListener - The element with locator --->By.xpath: //button[text()='Search cars']---> was found
12:51:45  INFO  manager.MyListener - Start find element --->By.xpath: //*[text()=' Logout ']
12:51:45  INFO  manager.MyListener - The element with locator --->By.xpath: //*[text()=' Logout ']---> was found
