13:13:54  INFO  manager.ApplicationManager - All tests starts in 'Chrom' browser
13:13:55  INFO  tests.TestBase - Name of test ---> registrationSuccess
13:13:55  INFO  manager.MyListener - Start find element --->By.xpath: //*[text()=' Logout ']
13:14:00  INFO  manager.MyListener - The element with locator --->By.xpath: //*[text()=' Logout ']---> was found
13:14:00  INFO  manager.MyListener - Start find element --->By.xpath: //a[text()=' Sign up ']
13:14:00  INFO  manager.MyListener - The element with locator --->By.xpath: //a[text()=' Sign up ']---> was found
13:14:00  INFO  manager.MyListener - Start find element --->By.tagName: form
13:14:00  INFO  manager.MyListener - The element with locator --->By.tagName: form---> was found
13:14:01  INFO  manager.MyListener - Start find element --->By.id: name
13:14:01  INFO  manager.MyListener - The element with locator --->By.id: name---> was found
13:14:01  INFO  manager.MyListener - Start find element --->By.cssSelector: #lastName
13:14:01  INFO  manager.MyListener - The element with locator --->By.cssSelector: #lastName---> was found
13:14:01  INFO  manager.MyListener - Start find element --->By.id: email
13:14:01  INFO  manager.MyListener - The element with locator --->By.id: email---> was found
13:14:01  INFO  manager.MyListener - Start find element --->By.cssSelector: #password
13:14:01  INFO  manager.MyListener - The element with locator --->By.cssSelector: #password---> was found
13:14:04  INFO  manager.MyListener - Start find element --->By.xpath: //label[@for='terms-of-use']
13:14:04  INFO  manager.MyListener - The element with locator --->By.xpath: //label[@for='terms-of-use']---> was found
13:14:05  INFO  manager.MyListener - Start find element --->By.cssSelector: [type='submit']
13:14:05  INFO  manager.MyListener - The element with locator --->By.cssSelector: [type='submit']---> was found
13:14:05  INFO  manager.MyListener - Start find element --->By.xpath: //div[@class='dialog-container']//h2
13:14:05  INFO  manager.MyListener - The element with locator --->By.xpath: //div[@class='dialog-container']//h2---> was found
13:14:05  INFO  manager.MyListener - Start find element --->By.xpath: //div[@class='dialog-container']
13:14:05  INFO  manager.MyListener - The element with locator --->By.xpath: //div[@class='dialog-container']---> was found
13:14:05  INFO  manager.MyListener - Start find element --->By.xpath: //button[text()='Ok']
13:14:05  INFO  manager.MyListener - The element with locator --->By.xpath: //button[text()='Ok']---> was found
13:14:05  INFO  tests.TestBase - Name of test ---> registrationSuccessDP
13:14:05  INFO  manager.MyListener - Start find element --->By.xpath: //*[text()=' Logout ']
13:14:05  INFO  manager.MyListener - The element with locator --->By.xpath: //*[text()=' Logout ']---> was found
13:14:05  INFO  manager.MyListener - Start find element --->By.xpath: //*[text()=' Logout ']
13:14:05  INFO  manager.MyListener - The element with locator --->By.xpath: //*[text()=' Logout ']---> was found
13:14:05  INFO  manager.MyListener - Start find element --->By.xpath: //a[text()=' Sign up ']
13:14:05  INFO  manager.MyListener - The element with locator --->By.xpath: //a[text()=' Sign up ']---> was found
13:14:06  INFO  manager.MyListener - Start find element --->By.tagName: form
13:14:06  INFO  manager.MyListener - The element with locator --->By.tagName: form---> was found
13:14:06  INFO  manager.MyListener - Start find element --->By.id: name
13:14:06  INFO  manager.MyListener - The element with locator --->By.id: name---> was found
13:14:06  INFO  manager.MyListener - Start find element --->By.cssSelector: #lastName
13:14:06  INFO  manager.MyListener - The element with locator --->By.cssSelector: #lastName---> was found
13:14:06  INFO  manager.MyListener - Start find element --->By.id: email
13:14:06  INFO  manager.MyListener - The element with locator --->By.id: email---> was found
13:14:06  INFO  manager.MyListener - Start find element --->By.cssSelector: #password
13:14:06  INFO  manager.MyListener - The element with locator --->By.cssSelector: #password---> was found
13:14:09  INFO  manager.MyListener - Start find element --->By.xpath: //label[@for='terms-of-use']
13:14:09  INFO  manager.MyListener - The element with locator --->By.xpath: //label[@for='terms-of-use']---> was found
13:14:13  INFO  manager.MyListener - Start find element --->By.cssSelector: [type='submit']
13:14:13  INFO  manager.MyListener - The element with locator --->By.cssSelector: [type='submit']---> was found
13:14:13  INFO  manager.MyListener - Start find element --->By.xpath: //div[@class='dialog-container']//h2
13:14:13  INFO  manager.MyListener - The element with locator --->By.xpath: //div[@class='dialog-container']//h2---> was found
13:14:13  INFO  manager.MyListener - Start find element --->By.xpath: //div[@class='dialog-container']
13:14:13  INFO  manager.MyListener - The element with locator --->By.xpath: //div[@class='dialog-container']---> was found
13:14:13  INFO  manager.MyListener - Start find element --->By.xpath: //button[text()='Ok']
13:14:13  INFO  manager.MyListener - The element with locator --->By.xpath: //button[text()='Ok']---> was found
13:14:13  INFO  tests.TestBase - Name of test ---> registrationSuccessDP
13:14:13  INFO  manager.MyListener - Start find element --->By.xpath: //*[text()=' Logout ']
13:14:13  INFO  manager.MyListener - The element with locator --->By.xpath: //*[text()=' Logout ']---> was found
13:14:13  INFO  manager.MyListener - Start find element --->By.xpath: //*[text()=' Logout ']
13:14:13  INFO  manager.MyListener - The element with locator --->By.xpath: //*[text()=' Logout ']---> was found
13:14:13  INFO  manager.MyListener - Start find element --->By.xpath: //a[text()=' Sign up ']
13:14:13  INFO  manager.MyListener - The element with locator --->By.xpath: //a[text()=' Sign up ']---> was found
13:14:13  INFO  manager.MyListener - Start find element --->By.tagName: form
13:14:13  INFO  manager.MyListener - The element with locator --->By.tagName: form---> was found
13:14:13  INFO  manager.MyListener - Start find element --->By.id: name
13:14:14  INFO  manager.MyListener - The element with locator --->By.id: name---> was found
13:14:14  INFO  manager.MyListener - Start find element --->By.cssSelector: #lastName
13:14:14  INFO  manager.MyListener - The element with locator --->By.cssSelector: #lastName---> was found
13:14:14  INFO  manager.MyListener - Start find element --->By.id: email
13:14:14  INFO  manager.MyListener - The element with locator --->By.id: email---> was found
13:14:14  INFO  manager.MyListener - Start find element --->By.cssSelector: #password
13:14:14  INFO  manager.MyListener - The element with locator --->By.cssSelector: #password---> was found
13:14:17  INFO  manager.MyListener - Start find element --->By.xpath: //label[@for='terms-of-use']
13:14:17  INFO  manager.MyListener - The element with locator --->By.xpath: //label[@for='terms-of-use']---> was found
13:14:21  INFO  manager.MyListener - Start find element --->By.cssSelector: [type='submit']
13:14:21  INFO  manager.MyListener - The element with locator --->By.cssSelector: [type='submit']---> was found
13:14:21  INFO  manager.MyListener - Start find element --->By.xpath: //div[@class='dialog-container']//h2
13:14:21  INFO  manager.MyListener - The element with locator --->By.xpath: //div[@class='dialog-container']//h2---> was found
13:14:21  INFO  manager.MyListener - Start find element --->By.xpath: //div[@class='dialog-container']
13:14:21  INFO  manager.MyListener - The element with locator --->By.xpath: //div[@class='dialog-container']---> was found
13:14:21  INFO  manager.MyListener - Start find element --->By.xpath: //button[text()='Ok']
13:14:21  INFO  manager.MyListener - The element with locator --->By.xpath: //button[text()='Ok']---> was found
13:14:21  INFO  tests.TestBase - Name of test ---> registrationSuccessDP
13:14:21  INFO  manager.MyListener - Start find element --->By.xpath: //*[text()=' Logout ']
13:14:21  INFO  manager.MyListener - The element with locator --->By.xpath: //*[text()=' Logout ']---> was found
13:14:21  INFO  manager.MyListener - Start find element --->By.xpath: //*[text()=' Logout ']
13:14:21  INFO  manager.MyListener - The element with locator --->By.xpath: //*[text()=' Logout ']---> was found
13:14:21  INFO  manager.MyListener - Start find element --->By.xpath: //a[text()=' Sign up ']
13:14:21  INFO  manager.MyListener - The element with locator --->By.xpath: //a[text()=' Sign up ']---> was found
13:14:21  INFO  manager.MyListener - Start find element --->By.tagName: form
13:14:21  INFO  manager.MyListener - The element with locator --->By.tagName: form---> was found
13:14:21  INFO  manager.MyListener - Start find element --->By.id: name
13:14:21  INFO  manager.MyListener - The element with locator --->By.id: name---> was found
13:14:22  INFO  manager.MyListener - Start find element --->By.cssSelector: #lastName
13:14:22  INFO  manager.MyListener - The element with locator --->By.cssSelector: #lastName---> was found
13:14:22  INFO  manager.MyListener - Start find element --->By.id: email
13:14:22  INFO  manager.MyListener - The element with locator --->By.id: email---> was found
13:14:22  INFO  manager.MyListener - Start find element --->By.cssSelector: #password
13:14:22  INFO  manager.MyListener - The element with locator --->By.cssSelector: #password---> was found
13:14:25  INFO  manager.MyListener - Start find element --->By.xpath: //label[@for='terms-of-use']
13:14:25  INFO  manager.MyListener - The element with locator --->By.xpath: //label[@for='terms-of-use']---> was found
13:14:28  INFO  manager.MyListener - Start find element --->By.cssSelector: [type='submit']
13:14:28  INFO  manager.MyListener - The element with locator --->By.cssSelector: [type='submit']---> was found
13:14:29  INFO  manager.MyListener - Start find element --->By.xpath: //div[@class='dialog-container']//h2
13:14:29  INFO  manager.MyListener - The element with locator --->By.xpath: //div[@class='dialog-container']//h2---> was found
13:14:29  INFO  manager.MyListener - Start find element --->By.xpath: //div[@class='dialog-container']
13:14:29  INFO  manager.MyListener - The element with locator --->By.xpath: //div[@class='dialog-container']---> was found
13:14:29  INFO  manager.MyListener - Start find element --->By.xpath: //button[text()='Ok']
13:14:29  INFO  manager.MyListener - The element with locator --->By.xpath: //button[text()='Ok']---> was found
13:14:29  INFO  tests.TestBase - Name of test ---> registrationSuccessModel
13:14:29  INFO  manager.MyListener - Start find element --->By.xpath: //*[text()=' Logout ']
13:14:29  INFO  manager.MyListener - The element with locator --->By.xpath: //*[text()=' Logout ']---> was found
13:14:29  INFO  manager.MyListener - Start find element --->By.xpath: //*[text()=' Logout ']
13:14:29  INFO  manager.MyListener - The element with locator --->By.xpath: //*[text()=' Logout ']---> was found
13:14:29  INFO  manager.MyListener - Start find element --->By.xpath: //a[text()=' Sign up ']
13:14:29  INFO  manager.MyListener - The element with locator --->By.xpath: //a[text()=' Sign up ']---> was found
13:14:29  INFO  manager.MyListener - Start find element --->By.tagName: form
13:14:29  INFO  manager.MyListener - The element with locator --->By.tagName: form---> was found
13:14:29  INFO  manager.MyListener - Start find element --->By.id: name
13:14:29  INFO  manager.MyListener - The element with locator --->By.id: name---> was found
13:14:29  INFO  manager.MyListener - Start find element --->By.cssSelector: #lastName
13:14:29  INFO  manager.MyListener - The element with locator --->By.cssSelector: #lastName---> was found
13:14:30  INFO  manager.MyListener - Start find element --->By.id: email
13:14:30  INFO  manager.MyListener - The element with locator --->By.id: email---> was found
13:14:30  INFO  manager.MyListener - Start find element --->By.cssSelector: #password
13:14:30  INFO  manager.MyListener - The element with locator --->By.cssSelector: #password---> was found
13:14:35  INFO  manager.MyListener - Start find element --->By.id: terms-of-use
13:14:35  INFO  manager.MyListener - The element with locator --->By.id: terms-of-use---> was found
13:14:35  INFO  manager.MyListener - Start find element --->By.xpath: //label[@for='terms-of-use']
13:14:35  INFO  manager.MyListener - The element with locator --->By.xpath: //label[@for='terms-of-use']---> was found
13:14:40  INFO  manager.MyListener - Start find element --->By.cssSelector: [type='submit']
13:14:40  INFO  manager.MyListener - The element with locator --->By.cssSelector: [type='submit']---> was found
13:14:45  INFO  manager.MyListener - Start find element --->By.xpath: //div[@class='dialog-container']//h2
13:14:45  INFO  manager.MyListener - The element with locator --->By.xpath: //div[@class='dialog-container']//h2---> was found
13:14:45  INFO  manager.MyListener - Start find element --->By.xpath: //div[@class='dialog-container']
13:14:45  INFO  manager.MyListener - The element with locator --->By.xpath: //div[@class='dialog-container']---> was found
13:14:45  INFO  manager.MyListener - Start find element --->By.xpath: //button[text()='Ok']
13:14:45  INFO  manager.MyListener - The element with locator --->By.xpath: //button[text()='Ok']---> was found
