15:45:11  INFO  manager.ApplicationManager - All tests starts in 'FIREFOX' browser
15:45:12  INFO  tests.TestBase - Name of test ---> loginSuccess
15:45:12  INFO  manager.MyListener - Start find element --->By.xpath: //*[text()=' Logout ']
15:45:17  INFO  manager.MyListener - The element with locator --->By.xpath: //*[text()=' Logout ']---> was found
15:45:17  INFO  tests.TestBase - Test start with email: [jack123@gmail.com] & password: [Js12345@]
15:45:17  INFO  manager.MyListener - Start find element --->By.xpath: //a[text()=' Log in ']
15:45:17  INFO  manager.MyListener - The element with locator --->By.xpath: //a[text()=' Log in ']---> was found
15:45:18  INFO  manager.MyListener - Start find element --->By.id: email
15:45:18  INFO  manager.MyListener - The element with locator --->By.id: email---> was found
15:45:18  INFO  manager.MyListener - Start find element --->By.id: password
15:45:18  INFO  manager.MyListener - The element with locator --->By.id: password---> was found
15:45:18  INFO  manager.MyListener - Start find element --->By.cssSelector: [type='submit']
15:45:18  INFO  manager.MyListener - The element with locator --->By.cssSelector: [type='submit']---> was found
15:45:19  INFO  manager.MyListener - Start find element --->By.xpath: //div[@class='dialog-container']
15:45:19  INFO  manager.MyListener - The element with locator --->By.xpath: //div[@class='dialog-container']---> was found
15:45:19  INFO  manager.MyListener - Start find element --->By.xpath: //button[text()='Ok']
15:45:19  INFO  manager.MyListener - The element with locator --->By.xpath: //button[text()='Ok']---> was found
15:45:19  INFO  tests.TestBase - Name of test ---> loginSuccessModel
15:45:19  INFO  manager.MyListener - Start find element --->By.xpath: //*[text()=' Logout ']
15:45:20  INFO  manager.MyListener - The element with locator --->By.xpath: //*[text()=' Logout ']---> was found
15:45:20  INFO  manager.MyListener - Start find element --->By.xpath: //*[text()=' Logout ']
15:45:20  INFO  manager.MyListener - The element with locator --->By.xpath: //*[text()=' Logout ']---> was found
15:45:20  INFO  tests.TestBase - The test start with dataUser{name='null', lastName='null', email='jack123@gmail.com', password='Js12345@'}
15:45:20  INFO  manager.MyListener - Start find element --->By.xpath: //a[text()=' Log in ']
15:45:20  INFO  manager.MyListener - The element with locator --->By.xpath: //a[text()=' Log in ']---> was found
15:45:20  INFO  manager.MyListener - Start find element --->By.id: email
15:45:20  INFO  manager.MyListener - The element with locator --->By.id: email---> was found
15:45:20  INFO  manager.MyListener - Start find element --->By.id: password
15:45:20  INFO  manager.MyListener - The element with locator --->By.id: password---> was found
15:45:21  INFO  manager.MyListener - Start find element --->By.cssSelector: [type='submit']
15:45:21  INFO  manager.MyListener - The element with locator --->By.cssSelector: [type='submit']---> was found
15:45:21  INFO  manager.MyListener - Start find element --->By.xpath: //div[@class='dialog-container']
15:45:21  INFO  manager.MyListener - The element with locator --->By.xpath: //div[@class='dialog-container']---> was found
15:45:21  INFO  manager.MyListener - Start find element --->By.xpath: //button[text()='Ok']
15:45:22  INFO  manager.MyListener - The element with locator --->By.xpath: //button[text()='Ok']---> was found
15:45:22  INFO  tests.TestBase - Name of test ---> loginSuccessModelDataProvider
15:45:22  INFO  manager.MyListener - Start find element --->By.xpath: //*[text()=' Logout ']
15:45:22  INFO  manager.MyListener - The element with locator --->By.xpath: //*[text()=' Logout ']---> was found
15:45:22  INFO  manager.MyListener - Start find element --->By.xpath: //*[text()=' Logout ']
15:45:22  INFO  manager.MyListener - The element with locator --->By.xpath: //*[text()=' Logout ']---> was found
15:45:22  INFO  tests.TestBase - The test start with dataUser{name='null', lastName='null', email='jack123@gmail.com', password='Js12345@'}
15:45:22  INFO  manager.MyListener - Start find element --->By.xpath: //a[text()=' Log in ']
15:45:22  INFO  manager.MyListener - The element with locator --->By.xpath: //a[text()=' Log in ']---> was found
15:45:22  INFO  manager.MyListener - Start find element --->By.id: email
15:45:22  INFO  manager.MyListener - The element with locator --->By.id: email---> was found
15:45:23  INFO  manager.MyListener - Start find element --->By.id: password
15:45:23  INFO  manager.MyListener - The element with locator --->By.id: password---> was found
15:45:23  INFO  manager.MyListener - Start find element --->By.cssSelector: [type='submit']
15:45:23  INFO  manager.MyListener - The element with locator --->By.cssSelector: [type='submit']---> was found
15:45:24  INFO  manager.MyListener - Start find element --->By.xpath: //div[@class='dialog-container']
15:45:24  INFO  manager.MyListener - The element with locator --->By.xpath: //div[@class='dialog-container']---> was found
15:45:24  INFO  manager.MyListener - Start find element --->By.xpath: //button[text()='Ok']
15:45:24  INFO  manager.MyListener - The element with locator --->By.xpath: //button[text()='Ok']---> was found
15:45:24  INFO  tests.TestBase - Name of test ---> loginSuccessModelDataProvider
15:45:24  INFO  manager.MyListener - Start find element --->By.xpath: //*[text()=' Logout ']
15:45:24  INFO  manager.MyListener - The element with locator --->By.xpath: //*[text()=' Logout ']---> was found
15:45:24  INFO  manager.MyListener - Start find element --->By.xpath: //*[text()=' Logout ']
15:45:24  INFO  manager.MyListener - The element with locator --->By.xpath: //*[text()=' Logout ']---> was found
15:45:24  INFO  tests.TestBase - The test start with dataUser{name='null', lastName='null', email='will123@gmail.com', password='Js12346@'}
15:45:24  INFO  manager.MyListener - Start find element --->By.xpath: //a[text()=' Log in ']
15:45:24  INFO  manager.MyListener - The element with locator --->By.xpath: //a[text()=' Log in ']---> was found
15:45:25  INFO  manager.MyListener - Start find element --->By.id: email
15:45:25  INFO  manager.MyListener - The element with locator --->By.id: email---> was found
15:45:25  INFO  manager.MyListener - Start find element --->By.id: password
15:45:25  INFO  manager.MyListener - The element with locator --->By.id: password---> was found
15:45:25  INFO  manager.MyListener - Start find element --->By.cssSelector: [type='submit']
15:45:25  INFO  manager.MyListener - The element with locator --->By.cssSelector: [type='submit']---> was found
15:45:26  INFO  manager.MyListener - Start find element --->By.xpath: //div[@class='dialog-container']
15:45:26  INFO  manager.MyListener - The element with locator --->By.xpath: //div[@class='dialog-container']---> was found
15:45:26  INFO  manager.MyListener - Start find element --->By.xpath: //button[text()='Ok']
15:45:26  INFO  manager.MyListener - The element with locator --->By.xpath: //button[text()='Ok']---> was found
15:45:26  INFO  tests.TestBase - Name of test ---> loginSuccessModelDataProvider
15:45:26  INFO  manager.MyListener - Start find element --->By.xpath: //*[text()=' Logout ']
15:45:26  INFO  manager.MyListener - The element with locator --->By.xpath: //*[text()=' Logout ']---> was found
15:45:26  INFO  manager.MyListener - Start find element --->By.xpath: //*[text()=' Logout ']
15:45:26  INFO  manager.MyListener - The element with locator --->By.xpath: //*[text()=' Logout ']---> was found
15:45:26  INFO  tests.TestBase - The test start with dataUser{name='null', lastName='null', email='syao123@gmail.com', password='Js12347@'}
15:45:26  INFO  manager.MyListener - Start find element --->By.xpath: //a[text()=' Log in ']
15:45:26  INFO  manager.MyListener - The element with locator --->By.xpath: //a[text()=' Log in ']---> was found
15:45:27  INFO  manager.MyListener - Start find element --->By.id: email
15:45:27  INFO  manager.MyListener - The element with locator --->By.id: email---> was found
15:45:27  INFO  manager.MyListener - Start find element --->By.id: password
15:45:27  INFO  manager.MyListener - The element with locator --->By.id: password---> was found
15:45:27  INFO  manager.MyListener - Start find element --->By.cssSelector: [type='submit']
15:45:27  INFO  manager.MyListener - The element with locator --->By.cssSelector: [type='submit']---> was found
15:45:28  INFO  manager.MyListener - Start find element --->By.xpath: //div[@class='dialog-container']
15:45:28  INFO  manager.MyListener - The element with locator --->By.xpath: //div[@class='dialog-container']---> was found
15:45:28  INFO  manager.MyListener - Start find element --->By.xpath: //button[text()='Ok']
15:45:28  INFO  manager.MyListener - The element with locator --->By.xpath: //button[text()='Ok']---> was found
15:45:28  INFO  tests.TestBase - Name of test ---> registrationSuccessDP
15:45:28  INFO  manager.MyListener - Start find element --->By.xpath: //*[text()=' Logout ']
15:45:28  INFO  manager.MyListener - The element with locator --->By.xpath: //*[text()=' Logout ']---> was found
15:45:28  INFO  manager.MyListener - Start find element --->By.xpath: //*[text()=' Logout ']
15:45:28  INFO  manager.MyListener - The element with locator --->By.xpath: //*[text()=' Logout ']---> was found
15:45:29  INFO  manager.MyListener - Start find element --->By.xpath: //a[text()=' Sign up ']
15:45:29  INFO  manager.MyListener - The element with locator --->By.xpath: //a[text()=' Sign up ']---> was found
15:45:29  INFO  manager.MyListener - Start find element --->By.tagName: form
15:45:29  INFO  manager.MyListener - The element with locator --->By.tagName: form---> was found
15:45:29  INFO  manager.MyListener - Start find element --->By.id: name
15:45:29  INFO  manager.MyListener - The element with locator --->By.id: name---> was found
15:45:29  INFO  manager.MyListener - Start find element --->By.cssSelector: #lastName
15:45:29  INFO  manager.MyListener - The element with locator --->By.cssSelector: #lastName---> was found
15:45:29  INFO  manager.MyListener - Start find element --->By.id: email
15:45:29  INFO  manager.MyListener - The element with locator --->By.id: email---> was found
15:45:30  INFO  manager.MyListener - Start find element --->By.cssSelector: #password
15:45:30  INFO  manager.MyListener - The element with locator --->By.cssSelector: #password---> was found
15:45:33  INFO  manager.MyListener - Start find element --->By.xpath: //label[@for='terms-of-use']
15:45:33  INFO  manager.MyListener - The element with locator --->By.xpath: //label[@for='terms-of-use']---> was found
15:45:37  INFO  manager.MyListener - Start find element --->By.cssSelector: [type='submit']
15:45:37  INFO  manager.MyListener - The element with locator --->By.cssSelector: [type='submit']---> was found
15:45:37  INFO  manager.MyListener - Start find element --->By.xpath: //div[@class='dialog-container']//h2
15:45:37  INFO  manager.MyListener - The element with locator --->By.xpath: //div[@class='dialog-container']//h2---> was found
15:45:37  INFO  manager.MyListener - Start find element --->By.xpath: //div[@class='dialog-container']
15:45:37  INFO  manager.MyListener - The element with locator --->By.xpath: //div[@class='dialog-container']---> was found
15:45:37  INFO  manager.MyListener - Start find element --->By.xpath: //button[text()='Ok']
15:45:37  INFO  manager.MyListener - The element with locator --->By.xpath: //button[text()='Ok']---> was found
15:45:37  INFO  tests.TestBase - Name of test ---> registrationSuccessDP
15:45:37  INFO  manager.MyListener - Start find element --->By.xpath: //*[text()=' Logout ']
15:45:42  INFO  manager.MyListener - The element with locator --->By.xpath: //*[text()=' Logout ']---> was found
15:45:42  INFO  manager.MyListener - Start find element --->By.xpath: //a[text()=' Sign up ']
15:45:42  INFO  manager.MyListener - The element with locator --->By.xpath: //a[text()=' Sign up ']---> was found
15:45:43  INFO  manager.MyListener - Start find element --->By.tagName: form
15:45:43  INFO  manager.MyListener - The element with locator --->By.tagName: form---> was found
15:45:43  INFO  manager.MyListener - Start find element --->By.id: name
15:45:43  INFO  manager.MyListener - The element with locator --->By.id: name---> was found
15:45:43  INFO  manager.MyListener - Start find element --->By.cssSelector: #lastName
15:45:43  INFO  manager.MyListener - The element with locator --->By.cssSelector: #lastName---> was found
15:45:43  INFO  manager.MyListener - Start find element --->By.id: email
15:45:43  INFO  manager.MyListener - The element with locator --->By.id: email---> was found
15:45:44  INFO  manager.MyListener - Start find element --->By.cssSelector: #password
15:45:44  INFO  manager.MyListener - The element with locator --->By.cssSelector: #password---> was found
15:45:47  INFO  manager.MyListener - Start find element --->By.xpath: //label[@for='terms-of-use']
15:45:47  INFO  manager.MyListener - The element with locator --->By.xpath: //label[@for='terms-of-use']---> was found
15:45:50  INFO  manager.MyListener - Start find element --->By.cssSelector: [type='submit']
15:45:50  INFO  manager.MyListener - The element with locator --->By.cssSelector: [type='submit']---> was found
15:45:51  INFO  manager.MyListener - Start find element --->By.xpath: //div[@class='dialog-container']//h2
15:45:56  INFO  manager.MyListener - We have a throwable --->Unable to locate element: //div[@class='dialog-container']//h2
For documentation on this error, please visit: https://www.seleniumhq.org/exceptions/no_such_element.html
Build info: version: '3.141.59', revision: 'e82be7d358', time: '2018-11-14T08:17:03'
System info: host: 'DESKTOP-O62I6CB', ip: '10.100.102.5', os.name: 'Windows 10', os.arch: 'amd64', os.version: '10.0', java.version: '11.0.13'
Driver info: org.openqa.selenium.firefox.FirefoxDriver
Capabilities {acceptInsecureCerts: true, browserName: firefox, browserVersion: 81.0.1, javascriptEnabled: true, moz:accessibilityChecks: false, moz:buildID: 20200930150533, moz:geckodriverVersion: 0.30.0, moz:headless: false, moz:processID: 2328, moz:profile: C:\Users\Natali\AppData\Loc..., moz:shutdownTimeout: 60000, moz:useNonSpecCompliantPointerOrigin: false, moz:webdriverClick: true, pageLoadStrategy: normal, platform: WINDOWS, platformName: WINDOWS, platformVersion: 10.0, rotatable: false, setWindowRect: true, strictFileInteractability: false, timeouts: {implicit: 0, pageLoad: 300000, script: 30000}, unhandledPromptBehavior: dismiss and notify}
Session ID: 62a64f5b-f8f1-4717-b270-0cb0256c5fb8
*** Element info: {Using=xpath, value=//div[@class='dialog-container']//h2}
15:45:56  INFO  manager.MyListener - org.openqa.selenium.NoSuchElementException: Unable to locate element: //div[@class='dialog-container']//h2
For documentation on this error, please visit: https://www.seleniumhq.org/exceptions/no_such_element.html
Build info: version: '3.141.59', revision: 'e82be7d358', time: '2018-11-14T08:17:03'
System info: host: 'DESKTOP-O62I6CB', ip: '10.100.102.5', os.name: 'Windows 10', os.arch: 'amd64', os.version: '10.0', java.version: '11.0.13'
Driver info: org.openqa.selenium.firefox.FirefoxDriver
Capabilities {acceptInsecureCerts: true, browserName: firefox, browserVersion: 81.0.1, javascriptEnabled: true, moz:accessibilityChecks: false, moz:buildID: 20200930150533, moz:geckodriverVersion: 0.30.0, moz:headless: false, moz:processID: 2328, moz:profile: C:\Users\Natali\AppData\Loc..., moz:shutdownTimeout: 60000, moz:useNonSpecCompliantPointerOrigin: false, moz:webdriverClick: true, pageLoadStrategy: normal, platform: WINDOWS, platformName: WINDOWS, platformVersion: 10.0, rotatable: false, setWindowRect: true, strictFileInteractability: false, timeouts: {implicit: 0, pageLoad: 300000, script: 30000}, unhandledPromptBehavior: dismiss and notify}
Session ID: 62a64f5b-f8f1-4717-b270-0cb0256c5fb8
*** Element info: {Using=xpath, value=//div[@class='dialog-container']//h2}
15:45:56  INFO  manager.MyListener - This is your screen with error -->src/test/screenshorts/screen2756.png
15:45:57  INFO  manager.MyListener - Start find element --->By.xpath: //div[@class='dialog-container']//h2
15:46:02  INFO  manager.MyListener - We have a throwable --->Unable to locate element: //div[@class='dialog-container']//h2
For documentation on this error, please visit: https://www.seleniumhq.org/exceptions/no_such_element.html
Build info: version: '3.141.59', revision: 'e82be7d358', time: '2018-11-14T08:17:03'
System info: host: 'DESKTOP-O62I6CB', ip: '10.100.102.5', os.name: 'Windows 10', os.arch: 'amd64', os.version: '10.0', java.version: '11.0.13'
Driver info: org.openqa.selenium.firefox.FirefoxDriver
Capabilities {acceptInsecureCerts: true, browserName: firefox, browserVersion: 81.0.1, javascriptEnabled: true, moz:accessibilityChecks: false, moz:buildID: 20200930150533, moz:geckodriverVersion: 0.30.0, moz:headless: false, moz:processID: 2328, moz:profile: C:\Users\Natali\AppData\Loc..., moz:shutdownTimeout: 60000, moz:useNonSpecCompliantPointerOrigin: false, moz:webdriverClick: true, pageLoadStrategy: normal, platform: WINDOWS, platformName: WINDOWS, platformVersion: 10.0, rotatable: false, setWindowRect: true, strictFileInteractability: false, timeouts: {implicit: 0, pageLoad: 300000, script: 30000}, unhandledPromptBehavior: dismiss and notify}
Session ID: 62a64f5b-f8f1-4717-b270-0cb0256c5fb8
*** Element info: {Using=xpath, value=//div[@class='dialog-container']//h2}
15:46:02  INFO  manager.MyListener - org.openqa.selenium.NoSuchElementException: Unable to locate element: //div[@class='dialog-container']//h2
For documentation on this error, please visit: https://www.seleniumhq.org/exceptions/no_such_element.html
Build info: version: '3.141.59', revision: 'e82be7d358', time: '2018-11-14T08:17:03'
System info: host: 'DESKTOP-O62I6CB', ip: '10.100.102.5', os.name: 'Windows 10', os.arch: 'amd64', os.version: '10.0', java.version: '11.0.13'
Driver info: org.openqa.selenium.firefox.FirefoxDriver
Capabilities {acceptInsecureCerts: true, browserName: firefox, browserVersion: 81.0.1, javascriptEnabled: true, moz:accessibilityChecks: false, moz:buildID: 20200930150533, moz:geckodriverVersion: 0.30.0, moz:headless: false, moz:processID: 2328, moz:profile: C:\Users\Natali\AppData\Loc..., moz:shutdownTimeout: 60000, moz:useNonSpecCompliantPointerOrigin: false, moz:webdriverClick: true, pageLoadStrategy: normal, platform: WINDOWS, platformName: WINDOWS, platformVersion: 10.0, rotatable: false, setWindowRect: true, strictFileInteractability: false, timeouts: {implicit: 0, pageLoad: 300000, script: 30000}, unhandledPromptBehavior: dismiss and notify}
Session ID: 62a64f5b-f8f1-4717-b270-0cb0256c5fb8
*** Element info: {Using=xpath, value=//div[@class='dialog-container']//h2}
15:46:02  INFO  manager.MyListener - This is your screen with error -->src/test/screenshorts/screen2762.png
15:46:03  INFO  manager.MyListener - Start find element --->By.xpath: //div[@class='dialog-container']//h2
15:46:08  INFO  manager.MyListener - We have a throwable --->Unable to locate element: //div[@class='dialog-container']//h2
For documentation on this error, please visit: https://www.seleniumhq.org/exceptions/no_such_element.html
Build info: version: '3.141.59', revision: 'e82be7d358', time: '2018-11-14T08:17:03'
System info: host: 'DESKTOP-O62I6CB', ip: '10.100.102.5', os.name: 'Windows 10', os.arch: 'amd64', os.version: '10.0', java.version: '11.0.13'
Driver info: org.openqa.selenium.firefox.FirefoxDriver
Capabilities {acceptInsecureCerts: true, browserName: firefox, browserVersion: 81.0.1, javascriptEnabled: true, moz:accessibilityChecks: false, moz:buildID: 20200930150533, moz:geckodriverVersion: 0.30.0, moz:headless: false, moz:processID: 2328, moz:profile: C:\Users\Natali\AppData\Loc..., moz:shutdownTimeout: 60000, moz:useNonSpecCompliantPointerOrigin: false, moz:webdriverClick: true, pageLoadStrategy: normal, platform: WINDOWS, platformName: WINDOWS, platformVersion: 10.0, rotatable: false, setWindowRect: true, strictFileInteractability: false, timeouts: {implicit: 0, pageLoad: 300000, script: 30000}, unhandledPromptBehavior: dismiss and notify}
Session ID: 62a64f5b-f8f1-4717-b270-0cb0256c5fb8
*** Element info: {Using=xpath, value=//div[@class='dialog-container']//h2}
15:46:08  INFO  manager.MyListener - org.openqa.selenium.NoSuchElementException: Unable to locate element: //div[@class='dialog-container']//h2
For documentation on this error, please visit: https://www.seleniumhq.org/exceptions/no_such_element.html
Build info: version: '3.141.59', revision: 'e82be7d358', time: '2018-11-14T08:17:03'
System info: host: 'DESKTOP-O62I6CB', ip: '10.100.102.5', os.name: 'Windows 10', os.arch: 'amd64', os.version: '10.0', java.version: '11.0.13'
Driver info: org.openqa.selenium.firefox.FirefoxDriver
Capabilities {acceptInsecureCerts: true, browserName: firefox, browserVersion: 81.0.1, javascriptEnabled: true, moz:accessibilityChecks: false, moz:buildID: 20200930150533, moz:geckodriverVersion: 0.30.0, moz:headless: false, moz:processID: 2328, moz:profile: C:\Users\Natali\AppData\Loc..., moz:shutdownTimeout: 60000, moz:useNonSpecCompliantPointerOrigin: false, moz:webdriverClick: true, pageLoadStrategy: normal, platform: WINDOWS, platformName: WINDOWS, platformVersion: 10.0, rotatable: false, setWindowRect: true, strictFileInteractability: false, timeouts: {implicit: 0, pageLoad: 300000, script: 30000}, unhandledPromptBehavior: dismiss and notify}
Session ID: 62a64f5b-f8f1-4717-b270-0cb0256c5fb8
*** Element info: {Using=xpath, value=//div[@class='dialog-container']//h2}
15:46:08  INFO  manager.MyListener - This is your screen with error -->src/test/screenshorts/screen2768.png
15:46:09  INFO  manager.MyListener - Start find element --->By.xpath: //div[@class='dialog-container']//h2
15:46:14  INFO  manager.MyListener - We have a throwable --->Unable to locate element: //div[@class='dialog-container']//h2
For documentation on this error, please visit: https://www.seleniumhq.org/exceptions/no_such_element.html
Build info: version: '3.141.59', revision: 'e82be7d358', time: '2018-11-14T08:17:03'
System info: host: 'DESKTOP-O62I6CB', ip: '10.100.102.5', os.name: 'Windows 10', os.arch: 'amd64', os.version: '10.0', java.version: '11.0.13'
Driver info: org.openqa.selenium.firefox.FirefoxDriver
Capabilities {acceptInsecureCerts: true, browserName: firefox, browserVersion: 81.0.1, javascriptEnabled: true, moz:accessibilityChecks: false, moz:buildID: 20200930150533, moz:geckodriverVersion: 0.30.0, moz:headless: false, moz:processID: 2328, moz:profile: C:\Users\Natali\AppData\Loc..., moz:shutdownTimeout: 60000, moz:useNonSpecCompliantPointerOrigin: false, moz:webdriverClick: true, pageLoadStrategy: normal, platform: WINDOWS, platformName: WINDOWS, platformVersion: 10.0, rotatable: false, setWindowRect: true, strictFileInteractability: false, timeouts: {implicit: 0, pageLoad: 300000, script: 30000}, unhandledPromptBehavior: dismiss and notify}
Session ID: 62a64f5b-f8f1-4717-b270-0cb0256c5fb8
*** Element info: {Using=xpath, value=//div[@class='dialog-container']//h2}
15:46:14  INFO  manager.MyListener - org.openqa.selenium.NoSuchElementException: Unable to locate element: //div[@class='dialog-container']//h2
For documentation on this error, please visit: https://www.seleniumhq.org/exceptions/no_such_element.html
Build info: version: '3.141.59', revision: 'e82be7d358', time: '2018-11-14T08:17:03'
System info: host: 'DESKTOP-O62I6CB', ip: '10.100.102.5', os.name: 'Windows 10', os.arch: 'amd64', os.version: '10.0', java.version: '11.0.13'
Driver info: org.openqa.selenium.firefox.FirefoxDriver
Capabilities {acceptInsecureCerts: true, browserName: firefox, browserVersion: 81.0.1, javascriptEnabled: true, moz:accessibilityChecks: false, moz:buildID: 20200930150533, moz:geckodriverVersion: 0.30.0, moz:headless: false, moz:processID: 2328, moz:profile: C:\Users\Natali\AppData\Loc..., moz:shutdownTimeout: 60000, moz:useNonSpecCompliantPointerOrigin: false, moz:webdriverClick: true, pageLoadStrategy: normal, platform: WINDOWS, platformName: WINDOWS, platformVersion: 10.0, rotatable: false, setWindowRect: true, strictFileInteractability: false, timeouts: {implicit: 0, pageLoad: 300000, script: 30000}, unhandledPromptBehavior: dismiss and notify}
Session ID: 62a64f5b-f8f1-4717-b270-0cb0256c5fb8
*** Element info: {Using=xpath, value=//div[@class='dialog-container']//h2}
15:46:14  INFO  manager.MyListener - This is your screen with error -->src/test/screenshorts/screen2774.png
15:46:14  INFO  manager.MyListener - Start find element --->By.xpath: //div[@class='dialog-container']
15:46:19  INFO  manager.MyListener - We have a throwable --->Unable to locate element: //div[@class='dialog-container']
For documentation on this error, please visit: https://www.seleniumhq.org/exceptions/no_such_element.html
Build info: version: '3.141.59', revision: 'e82be7d358', time: '2018-11-14T08:17:03'
System info: host: 'DESKTOP-O62I6CB', ip: '10.100.102.5', os.name: 'Windows 10', os.arch: 'amd64', os.version: '10.0', java.version: '11.0.13'
Driver info: org.openqa.selenium.firefox.FirefoxDriver
Capabilities {acceptInsecureCerts: true, browserName: firefox, browserVersion: 81.0.1, javascriptEnabled: true, moz:accessibilityChecks: false, moz:buildID: 20200930150533, moz:geckodriverVersion: 0.30.0, moz:headless: false, moz:processID: 2328, moz:profile: C:\Users\Natali\AppData\Loc..., moz:shutdownTimeout: 60000, moz:useNonSpecCompliantPointerOrigin: false, moz:webdriverClick: true, pageLoadStrategy: normal, platform: WINDOWS, platformName: WINDOWS, platformVersion: 10.0, rotatable: false, setWindowRect: true, strictFileInteractability: false, timeouts: {implicit: 0, pageLoad: 300000, script: 30000}, unhandledPromptBehavior: dismiss and notify}
Session ID: 62a64f5b-f8f1-4717-b270-0cb0256c5fb8
*** Element info: {Using=xpath, value=//div[@class='dialog-container']}
15:46:19  INFO  manager.MyListener - org.openqa.selenium.NoSuchElementException: Unable to locate element: //div[@class='dialog-container']
For documentation on this error, please visit: https://www.seleniumhq.org/exceptions/no_such_element.html
Build info: version: '3.141.59', revision: 'e82be7d358', time: '2018-11-14T08:17:03'
System info: host: 'DESKTOP-O62I6CB', ip: '10.100.102.5', os.name: 'Windows 10', os.arch: 'amd64', os.version: '10.0', java.version: '11.0.13'
Driver info: org.openqa.selenium.firefox.FirefoxDriver
Capabilities {acceptInsecureCerts: true, browserName: firefox, browserVersion: 81.0.1, javascriptEnabled: true, moz:accessibilityChecks: false, moz:buildID: 20200930150533, moz:geckodriverVersion: 0.30.0, moz:headless: false, moz:processID: 2328, moz:profile: C:\Users\Natali\AppData\Loc..., moz:shutdownTimeout: 60000, moz:useNonSpecCompliantPointerOrigin: false, moz:webdriverClick: true, pageLoadStrategy: normal, platform: WINDOWS, platformName: WINDOWS, platformVersion: 10.0, rotatable: false, setWindowRect: true, strictFileInteractability: false, timeouts: {implicit: 0, pageLoad: 300000, script: 30000}, unhandledPromptBehavior: dismiss and notify}
Session ID: 62a64f5b-f8f1-4717-b270-0cb0256c5fb8
*** Element info: {Using=xpath, value=//div[@class='dialog-container']}
15:46:19  INFO  manager.MyListener - This is your screen with error -->src/test/screenshorts/screen2779.png
15:46:20  INFO  manager.MyListener - Start find element --->By.xpath: //div[@class='dialog-container']
15:46:25  INFO  manager.MyListener - We have a throwable --->Unable to locate element: //div[@class='dialog-container']
For documentation on this error, please visit: https://www.seleniumhq.org/exceptions/no_such_element.html
Build info: version: '3.141.59', revision: 'e82be7d358', time: '2018-11-14T08:17:03'
System info: host: 'DESKTOP-O62I6CB', ip: '10.100.102.5', os.name: 'Windows 10', os.arch: 'amd64', os.version: '10.0', java.version: '11.0.13'
Driver info: org.openqa.selenium.firefox.FirefoxDriver
Capabilities {acceptInsecureCerts: true, browserName: firefox, browserVersion: 81.0.1, javascriptEnabled: true, moz:accessibilityChecks: false, moz:buildID: 20200930150533, moz:geckodriverVersion: 0.30.0, moz:headless: false, moz:processID: 2328, moz:profile: C:\Users\Natali\AppData\Loc..., moz:shutdownTimeout: 60000, moz:useNonSpecCompliantPointerOrigin: false, moz:webdriverClick: true, pageLoadStrategy: normal, platform: WINDOWS, platformName: WINDOWS, platformVersion: 10.0, rotatable: false, setWindowRect: true, strictFileInteractability: false, timeouts: {implicit: 0, pageLoad: 300000, script: 30000}, unhandledPromptBehavior: dismiss and notify}
Session ID: 62a64f5b-f8f1-4717-b270-0cb0256c5fb8
*** Element info: {Using=xpath, value=//div[@class='dialog-container']}
15:46:25  INFO  manager.MyListener - org.openqa.selenium.NoSuchElementException: Unable to locate element: //div[@class='dialog-container']
For documentation on this error, please visit: https://www.seleniumhq.org/exceptions/no_such_element.html
Build info: version: '3.141.59', revision: 'e82be7d358', time: '2018-11-14T08:17:03'
System info: host: 'DESKTOP-O62I6CB', ip: '10.100.102.5', os.name: 'Windows 10', os.arch: 'amd64', os.version: '10.0', java.version: '11.0.13'
Driver info: org.openqa.selenium.firefox.FirefoxDriver
Capabilities {acceptInsecureCerts: true, browserName: firefox, browserVersion: 81.0.1, javascriptEnabled: true, moz:accessibilityChecks: false, moz:buildID: 20200930150533, moz:geckodriverVersion: 0.30.0, moz:headless: false, moz:processID: 2328, moz:profile: C:\Users\Natali\AppData\Loc..., moz:shutdownTimeout: 60000, moz:useNonSpecCompliantPointerOrigin: false, moz:webdriverClick: true, pageLoadStrategy: normal, platform: WINDOWS, platformName: WINDOWS, platformVersion: 10.0, rotatable: false, setWindowRect: true, strictFileInteractability: false, timeouts: {implicit: 0, pageLoad: 300000, script: 30000}, unhandledPromptBehavior: dismiss and notify}
Session ID: 62a64f5b-f8f1-4717-b270-0cb0256c5fb8
*** Element info: {Using=xpath, value=//div[@class='dialog-container']}
15:46:25  INFO  manager.MyListener - This is your screen with error -->src/test/screenshorts/screen2785.png
15:46:26  INFO  manager.MyListener - Start find element --->By.xpath: //div[@class='dialog-container']
15:46:31  INFO  manager.MyListener - We have a throwable --->Unable to locate element: //div[@class='dialog-container']
For documentation on this error, please visit: https://www.seleniumhq.org/exceptions/no_such_element.html
Build info: version: '3.141.59', revision: 'e82be7d358', time: '2018-11-14T08:17:03'
System info: host: 'DESKTOP-O62I6CB', ip: '10.100.102.5', os.name: 'Windows 10', os.arch: 'amd64', os.version: '10.0', java.version: '11.0.13'
Driver info: org.openqa.selenium.firefox.FirefoxDriver
Capabilities {acceptInsecureCerts: true, browserName: firefox, browserVersion: 81.0.1, javascriptEnabled: true, moz:accessibilityChecks: false, moz:buildID: 20200930150533, moz:geckodriverVersion: 0.30.0, moz:headless: false, moz:processID: 2328, moz:profile: C:\Users\Natali\AppData\Loc..., moz:shutdownTimeout: 60000, moz:useNonSpecCompliantPointerOrigin: false, moz:webdriverClick: true, pageLoadStrategy: normal, platform: WINDOWS, platformName: WINDOWS, platformVersion: 10.0, rotatable: false, setWindowRect: true, strictFileInteractability: false, timeouts: {implicit: 0, pageLoad: 300000, script: 30000}, unhandledPromptBehavior: dismiss and notify}
Session ID: 62a64f5b-f8f1-4717-b270-0cb0256c5fb8
*** Element info: {Using=xpath, value=//div[@class='dialog-container']}
15:46:31  INFO  manager.MyListener - org.openqa.selenium.NoSuchElementException: Unable to locate element: //div[@class='dialog-container']
For documentation on this error, please visit: https://www.seleniumhq.org/exceptions/no_such_element.html
Build info: version: '3.141.59', revision: 'e82be7d358', time: '2018-11-14T08:17:03'
System info: host: 'DESKTOP-O62I6CB', ip: '10.100.102.5', os.name: 'Windows 10', os.arch: 'amd64', os.version: '10.0', java.version: '11.0.13'
Driver info: org.openqa.selenium.firefox.FirefoxDriver
Capabilities {acceptInsecureCerts: true, browserName: firefox, browserVersion: 81.0.1, javascriptEnabled: true, moz:accessibilityChecks: false, moz:buildID: 20200930150533, moz:geckodriverVersion: 0.30.0, moz:headless: false, moz:processID: 2328, moz:profile: C:\Users\Natali\AppData\Loc..., moz:shutdownTimeout: 60000, moz:useNonSpecCompliantPointerOrigin: false, moz:webdriverClick: true, pageLoadStrategy: normal, platform: WINDOWS, platformName: WINDOWS, platformVersion: 10.0, rotatable: false, setWindowRect: true, strictFileInteractability: false, timeouts: {implicit: 0, pageLoad: 300000, script: 30000}, unhandledPromptBehavior: dismiss and notify}
Session ID: 62a64f5b-f8f1-4717-b270-0cb0256c5fb8
*** Element info: {Using=xpath, value=//div[@class='dialog-container']}
15:46:31  INFO  manager.MyListener - This is your screen with error -->src/test/screenshorts/screen2791.png
