13:18:48  INFO  manager.ApplicationManager - All tests starts in 'Chrom' browser
13:18:49  INFO  tests.TestBase - Name of test ---> searchPeriodAnyDataInFuture
13:18:49  INFO  manager.MyListener - Start find element --->By.id: city
13:18:49  INFO  manager.MyListener - The element with locator --->By.id: city---> was found
13:18:50  INFO  manager.MyListener - Start find element --->By.cssSelector: .pac-item
13:18:50  INFO  manager.MyListener - The element with locator --->By.cssSelector: .pac-item---> was found
13:18:51  INFO  manager.MyListener - Start find element --->By.id: dates
13:18:51  INFO  manager.MyListener - The element with locator --->By.id: dates---> was found
13:18:51  INFO  manager.MyListener - Start find element --->By.cssSelector: button[aria-label='Next month']
13:18:51  INFO  manager.MyListener - The element with locator --->By.cssSelector: button[aria-label='Next month']---> was found
13:18:51  INFO  manager.MyListener - Start find element --->By.cssSelector: button[aria-label='Next month']
13:18:51  INFO  manager.MyListener - The element with locator --->By.cssSelector: button[aria-label='Next month']---> was found
13:18:51  INFO  manager.MyListener - Start find element --->By.cssSelector: button[aria-label='Next month']
13:18:51  INFO  manager.MyListener - The element with locator --->By.cssSelector: button[aria-label='Next month']---> was found
13:18:51  INFO  manager.MyListener - Start find element --->By.cssSelector: button[aria-label='Next month']
13:18:51  INFO  manager.MyListener - The element with locator --->By.cssSelector: button[aria-label='Next month']---> was found
13:18:51  INFO  manager.MyListener - Start find element --->By.cssSelector: button[aria-label='Next month']
13:18:51  INFO  manager.MyListener - The element with locator --->By.cssSelector: button[aria-label='Next month']---> was found
13:18:51  INFO  manager.MyListener - Start find element --->By.cssSelector: button[aria-label='Next month']
13:18:51  INFO  manager.MyListener - The element with locator --->By.cssSelector: button[aria-label='Next month']---> was found
13:18:51  INFO  manager.MyListener - Start find element --->By.cssSelector: button[aria-label='Next month']
13:18:51  INFO  manager.MyListener - The element with locator --->By.cssSelector: button[aria-label='Next month']---> was found
13:18:51  INFO  manager.MyListener - Start find element --->By.cssSelector: button[aria-label='Next month']
13:18:51  INFO  manager.MyListener - The element with locator --->By.cssSelector: button[aria-label='Next month']---> was found
13:18:51  INFO  manager.MyListener - Start find element --->By.cssSelector: button[aria-label='Next month']
13:18:51  INFO  manager.MyListener - The element with locator --->By.cssSelector: button[aria-label='Next month']---> was found
13:18:51  INFO  manager.MyListener - Start find element --->By.cssSelector: button[aria-label='Next month']
13:18:51  INFO  manager.MyListener - The element with locator --->By.cssSelector: button[aria-label='Next month']---> was found
13:18:51  INFO  manager.MyListener - Start find element --->By.cssSelector: button[aria-label='Next month']
13:18:51  INFO  manager.MyListener - The element with locator --->By.cssSelector: button[aria-label='Next month']---> was found
13:18:51  INFO  manager.MyListener - Start find element --->By.xpath: //div[text()=' 10 ']
13:18:51  INFO  manager.MyListener - The element with locator --->By.xpath: //div[text()=' 10 ']---> was found
13:18:51  INFO  manager.MyListener - Start find element --->By.xpath: //div[text()=' 31 ']
13:18:52  INFO  manager.MyListener - The element with locator --->By.xpath: //div[text()=' 31 ']---> was found
13:18:59  INFO  manager.MyListener - Start find element --->By.cssSelector: [type='submit']
13:18:59  INFO  manager.MyListener - The element with locator --->By.cssSelector: [type='submit']---> was found
13:18:59  INFO  manager.MyListener - Start find element --->By.cssSelector: .search-results
13:18:59  INFO  manager.MyListener - The element with locator --->By.cssSelector: .search-results---> was found
13:18:59  INFO  manager.MyListener - Start find element --->By.cssSelector: .header a[href='/']
13:18:59  INFO  manager.MyListener - The element with locator --->By.cssSelector: .header a[href='/']---> was found
13:18:59  INFO  tests.TestBase - Name of test ---> searchPeriodCurrentMonth
13:18:59  INFO  manager.MyListener - Start find element --->By.id: city
13:18:59  INFO  manager.MyListener - The element with locator --->By.id: city---> was found
13:18:59  INFO  manager.MyListener - Start find element --->By.cssSelector: .pac-item
13:19:00  INFO  manager.MyListener - The element with locator --->By.cssSelector: .pac-item---> was found
13:19:00  INFO  manager.MyListener - Start find element --->By.id: dates
13:19:00  INFO  manager.MyListener - The element with locator --->By.id: dates---> was found
13:19:01  INFO  manager.MyListener - Start find element --->By.xpath: //div[text()=' 7 ']
13:19:01  INFO  manager.MyListener - The element with locator --->By.xpath: //div[text()=' 7 ']---> was found
13:19:01  INFO  manager.MyListener - Start find element --->By.xpath: //div[text()=' 11 ']
13:19:01  INFO  manager.MyListener - The element with locator --->By.xpath: //div[text()=' 11 ']---> was found
13:19:06  INFO  manager.MyListener - Start find element --->By.cssSelector: [type='submit']
13:19:06  INFO  manager.MyListener - The element with locator --->By.cssSelector: [type='submit']---> was found
13:19:06  INFO  manager.MyListener - Start find element --->By.cssSelector: .search-results
13:19:06  INFO  manager.MyListener - The element with locator --->By.cssSelector: .search-results---> was found
13:19:06  INFO  manager.MyListener - Start find element --->By.cssSelector: .header a[href='/']
13:19:06  INFO  manager.MyListener - The element with locator --->By.cssSelector: .header a[href='/']---> was found
13:19:06  INFO  tests.TestBase - Name of test ---> searchPeriodCurrentMonth2
13:19:06  INFO  manager.MyListener - Start find element --->By.id: city
13:19:06  INFO  manager.MyListener - The element with locator --->By.id: city---> was found
13:19:06  INFO  manager.MyListener - Start find element --->By.cssSelector: .pac-item
13:19:07  INFO  manager.MyListener - The element with locator --->By.cssSelector: .pac-item---> was found
13:19:07  INFO  manager.MyListener - Start find element --->By.id: dates
13:19:07  INFO  manager.MyListener - The element with locator --->By.id: dates---> was found
13:19:07  INFO  manager.MyListener - Start find element --->By.xpath: //div[text()=' 11 ']
13:19:07  INFO  manager.MyListener - The element with locator --->By.xpath: //div[text()=' 11 ']---> was found
13:19:07  INFO  manager.MyListener - Start find element --->By.xpath: //div[text()=' 15 ']
13:19:07  INFO  manager.MyListener - The element with locator --->By.xpath: //div[text()=' 15 ']---> was found
13:19:13  INFO  manager.MyListener - Start find element --->By.cssSelector: [type='submit']
13:19:13  INFO  manager.MyListener - The element with locator --->By.cssSelector: [type='submit']---> was found
13:19:13  INFO  manager.MyListener - Start find element --->By.cssSelector: .search-results
13:19:13  INFO  manager.MyListener - The element with locator --->By.cssSelector: .search-results---> was found
13:19:13  INFO  manager.MyListener - Start find element --->By.cssSelector: .header a[href='/']
13:19:13  INFO  manager.MyListener - The element with locator --->By.cssSelector: .header a[href='/']---> was found
13:19:13  INFO  tests.TestBase - Name of test ---> typePeriodInPast
13:19:13  INFO  manager.MyListener - Start find element --->By.id: city
13:19:13  INFO  manager.MyListener - The element with locator --->By.id: city---> was found
13:19:13  INFO  manager.MyListener - Start find element --->By.cssSelector: .pac-item
13:19:13  INFO  manager.MyListener - The element with locator --->By.cssSelector: .pac-item---> was found
13:19:14  INFO  manager.MyListener - Start find element --->By.id: dates
13:19:14  INFO  manager.MyListener - The element with locator --->By.id: dates---> was found
13:19:14  INFO  manager.MyListener - Start find element --->By.cssSelector: .cdk-overlay-container
13:19:14  INFO  manager.MyListener - The element with locator --->By.cssSelector: .cdk-overlay-container---> was found
13:19:21  INFO  manager.MyListener - Start find element --->By.cssSelector: .error .ng-star-inserted
13:19:21  INFO  manager.MyListener - The element with locator --->By.cssSelector: .error .ng-star-inserted---> was found
13:19:21  INFO  manager.MyListener - Start find element --->By.cssSelector: .header a[href='/']
13:19:21  INFO  manager.MyListener - The element with locator --->By.cssSelector: .header a[href='/']---> was found
