13:16:56  INFO  manager.ApplicationManager - All tests starts in 'Chrom' browser
13:16:58  INFO  tests.TestBase - Name of test ---> registrationSuccessDP
13:16:58  INFO  manager.MyListener - Start find element --->By.xpath: //*[text()=' Logout ']
13:17:03  INFO  manager.MyListener - The element with locator --->By.xpath: //*[text()=' Logout ']---> was found
13:17:03  INFO  manager.MyListener - Start find element --->By.xpath: //a[text()=' Sign up ']
13:17:03  INFO  manager.MyListener - The element with locator --->By.xpath: //a[text()=' Sign up ']---> was found
13:17:03  INFO  manager.MyListener - Start find element --->By.tagName: form
13:17:03  INFO  manager.MyListener - The element with locator --->By.tagName: form---> was found
13:17:03  INFO  manager.MyListener - Start find element --->By.id: name
13:17:03  INFO  manager.MyListener - The element with locator --->By.id: name---> was found
13:17:03  INFO  manager.MyListener - Start find element --->By.cssSelector: #lastName
13:17:03  INFO  manager.MyListener - The element with locator --->By.cssSelector: #lastName---> was found
13:17:03  INFO  manager.MyListener - Start find element --->By.id: email
13:17:03  INFO  manager.MyListener - The element with locator --->By.id: email---> was found
13:17:03  INFO  manager.MyListener - Start find element --->By.cssSelector: #password
13:17:03  INFO  manager.MyListener - The element with locator --->By.cssSelector: #password---> was found
13:17:06  INFO  manager.MyListener - Start find element --->By.xpath: //label[@for='terms-of-use']
13:17:06  INFO  manager.MyListener - The element with locator --->By.xpath: //label[@for='terms-of-use']---> was found
13:17:10  INFO  manager.MyListener - Start find element --->By.cssSelector: [type='submit']
13:17:10  INFO  manager.MyListener - The element with locator --->By.cssSelector: [type='submit']---> was found
13:17:10  INFO  manager.MyListener - Start find element --->By.xpath: //div[@class='dialog-container']//h2
13:17:10  INFO  manager.MyListener - The element with locator --->By.xpath: //div[@class='dialog-container']//h2---> was found
13:17:10  INFO  manager.MyListener - Start find element --->By.xpath: //div[@class='dialog-container']
13:17:10  INFO  manager.MyListener - The element with locator --->By.xpath: //div[@class='dialog-container']---> was found
13:17:10  INFO  manager.MyListener - Start find element --->By.xpath: //button[text()='Ok']
13:17:10  INFO  manager.MyListener - The element with locator --->By.xpath: //button[text()='Ok']---> was found
13:17:10  INFO  tests.TestBase - Name of test ---> registrationSuccessDP
13:17:10  INFO  manager.MyListener - Start find element --->By.xpath: //*[text()=' Logout ']
13:17:10  INFO  manager.MyListener - The element with locator --->By.xpath: //*[text()=' Logout ']---> was found
13:17:10  INFO  manager.MyListener - Start find element --->By.xpath: //*[text()=' Logout ']
13:17:10  INFO  manager.MyListener - The element with locator --->By.xpath: //*[text()=' Logout ']---> was found
13:17:11  INFO  manager.MyListener - Start find element --->By.xpath: //a[text()=' Sign up ']
13:17:11  INFO  manager.MyListener - The element with locator --->By.xpath: //a[text()=' Sign up ']---> was found
13:17:11  INFO  manager.MyListener - Start find element --->By.tagName: form
13:17:11  INFO  manager.MyListener - The element with locator --->By.tagName: form---> was found
13:17:11  INFO  manager.MyListener - Start find element --->By.id: name
13:17:11  INFO  manager.MyListener - The element with locator --->By.id: name---> was found
13:17:11  INFO  manager.MyListener - Start find element --->By.cssSelector: #lastName
13:17:11  INFO  manager.MyListener - The element with locator --->By.cssSelector: #lastName---> was found
13:17:11  INFO  manager.MyListener - Start find element --->By.id: email
13:17:11  INFO  manager.MyListener - The element with locator --->By.id: email---> was found
13:17:11  INFO  manager.MyListener - Start find element --->By.cssSelector: #password
13:17:11  INFO  manager.MyListener - The element with locator --->By.cssSelector: #password---> was found
13:17:14  INFO  manager.MyListener - Start find element --->By.xpath: //label[@for='terms-of-use']
13:17:14  INFO  manager.MyListener - The element with locator --->By.xpath: //label[@for='terms-of-use']---> was found
13:17:18  INFO  manager.MyListener - Start find element --->By.cssSelector: [type='submit']
13:17:18  INFO  manager.MyListener - The element with locator --->By.cssSelector: [type='submit']---> was found
13:17:18  INFO  manager.MyListener - Start find element --->By.xpath: //div[@class='dialog-container']//h2
13:17:18  INFO  manager.MyListener - The element with locator --->By.xpath: //div[@class='dialog-container']//h2---> was found
13:17:18  INFO  manager.MyListener - Start find element --->By.xpath: //div[@class='dialog-container']
13:17:18  INFO  manager.MyListener - The element with locator --->By.xpath: //div[@class='dialog-container']---> was found
13:17:18  INFO  manager.MyListener - Start find element --->By.xpath: //button[text()='Ok']
13:17:18  INFO  manager.MyListener - The element with locator --->By.xpath: //button[text()='Ok']---> was found
13:17:18  INFO  tests.TestBase - Name of test ---> registrationSuccessDP
13:17:18  INFO  manager.MyListener - Start find element --->By.xpath: //*[text()=' Logout ']
13:17:18  INFO  manager.MyListener - The element with locator --->By.xpath: //*[text()=' Logout ']---> was found
13:17:18  INFO  manager.MyListener - Start find element --->By.xpath: //*[text()=' Logout ']
13:17:18  INFO  manager.MyListener - The element with locator --->By.xpath: //*[text()=' Logout ']---> was found
13:17:19  INFO  manager.MyListener - Start find element --->By.xpath: //a[text()=' Sign up ']
13:17:19  INFO  manager.MyListener - The element with locator --->By.xpath: //a[text()=' Sign up ']---> was found
13:17:19  INFO  manager.MyListener - Start find element --->By.tagName: form
13:17:19  INFO  manager.MyListener - The element with locator --->By.tagName: form---> was found
13:17:19  INFO  manager.MyListener - Start find element --->By.id: name
13:17:19  INFO  manager.MyListener - The element with locator --->By.id: name---> was found
13:17:19  INFO  manager.MyListener - Start find element --->By.cssSelector: #lastName
13:17:19  INFO  manager.MyListener - The element with locator --->By.cssSelector: #lastName---> was found
13:17:19  INFO  manager.MyListener - Start find element --->By.id: email
13:17:19  INFO  manager.MyListener - The element with locator --->By.id: email---> was found
13:17:19  INFO  manager.MyListener - Start find element --->By.cssSelector: #password
13:17:19  INFO  manager.MyListener - The element with locator --->By.cssSelector: #password---> was found
13:17:22  INFO  manager.MyListener - Start find element --->By.xpath: //label[@for='terms-of-use']
13:17:22  INFO  manager.MyListener - The element with locator --->By.xpath: //label[@for='terms-of-use']---> was found
13:17:26  INFO  manager.MyListener - Start find element --->By.cssSelector: [type='submit']
13:17:26  INFO  manager.MyListener - The element with locator --->By.cssSelector: [type='submit']---> was found
13:17:26  INFO  manager.MyListener - Start find element --->By.xpath: //div[@class='dialog-container']//h2
13:17:26  INFO  manager.MyListener - The element with locator --->By.xpath: //div[@class='dialog-container']//h2---> was found
13:17:26  INFO  manager.MyListener - Start find element --->By.xpath: //div[@class='dialog-container']
13:17:26  INFO  manager.MyListener - The element with locator --->By.xpath: //div[@class='dialog-container']---> was found
13:17:26  INFO  manager.MyListener - Start find element --->By.xpath: //button[text()='Ok']
13:17:26  INFO  manager.MyListener - The element with locator --->By.xpath: //button[text()='Ok']---> was found
