13:23:05  INFO  manager.ApplicationManager - All tests starts in 'Chrom' browser
13:23:07  INFO  tests.TestBase - Name of test ---> searchPeriodAnyDataInFuture
13:23:07  INFO  manager.MyListener - Start find element --->By.id: city
13:23:07  INFO  manager.MyListener - The element with locator --->By.id: city---> was found
13:23:07  INFO  manager.MyListener - Start find element --->By.cssSelector: .pac-item
13:23:07  INFO  manager.MyListener - The element with locator --->By.cssSelector: .pac-item---> was found
13:23:08  INFO  manager.MyListener - Start find element --->By.id: dates
13:23:08  INFO  manager.MyListener - The element with locator --->By.id: dates---> was found
13:23:08  INFO  manager.MyListener - Start find element --->By.cssSelector: button[aria-label='Next month']
13:23:08  INFO  manager.MyListener - The element with locator --->By.cssSelector: button[aria-label='Next month']---> was found
13:23:08  INFO  manager.MyListener - Start find element --->By.cssSelector: button[aria-label='Next month']
13:23:08  INFO  manager.MyListener - The element with locator --->By.cssSelector: button[aria-label='Next month']---> was found
13:23:08  INFO  manager.MyListener - Start find element --->By.cssSelector: button[aria-label='Next month']
13:23:08  INFO  manager.MyListener - The element with locator --->By.cssSelector: button[aria-label='Next month']---> was found
13:23:08  INFO  manager.MyListener - Start find element --->By.cssSelector: button[aria-label='Next month']
13:23:08  INFO  manager.MyListener - The element with locator --->By.cssSelector: button[aria-label='Next month']---> was found
13:23:08  INFO  manager.MyListener - Start find element --->By.cssSelector: button[aria-label='Next month']
13:23:08  INFO  manager.MyListener - The element with locator --->By.cssSelector: button[aria-label='Next month']---> was found
13:23:08  INFO  manager.MyListener - Start find element --->By.cssSelector: button[aria-label='Next month']
13:23:08  INFO  manager.MyListener - The element with locator --->By.cssSelector: button[aria-label='Next month']---> was found
13:23:08  INFO  manager.MyListener - Start find element --->By.cssSelector: button[aria-label='Next month']
13:23:08  INFO  manager.MyListener - The element with locator --->By.cssSelector: button[aria-label='Next month']---> was found
13:23:08  INFO  manager.MyListener - Start find element --->By.cssSelector: button[aria-label='Next month']
13:23:08  INFO  manager.MyListener - The element with locator --->By.cssSelector: button[aria-label='Next month']---> was found
13:23:08  INFO  manager.MyListener - Start find element --->By.cssSelector: button[aria-label='Next month']
13:23:08  INFO  manager.MyListener - The element with locator --->By.cssSelector: button[aria-label='Next month']---> was found
13:23:08  INFO  manager.MyListener - Start find element --->By.cssSelector: button[aria-label='Next month']
13:23:09  INFO  manager.MyListener - The element with locator --->By.cssSelector: button[aria-label='Next month']---> was found
13:23:09  INFO  manager.MyListener - Start find element --->By.cssSelector: button[aria-label='Next month']
13:23:09  INFO  manager.MyListener - The element with locator --->By.cssSelector: button[aria-label='Next month']---> was found
13:23:09  INFO  manager.MyListener - Start find element --->By.xpath: //div[text()=' 10 ']
13:23:09  INFO  manager.MyListener - The element with locator --->By.xpath: //div[text()=' 10 ']---> was found
13:23:09  INFO  manager.MyListener - Start find element --->By.xpath: //div[text()=' 31 ']
13:23:09  INFO  manager.MyListener - The element with locator --->By.xpath: //div[text()=' 31 ']---> was found
13:23:16  INFO  manager.MyListener - Start find element --->By.cssSelector: [type='submit']
13:23:16  INFO  manager.MyListener - The element with locator --->By.cssSelector: [type='submit']---> was found
13:23:16  INFO  manager.MyListener - Start find element --->By.cssSelector: .search-results
13:23:16  INFO  manager.MyListener - The element with locator --->By.cssSelector: .search-results---> was found
13:23:16  INFO  manager.MyListener - Start find element --->By.cssSelector: .header a[href='/']
13:23:16  INFO  manager.MyListener - The element with locator --->By.cssSelector: .header a[href='/']---> was found
13:23:16  INFO  tests.TestBase - Name of test ---> searchPeriodCurrentMonth
13:23:16  INFO  manager.MyListener - Start find element --->By.id: city
13:23:16  INFO  manager.MyListener - The element with locator --->By.id: city---> was found
13:23:16  INFO  manager.MyListener - Start find element --->By.cssSelector: .pac-item
13:23:17  INFO  manager.MyListener - The element with locator --->By.cssSelector: .pac-item---> was found
13:23:17  INFO  manager.MyListener - Start find element --->By.id: dates
13:23:17  INFO  manager.MyListener - The element with locator --->By.id: dates---> was found
13:23:18  INFO  manager.MyListener - Start find element --->By.xpath: //div[text()=' 7 ']
13:23:18  INFO  manager.MyListener - The element with locator --->By.xpath: //div[text()=' 7 ']---> was found
13:23:18  INFO  manager.MyListener - Start find element --->By.xpath: //div[text()=' 11 ']
13:23:18  INFO  manager.MyListener - The element with locator --->By.xpath: //div[text()=' 11 ']---> was found
13:23:23  INFO  manager.MyListener - Start find element --->By.cssSelector: [type='submit']
13:23:23  INFO  manager.MyListener - The element with locator --->By.cssSelector: [type='submit']---> was found
13:23:23  INFO  manager.MyListener - Start find element --->By.cssSelector: .search-results
13:23:23  INFO  manager.MyListener - The element with locator --->By.cssSelector: .search-results---> was found
13:23:23  INFO  manager.MyListener - Start find element --->By.cssSelector: .header a[href='/']
13:23:23  INFO  manager.MyListener - The element with locator --->By.cssSelector: .header a[href='/']---> was found
13:23:23  INFO  tests.TestBase - Name of test ---> searchPeriodCurrentMonth2
13:23:23  INFO  manager.MyListener - Start find element --->By.id: city
13:23:23  INFO  manager.MyListener - The element with locator --->By.id: city---> was found
13:23:23  INFO  manager.MyListener - Start find element --->By.cssSelector: .pac-item
13:23:24  INFO  manager.MyListener - The element with locator --->By.cssSelector: .pac-item---> was found
13:23:24  INFO  manager.MyListener - Start find element --->By.id: dates
13:23:24  INFO  manager.MyListener - The element with locator --->By.id: dates---> was found
13:23:24  INFO  manager.MyListener - Start find element --->By.xpath: //div[text()=' 11 ']
13:23:24  INFO  manager.MyListener - The element with locator --->By.xpath: //div[text()=' 11 ']---> was found
13:23:24  INFO  manager.MyListener - Start find element --->By.xpath: //div[text()=' 15 ']
13:23:24  INFO  manager.MyListener - The element with locator --->By.xpath: //div[text()=' 15 ']---> was found
13:23:30  INFO  manager.MyListener - Start find element --->By.cssSelector: [type='submit']
13:23:30  INFO  manager.MyListener - The element with locator --->By.cssSelector: [type='submit']---> was found
13:23:30  INFO  manager.MyListener - Start find element --->By.cssSelector: .search-results
13:23:30  INFO  manager.MyListener - The element with locator --->By.cssSelector: .search-results---> was found
13:23:30  INFO  manager.MyListener - Start find element --->By.cssSelector: .header a[href='/']
13:23:30  INFO  manager.MyListener - The element with locator --->By.cssSelector: .header a[href='/']---> was found
