13:17:56  INFO  manager.ApplicationManager - All tests starts in 'Chrom' browser
13:17:58  INFO  tests.TestBase - Name of test ---> registrationSuccessDP
13:17:58  INFO  manager.MyListener - Start find element --->By.xpath: //*[text()=' Logout ']
13:18:03  INFO  manager.MyListener - The element with locator --->By.xpath: //*[text()=' Logout ']---> was found
13:18:03  INFO  manager.MyListener - Start find element --->By.xpath: //a[text()=' Sign up ']
13:18:03  INFO  manager.MyListener - The element with locator --->By.xpath: //a[text()=' Sign up ']---> was found
13:18:06  INFO  manager.MyListener - Start find element --->By.tagName: form
13:18:06  INFO  manager.MyListener - The element with locator --->By.tagName: form---> was found
13:18:06  INFO  manager.MyListener - Start find element --->By.id: name
13:18:06  INFO  manager.MyListener - The element with locator --->By.id: name---> was found
13:18:06  INFO  manager.MyListener - Start find element --->By.cssSelector: #lastName
13:18:06  INFO  manager.MyListener - The element with locator --->By.cssSelector: #lastName---> was found
13:18:06  INFO  manager.MyListener - Start find element --->By.id: email
13:18:06  INFO  manager.MyListener - The element with locator --->By.id: email---> was found
13:18:06  INFO  manager.MyListener - Start find element --->By.cssSelector: #password
13:18:07  INFO  manager.MyListener - The element with locator --->By.cssSelector: #password---> was found
13:18:10  INFO  manager.MyListener - Start find element --->By.xpath: //label[@for='terms-of-use']
13:18:10  INFO  manager.MyListener - The element with locator --->By.xpath: //label[@for='terms-of-use']---> was found
13:18:13  INFO  manager.MyListener - Start find element --->By.cssSelector: [type='submit']
13:18:13  INFO  manager.MyListener - The element with locator --->By.cssSelector: [type='submit']---> was found
13:18:13  INFO  manager.MyListener - Start find element --->By.xpath: //div[@class='dialog-container']//h2
13:18:14  INFO  manager.MyListener - The element with locator --->By.xpath: //div[@class='dialog-container']//h2---> was found
13:18:14  INFO  manager.MyListener - Start find element --->By.xpath: //div[@class='dialog-container']
13:18:14  INFO  manager.MyListener - The element with locator --->By.xpath: //div[@class='dialog-container']---> was found
13:18:14  INFO  manager.MyListener - Start find element --->By.xpath: //button[text()='Ok']
13:18:14  INFO  manager.MyListener - The element with locator --->By.xpath: //button[text()='Ok']---> was found
13:18:14  INFO  tests.TestBase - Name of test ---> registrationSuccessDP
13:18:14  INFO  manager.MyListener - Start find element --->By.xpath: //*[text()=' Logout ']
13:18:14  INFO  manager.MyListener - The element with locator --->By.xpath: //*[text()=' Logout ']---> was found
13:18:14  INFO  manager.MyListener - Start find element --->By.xpath: //*[text()=' Logout ']
13:18:14  INFO  manager.MyListener - The element with locator --->By.xpath: //*[text()=' Logout ']---> was found
13:18:14  INFO  manager.MyListener - Start find element --->By.xpath: //a[text()=' Sign up ']
13:18:14  INFO  manager.MyListener - The element with locator --->By.xpath: //a[text()=' Sign up ']---> was found
13:18:17  INFO  manager.MyListener - Start find element --->By.tagName: form
13:18:17  INFO  manager.MyListener - The element with locator --->By.tagName: form---> was found
13:18:17  INFO  manager.MyListener - Start find element --->By.id: name
13:18:17  INFO  manager.MyListener - The element with locator --->By.id: name---> was found
13:18:17  INFO  manager.MyListener - Start find element --->By.cssSelector: #lastName
13:18:17  INFO  manager.MyListener - The element with locator --->By.cssSelector: #lastName---> was found
13:18:17  INFO  manager.MyListener - Start find element --->By.id: email
13:18:17  INFO  manager.MyListener - The element with locator --->By.id: email---> was found
13:18:18  INFO  manager.MyListener - Start find element --->By.cssSelector: #password
13:18:18  INFO  manager.MyListener - The element with locator --->By.cssSelector: #password---> was found
13:18:21  INFO  manager.MyListener - Start find element --->By.xpath: //label[@for='terms-of-use']
13:18:21  INFO  manager.MyListener - The element with locator --->By.xpath: //label[@for='terms-of-use']---> was found
13:18:24  INFO  manager.MyListener - Start find element --->By.cssSelector: [type='submit']
13:18:24  INFO  manager.MyListener - The element with locator --->By.cssSelector: [type='submit']---> was found
13:18:24  INFO  manager.MyListener - Start find element --->By.xpath: //div[@class='dialog-container']//h2
13:18:25  INFO  manager.MyListener - The element with locator --->By.xpath: //div[@class='dialog-container']//h2---> was found
13:18:25  INFO  manager.MyListener - Start find element --->By.xpath: //div[@class='dialog-container']
13:18:25  INFO  manager.MyListener - The element with locator --->By.xpath: //div[@class='dialog-container']---> was found
13:18:25  INFO  manager.MyListener - Start find element --->By.xpath: //button[text()='Ok']
13:18:25  INFO  manager.MyListener - The element with locator --->By.xpath: //button[text()='Ok']---> was found
13:18:25  INFO  tests.TestBase - Name of test ---> registrationSuccessDP
13:18:25  INFO  manager.MyListener - Start find element --->By.xpath: //*[text()=' Logout ']
13:18:25  INFO  manager.MyListener - The element with locator --->By.xpath: //*[text()=' Logout ']---> was found
13:18:25  INFO  manager.MyListener - Start find element --->By.xpath: //*[text()=' Logout ']
13:18:25  INFO  manager.MyListener - The element with locator --->By.xpath: //*[text()=' Logout ']---> was found
13:18:25  INFO  manager.MyListener - Start find element --->By.xpath: //a[text()=' Sign up ']
13:18:25  INFO  manager.MyListener - The element with locator --->By.xpath: //a[text()=' Sign up ']---> was found
13:18:28  INFO  manager.MyListener - Start find element --->By.tagName: form
13:18:28  INFO  manager.MyListener - The element with locator --->By.tagName: form---> was found
13:18:28  INFO  manager.MyListener - Start find element --->By.id: name
13:18:28  INFO  manager.MyListener - The element with locator --->By.id: name---> was found
13:18:28  INFO  manager.MyListener - Start find element --->By.cssSelector: #lastName
13:18:28  INFO  manager.MyListener - The element with locator --->By.cssSelector: #lastName---> was found
13:18:28  INFO  manager.MyListener - Start find element --->By.id: email
13:18:28  INFO  manager.MyListener - The element with locator --->By.id: email---> was found
13:18:29  INFO  manager.MyListener - Start find element --->By.cssSelector: #password
13:18:29  INFO  manager.MyListener - The element with locator --->By.cssSelector: #password---> was found
13:18:32  INFO  manager.MyListener - Start find element --->By.xpath: //label[@for='terms-of-use']
13:18:32  INFO  manager.MyListener - The element with locator --->By.xpath: //label[@for='terms-of-use']---> was found
13:18:35  INFO  manager.MyListener - Start find element --->By.cssSelector: [type='submit']
13:18:35  INFO  manager.MyListener - The element with locator --->By.cssSelector: [type='submit']---> was found
13:18:35  INFO  manager.MyListener - Start find element --->By.xpath: //div[@class='dialog-container']//h2
13:18:36  INFO  manager.MyListener - The element with locator --->By.xpath: //div[@class='dialog-container']//h2---> was found
13:18:36  INFO  manager.MyListener - Start find element --->By.xpath: //div[@class='dialog-container']
13:18:36  INFO  manager.MyListener - The element with locator --->By.xpath: //div[@class='dialog-container']---> was found
13:18:36  INFO  manager.MyListener - Start find element --->By.xpath: //button[text()='Ok']
13:18:36  INFO  manager.MyListener - The element with locator --->By.xpath: //button[text()='Ok']---> was found
