13:03:33  INFO  manager.ApplicationManager - All tests starts in 'Chrom' browser
13:03:35  INFO  tests.TestBase - Name of test ---> loginSuccess
13:03:35  INFO  manager.MyListener - Start find element --->By.xpath: //*[text()=' Logout ']
13:03:40  INFO  manager.MyListener - The element with locator --->By.xpath: //*[text()=' Logout ']---> was found
13:03:40  INFO  tests.TestBase - Test start with email: [jack123@gmail.com] & password: [Js12345@]
13:03:40  INFO  manager.MyListener - Start find element --->By.xpath: //a[text()=' Log in ']
13:03:40  INFO  manager.MyListener - The element with locator --->By.xpath: //a[text()=' Log in ']---> was found
13:03:40  INFO  manager.MyListener - Start find element --->By.id: email
13:03:40  INFO  manager.MyListener - The element with locator --->By.id: email---> was found
13:03:40  INFO  manager.MyListener - Start find element --->By.id: password
13:03:40  INFO  manager.MyListener - The element with locator --->By.id: password---> was found
13:03:40  INFO  manager.MyListener - Start find element --->By.cssSelector: [type='submit']
13:03:40  INFO  manager.MyListener - The element with locator --->By.cssSelector: [type='submit']---> was found
13:03:40  INFO  manager.MyListener - Start find element --->By.xpath: //div[@class='dialog-container']
13:03:41  INFO  manager.MyListener - The element with locator --->By.xpath: //div[@class='dialog-container']---> was found
13:03:41  INFO  manager.MyListener - Start find element --->By.xpath: //button[text()='Ok']
13:03:41  INFO  manager.MyListener - The element with locator --->By.xpath: //button[text()='Ok']---> was found
13:03:41  INFO  tests.TestBase - Name of test ---> loginSuccessModel
13:03:41  INFO  manager.MyListener - Start find element --->By.xpath: //*[text()=' Logout ']
13:03:41  INFO  manager.MyListener - The element with locator --->By.xpath: //*[text()=' Logout ']---> was found
13:03:41  INFO  manager.MyListener - Start find element --->By.xpath: //*[text()=' Logout ']
13:03:41  INFO  manager.MyListener - The element with locator --->By.xpath: //*[text()=' Logout ']---> was found
13:03:41  INFO  tests.TestBase - The test start with dataUser{name='null', lastName='null', email='jack123@gmail.com', password='Js12345@'}
13:03:41  INFO  manager.MyListener - Start find element --->By.xpath: //a[text()=' Log in ']
13:03:41  INFO  manager.MyListener - The element with locator --->By.xpath: //a[text()=' Log in ']---> was found
13:03:41  INFO  manager.MyListener - Start find element --->By.id: email
13:03:41  INFO  manager.MyListener - The element with locator --->By.id: email---> was found
13:03:42  INFO  manager.MyListener - Start find element --->By.id: password
13:03:42  INFO  manager.MyListener - The element with locator --->By.id: password---> was found
13:03:42  INFO  manager.MyListener - Start find element --->By.cssSelector: [type='submit']
13:03:42  INFO  manager.MyListener - The element with locator --->By.cssSelector: [type='submit']---> was found
13:03:42  INFO  manager.MyListener - Start find element --->By.xpath: //div[@class='dialog-container']
13:03:42  INFO  manager.MyListener - The element with locator --->By.xpath: //div[@class='dialog-container']---> was found
13:03:42  INFO  manager.MyListener - Start find element --->By.xpath: //button[text()='Ok']
13:03:42  INFO  manager.MyListener - The element with locator --->By.xpath: //button[text()='Ok']---> was found
13:03:42  INFO  tests.TestBase - Name of test ---> loginSuccessModelDataProvider
13:03:42  INFO  manager.MyListener - Start find element --->By.xpath: //*[text()=' Logout ']
13:03:43  INFO  manager.MyListener - The element with locator --->By.xpath: //*[text()=' Logout ']---> was found
13:03:43  INFO  manager.MyListener - Start find element --->By.xpath: //*[text()=' Logout ']
13:03:43  INFO  manager.MyListener - The element with locator --->By.xpath: //*[text()=' Logout ']---> was found
13:03:43  INFO  tests.TestBase - The test start with dataUser{name='null', lastName='null', email='jack123@gmail.com', password='Js12345@'}
13:03:43  INFO  manager.MyListener - Start find element --->By.xpath: //a[text()=' Log in ']
13:03:43  INFO  manager.MyListener - The element with locator --->By.xpath: //a[text()=' Log in ']---> was found
13:03:43  INFO  manager.MyListener - Start find element --->By.id: email
13:03:43  INFO  manager.MyListener - The element with locator --->By.id: email---> was found
13:03:43  INFO  manager.MyListener - Start find element --->By.id: password
13:03:43  INFO  manager.MyListener - The element with locator --->By.id: password---> was found
13:03:43  INFO  manager.MyListener - Start find element --->By.cssSelector: [type='submit']
13:03:43  INFO  manager.MyListener - The element with locator --->By.cssSelector: [type='submit']---> was found
13:03:44  INFO  manager.MyListener - Start find element --->By.xpath: //div[@class='dialog-container']
13:03:44  INFO  manager.MyListener - The element with locator --->By.xpath: //div[@class='dialog-container']---> was found
13:03:44  INFO  manager.MyListener - Start find element --->By.xpath: //button[text()='Ok']
13:03:44  INFO  manager.MyListener - The element with locator --->By.xpath: //button[text()='Ok']---> was found
13:03:44  INFO  tests.TestBase - Name of test ---> loginSuccessModelDataProvider
13:03:44  INFO  manager.MyListener - Start find element --->By.xpath: //*[text()=' Logout ']
13:03:44  INFO  manager.MyListener - The element with locator --->By.xpath: //*[text()=' Logout ']---> was found
13:03:44  INFO  manager.MyListener - Start find element --->By.xpath: //*[text()=' Logout ']
13:03:44  INFO  manager.MyListener - The element with locator --->By.xpath: //*[text()=' Logout ']---> was found
13:03:44  INFO  tests.TestBase - The test start with dataUser{name='null', lastName='null', email='will123@gmail.com', password='Js12346@'}
13:03:44  INFO  manager.MyListener - Start find element --->By.xpath: //a[text()=' Log in ']
13:03:44  INFO  manager.MyListener - The element with locator --->By.xpath: //a[text()=' Log in ']---> was found
13:03:44  INFO  manager.MyListener - Start find element --->By.id: email
13:03:44  INFO  manager.MyListener - The element with locator --->By.id: email---> was found
13:03:44  INFO  manager.MyListener - Start find element --->By.id: password
13:03:44  INFO  manager.MyListener - The element with locator --->By.id: password---> was found
13:03:44  INFO  manager.MyListener - Start find element --->By.cssSelector: [type='submit']
13:03:44  INFO  manager.MyListener - The element with locator --->By.cssSelector: [type='submit']---> was found
13:03:45  INFO  manager.MyListener - Start find element --->By.xpath: //div[@class='dialog-container']
13:03:45  INFO  manager.MyListener - The element with locator --->By.xpath: //div[@class='dialog-container']---> was found
13:03:45  INFO  manager.MyListener - Start find element --->By.xpath: //button[text()='Ok']
13:03:45  INFO  manager.MyListener - The element with locator --->By.xpath: //button[text()='Ok']---> was found
13:03:45  INFO  tests.TestBase - Name of test ---> loginSuccessModelDataProvider
13:03:45  INFO  manager.MyListener - Start find element --->By.xpath: //*[text()=' Logout ']
13:03:45  INFO  manager.MyListener - The element with locator --->By.xpath: //*[text()=' Logout ']---> was found
13:03:45  INFO  manager.MyListener - Start find element --->By.xpath: //*[text()=' Logout ']
13:03:45  INFO  manager.MyListener - The element with locator --->By.xpath: //*[text()=' Logout ']---> was found
13:03:45  INFO  tests.TestBase - The test start with dataUser{name='null', lastName='null', email='syao123@gmail.com', password='Js12347@'}
13:03:45  INFO  manager.MyListener - Start find element --->By.xpath: //a[text()=' Log in ']
13:03:45  INFO  manager.MyListener - The element with locator --->By.xpath: //a[text()=' Log in ']---> was found
13:03:45  INFO  manager.MyListener - Start find element --->By.id: email
13:03:45  INFO  manager.MyListener - The element with locator --->By.id: email---> was found
13:03:45  INFO  manager.MyListener - Start find element --->By.id: password
13:03:45  INFO  manager.MyListener - The element with locator --->By.id: password---> was found
13:03:45  INFO  manager.MyListener - Start find element --->By.cssSelector: [type='submit']
13:03:45  INFO  manager.MyListener - The element with locator --->By.cssSelector: [type='submit']---> was found
13:03:46  INFO  manager.MyListener - Start find element --->By.xpath: //div[@class='dialog-container']
13:03:46  INFO  manager.MyListener - The element with locator --->By.xpath: //div[@class='dialog-container']---> was found
13:03:46  INFO  manager.MyListener - Start find element --->By.xpath: //button[text()='Ok']
13:03:46  INFO  manager.MyListener - The element with locator --->By.xpath: //button[text()='Ok']---> was found
13:04:00  INFO  manager.ApplicationManager - All tests starts in 'Chrom' browser
13:04:02  INFO  tests.TestBase - Name of test ---> registrationSuccess
13:04:02  INFO  manager.MyListener - Start find element --->By.xpath: //*[text()=' Logout ']
13:04:07  INFO  manager.MyListener - The element with locator --->By.xpath: //*[text()=' Logout ']---> was found
13:04:07  INFO  manager.MyListener - Start find element --->By.xpath: //a[text()=' Sign up ']
13:04:07  INFO  manager.MyListener - The element with locator --->By.xpath: //a[text()=' Sign up ']---> was found
13:04:07  INFO  manager.MyListener - Start find element --->By.tagName: form
13:04:07  INFO  manager.MyListener - The element with locator --->By.tagName: form---> was found
13:04:07  INFO  manager.MyListener - Start find element --->By.id: name
13:04:07  INFO  manager.MyListener - The element with locator --->By.id: name---> was found
13:04:07  INFO  manager.MyListener - Start find element --->By.cssSelector: #lastName
13:04:07  INFO  manager.MyListener - The element with locator --->By.cssSelector: #lastName---> was found
13:04:07  INFO  manager.MyListener - Start find element --->By.id: email
13:04:07  INFO  manager.MyListener - The element with locator --->By.id: email---> was found
13:04:07  INFO  manager.MyListener - Start find element --->By.cssSelector: #password
13:04:07  INFO  manager.MyListener - The element with locator --->By.cssSelector: #password---> was found
13:04:10  INFO  manager.MyListener - Start find element --->By.xpath: //label[@for='terms-of-use']
13:04:11  INFO  manager.MyListener - The element with locator --->By.xpath: //label[@for='terms-of-use']---> was found
13:04:11  INFO  manager.MyListener - Start find element --->By.cssSelector: [type='submit']
13:04:11  INFO  manager.MyListener - The element with locator --->By.cssSelector: [type='submit']---> was found
13:04:11  INFO  manager.MyListener - Start find element --->By.xpath: //div[@class='dialog-container']//h2
13:04:12  INFO  manager.MyListener - The element with locator --->By.xpath: //div[@class='dialog-container']//h2---> was found
13:04:12  INFO  manager.MyListener - Start find element --->By.xpath: //div[@class='dialog-container']
13:04:12  INFO  manager.MyListener - The element with locator --->By.xpath: //div[@class='dialog-container']---> was found
13:04:12  INFO  manager.MyListener - Start find element --->By.xpath: //button[text()='Ok']
13:04:12  INFO  manager.MyListener - The element with locator --->By.xpath: //button[text()='Ok']---> was found
13:04:12  INFO  tests.TestBase - Name of test ---> registrationSuccessDP
13:04:12  INFO  manager.MyListener - Start find element --->By.xpath: //*[text()=' Logout ']
13:04:12  INFO  manager.MyListener - The element with locator --->By.xpath: //*[text()=' Logout ']---> was found
13:04:12  INFO  manager.MyListener - Start find element --->By.xpath: //*[text()=' Logout ']
13:04:12  INFO  manager.MyListener - The element with locator --->By.xpath: //*[text()=' Logout ']---> was found
13:04:12  INFO  manager.MyListener - Start find element --->By.xpath: //a[text()=' Sign up ']
13:04:12  INFO  manager.MyListener - The element with locator --->By.xpath: //a[text()=' Sign up ']---> was found
13:04:12  INFO  manager.MyListener - Start find element --->By.tagName: form
13:04:12  INFO  manager.MyListener - The element with locator --->By.tagName: form---> was found
13:04:12  INFO  manager.MyListener - Start find element --->By.id: name
13:04:12  INFO  manager.MyListener - The element with locator --->By.id: name---> was found
13:04:12  INFO  manager.MyListener - Start find element --->By.cssSelector: #lastName
13:04:12  INFO  manager.MyListener - The element with locator --->By.cssSelector: #lastName---> was found
13:04:12  INFO  manager.MyListener - Start find element --->By.id: email
13:04:12  INFO  manager.MyListener - The element with locator --->By.id: email---> was found
13:04:12  INFO  manager.MyListener - Start find element --->By.cssSelector: #password
13:04:12  INFO  manager.MyListener - The element with locator --->By.cssSelector: #password---> was found
13:04:15  INFO  manager.MyListener - Start find element --->By.xpath: //label[@for='terms-of-use']
13:04:16  INFO  manager.MyListener - The element with locator --->By.xpath: //label[@for='terms-of-use']---> was found
13:04:19  INFO  manager.MyListener - Start find element --->By.cssSelector: [type='submit']
13:04:19  INFO  manager.MyListener - The element with locator --->By.cssSelector: [type='submit']---> was found
13:04:19  INFO  manager.MyListener - Start find element --->By.xpath: //div[@class='dialog-container']//h2
13:04:19  INFO  manager.MyListener - The element with locator --->By.xpath: //div[@class='dialog-container']//h2---> was found
13:04:19  INFO  manager.MyListener - Start find element --->By.xpath: //div[@class='dialog-container']
13:04:19  INFO  manager.MyListener - The element with locator --->By.xpath: //div[@class='dialog-container']---> was found
13:04:19  INFO  manager.MyListener - Start find element --->By.xpath: //button[text()='Ok']
13:04:19  INFO  manager.MyListener - The element with locator --->By.xpath: //button[text()='Ok']---> was found
13:04:19  INFO  tests.TestBase - Name of test ---> registrationSuccessDP
13:04:19  INFO  manager.MyListener - Start find element --->By.xpath: //*[text()=' Logout ']
13:04:25  INFO  manager.MyListener - The element with locator --->By.xpath: //*[text()=' Logout ']---> was found
13:04:25  INFO  manager.MyListener - Start find element --->By.xpath: //a[text()=' Sign up ']
13:04:25  INFO  manager.MyListener - The element with locator --->By.xpath: //a[text()=' Sign up ']---> was found
13:04:25  INFO  manager.MyListener - Start find element --->By.tagName: form
13:04:25  INFO  manager.MyListener - The element with locator --->By.tagName: form---> was found
13:04:25  INFO  manager.MyListener - Start find element --->By.id: name
13:04:25  INFO  manager.MyListener - The element with locator --->By.id: name---> was found
13:04:25  INFO  manager.MyListener - Start find element --->By.cssSelector: #lastName
13:04:25  INFO  manager.MyListener - The element with locator --->By.cssSelector: #lastName---> was found
13:04:25  INFO  manager.MyListener - Start find element --->By.id: email
13:04:25  INFO  manager.MyListener - The element with locator --->By.id: email---> was found
13:04:25  INFO  manager.MyListener - Start find element --->By.cssSelector: #password
13:04:25  INFO  manager.MyListener - The element with locator --->By.cssSelector: #password---> was found
13:04:28  INFO  manager.MyListener - Start find element --->By.xpath: //label[@for='terms-of-use']
13:04:28  INFO  manager.MyListener - The element with locator --->By.xpath: //label[@for='terms-of-use']---> was found
13:04:32  INFO  manager.MyListener - Start find element --->By.cssSelector: [type='submit']
13:04:32  INFO  manager.MyListener - The element with locator --->By.cssSelector: [type='submit']---> was found
13:04:32  INFO  manager.MyListener - Start find element --->By.xpath: //div[@class='dialog-container']//h2
13:04:37  INFO  manager.MyListener - We have a throwable --->no such element: Unable to locate element: {"method":"xpath","selector":"//div[@class='dialog-container']//h2"}
  (Session info: chrome=98.0.4758.102)
For documentation on this error, please visit: https://www.seleniumhq.org/exceptions/no_such_element.html
Build info: version: '3.141.59', revision: 'e82be7d358', time: '2018-11-14T08:17:03'
System info: host: 'DESKTOP-O62I6CB', ip: '10.100.102.5', os.name: 'Windows 10', os.arch: 'amd64', os.version: '10.0', java.version: '11.0.13'
Driver info: org.openqa.selenium.chrome.ChromeDriver
Capabilities {acceptInsecureCerts: false, browserName: chrome, browserVersion: 98.0.4758.102, chrome: {chromedriverVersion: 98.0.4758.80 (7f0488e8ba0d8..., userDataDir: C:\Users\Natali\AppData\Loc...}, goog:chromeOptions: {debuggerAddress: localhost:62690}, javascriptEnabled: true, networkConnectionEnabled: false, pageLoadStrategy: normal, platform: WINDOWS, platformName: WINDOWS, proxy: Proxy(), setWindowRect: true, strictFileInteractability: false, timeouts: {implicit: 0, pageLoad: 300000, script: 30000}, unhandledPromptBehavior: dismiss and notify, webauthn:extension:credBlob: true, webauthn:extension:largeBlob: true, webauthn:virtualAuthenticators: true}
Session ID: 76abe0901edc354b7ff3adac6001a326
*** Element info: {Using=xpath, value=//div[@class='dialog-container']//h2}
13:04:37  INFO  manager.MyListener - org.openqa.selenium.NoSuchElementException: no such element: Unable to locate element: {"method":"xpath","selector":"//div[@class='dialog-container']//h2"}
  (Session info: chrome=98.0.4758.102)
For documentation on this error, please visit: https://www.seleniumhq.org/exceptions/no_such_element.html
Build info: version: '3.141.59', revision: 'e82be7d358', time: '2018-11-14T08:17:03'
System info: host: 'DESKTOP-O62I6CB', ip: '10.100.102.5', os.name: 'Windows 10', os.arch: 'amd64', os.version: '10.0', java.version: '11.0.13'
Driver info: org.openqa.selenium.chrome.ChromeDriver
Capabilities {acceptInsecureCerts: false, browserName: chrome, browserVersion: 98.0.4758.102, chrome: {chromedriverVersion: 98.0.4758.80 (7f0488e8ba0d8..., userDataDir: C:\Users\Natali\AppData\Loc...}, goog:chromeOptions: {debuggerAddress: localhost:62690}, javascriptEnabled: true, networkConnectionEnabled: false, pageLoadStrategy: normal, platform: WINDOWS, platformName: WINDOWS, proxy: Proxy(), setWindowRect: true, strictFileInteractability: false, timeouts: {implicit: 0, pageLoad: 300000, script: 30000}, unhandledPromptBehavior: dismiss and notify, webauthn:extension:credBlob: true, webauthn:extension:largeBlob: true, webauthn:virtualAuthenticators: true}
Session ID: 76abe0901edc354b7ff3adac6001a326
*** Element info: {Using=xpath, value=//div[@class='dialog-container']//h2}
13:04:37  INFO  manager.MyListener - This is your screen with error -->src/test/screenshorts/screen277.png
13:04:38  INFO  manager.MyListener - Start find element --->By.xpath: //div[@class='dialog-container']//h2
13:04:43  INFO  manager.MyListener - We have a throwable --->no such element: Unable to locate element: {"method":"xpath","selector":"//div[@class='dialog-container']//h2"}
  (Session info: chrome=98.0.4758.102)
For documentation on this error, please visit: https://www.seleniumhq.org/exceptions/no_such_element.html
Build info: version: '3.141.59', revision: 'e82be7d358', time: '2018-11-14T08:17:03'
System info: host: 'DESKTOP-O62I6CB', ip: '10.100.102.5', os.name: 'Windows 10', os.arch: 'amd64', os.version: '10.0', java.version: '11.0.13'
Driver info: org.openqa.selenium.chrome.ChromeDriver
Capabilities {acceptInsecureCerts: false, browserName: chrome, browserVersion: 98.0.4758.102, chrome: {chromedriverVersion: 98.0.4758.80 (7f0488e8ba0d8..., userDataDir: C:\Users\Natali\AppData\Loc...}, goog:chromeOptions: {debuggerAddress: localhost:62690}, javascriptEnabled: true, networkConnectionEnabled: false, pageLoadStrategy: normal, platform: WINDOWS, platformName: WINDOWS, proxy: Proxy(), setWindowRect: true, strictFileInteractability: false, timeouts: {implicit: 0, pageLoad: 300000, script: 30000}, unhandledPromptBehavior: dismiss and notify, webauthn:extension:credBlob: true, webauthn:extension:largeBlob: true, webauthn:virtualAuthenticators: true}
Session ID: 76abe0901edc354b7ff3adac6001a326
*** Element info: {Using=xpath, value=//div[@class='dialog-container']//h2}
13:04:43  INFO  manager.MyListener - org.openqa.selenium.NoSuchElementException: no such element: Unable to locate element: {"method":"xpath","selector":"//div[@class='dialog-container']//h2"}
  (Session info: chrome=98.0.4758.102)
For documentation on this error, please visit: https://www.seleniumhq.org/exceptions/no_such_element.html
Build info: version: '3.141.59', revision: 'e82be7d358', time: '2018-11-14T08:17:03'
System info: host: 'DESKTOP-O62I6CB', ip: '10.100.102.5', os.name: 'Windows 10', os.arch: 'amd64', os.version: '10.0', java.version: '11.0.13'
Driver info: org.openqa.selenium.chrome.ChromeDriver
Capabilities {acceptInsecureCerts: false, browserName: chrome, browserVersion: 98.0.4758.102, chrome: {chromedriverVersion: 98.0.4758.80 (7f0488e8ba0d8..., userDataDir: C:\Users\Natali\AppData\Loc...}, goog:chromeOptions: {debuggerAddress: localhost:62690}, javascriptEnabled: true, networkConnectionEnabled: false, pageLoadStrategy: normal, platform: WINDOWS, platformName: WINDOWS, proxy: Proxy(), setWindowRect: true, strictFileInteractability: false, timeouts: {implicit: 0, pageLoad: 300000, script: 30000}, unhandledPromptBehavior: dismiss and notify, webauthn:extension:credBlob: true, webauthn:extension:largeBlob: true, webauthn:virtualAuthenticators: true}
Session ID: 76abe0901edc354b7ff3adac6001a326
*** Element info: {Using=xpath, value=//div[@class='dialog-container']//h2}
13:04:43  INFO  manager.MyListener - This is your screen with error -->src/test/screenshorts/screen283.png
13:04:44  INFO  manager.MyListener - Start find element --->By.xpath: //div[@class='dialog-container']//h2
13:04:49  INFO  manager.MyListener - We have a throwable --->no such element: Unable to locate element: {"method":"xpath","selector":"//div[@class='dialog-container']//h2"}
  (Session info: chrome=98.0.4758.102)
For documentation on this error, please visit: https://www.seleniumhq.org/exceptions/no_such_element.html
Build info: version: '3.141.59', revision: 'e82be7d358', time: '2018-11-14T08:17:03'
System info: host: 'DESKTOP-O62I6CB', ip: '10.100.102.5', os.name: 'Windows 10', os.arch: 'amd64', os.version: '10.0', java.version: '11.0.13'
Driver info: org.openqa.selenium.chrome.ChromeDriver
Capabilities {acceptInsecureCerts: false, browserName: chrome, browserVersion: 98.0.4758.102, chrome: {chromedriverVersion: 98.0.4758.80 (7f0488e8ba0d8..., userDataDir: C:\Users\Natali\AppData\Loc...}, goog:chromeOptions: {debuggerAddress: localhost:62690}, javascriptEnabled: true, networkConnectionEnabled: false, pageLoadStrategy: normal, platform: WINDOWS, platformName: WINDOWS, proxy: Proxy(), setWindowRect: true, strictFileInteractability: false, timeouts: {implicit: 0, pageLoad: 300000, script: 30000}, unhandledPromptBehavior: dismiss and notify, webauthn:extension:credBlob: true, webauthn:extension:largeBlob: true, webauthn:virtualAuthenticators: true}
Session ID: 76abe0901edc354b7ff3adac6001a326
*** Element info: {Using=xpath, value=//div[@class='dialog-container']//h2}
13:04:49  INFO  manager.MyListener - org.openqa.selenium.NoSuchElementException: no such element: Unable to locate element: {"method":"xpath","selector":"//div[@class='dialog-container']//h2"}
  (Session info: chrome=98.0.4758.102)
For documentation on this error, please visit: https://www.seleniumhq.org/exceptions/no_such_element.html
Build info: version: '3.141.59', revision: 'e82be7d358', time: '2018-11-14T08:17:03'
System info: host: 'DESKTOP-O62I6CB', ip: '10.100.102.5', os.name: 'Windows 10', os.arch: 'amd64', os.version: '10.0', java.version: '11.0.13'
Driver info: org.openqa.selenium.chrome.ChromeDriver
Capabilities {acceptInsecureCerts: false, browserName: chrome, browserVersion: 98.0.4758.102, chrome: {chromedriverVersion: 98.0.4758.80 (7f0488e8ba0d8..., userDataDir: C:\Users\Natali\AppData\Loc...}, goog:chromeOptions: {debuggerAddress: localhost:62690}, javascriptEnabled: true, networkConnectionEnabled: false, pageLoadStrategy: normal, platform: WINDOWS, platformName: WINDOWS, proxy: Proxy(), setWindowRect: true, strictFileInteractability: false, timeouts: {implicit: 0, pageLoad: 300000, script: 30000}, unhandledPromptBehavior: dismiss and notify, webauthn:extension:credBlob: true, webauthn:extension:largeBlob: true, webauthn:virtualAuthenticators: true}
Session ID: 76abe0901edc354b7ff3adac6001a326
*** Element info: {Using=xpath, value=//div[@class='dialog-container']//h2}
13:04:49  INFO  manager.MyListener - This is your screen with error -->src/test/screenshorts/screen289.png
13:04:51  INFO  manager.MyListener - Start find element --->By.xpath: //div[@class='dialog-container']//h2
13:04:56  INFO  manager.MyListener - We have a throwable --->no such element: Unable to locate element: {"method":"xpath","selector":"//div[@class='dialog-container']//h2"}
  (Session info: chrome=98.0.4758.102)
For documentation on this error, please visit: https://www.seleniumhq.org/exceptions/no_such_element.html
Build info: version: '3.141.59', revision: 'e82be7d358', time: '2018-11-14T08:17:03'
System info: host: 'DESKTOP-O62I6CB', ip: '10.100.102.5', os.name: 'Windows 10', os.arch: 'amd64', os.version: '10.0', java.version: '11.0.13'
Driver info: org.openqa.selenium.chrome.ChromeDriver
Capabilities {acceptInsecureCerts: false, browserName: chrome, browserVersion: 98.0.4758.102, chrome: {chromedriverVersion: 98.0.4758.80 (7f0488e8ba0d8..., userDataDir: C:\Users\Natali\AppData\Loc...}, goog:chromeOptions: {debuggerAddress: localhost:62690}, javascriptEnabled: true, networkConnectionEnabled: false, pageLoadStrategy: normal, platform: WINDOWS, platformName: WINDOWS, proxy: Proxy(), setWindowRect: true, strictFileInteractability: false, timeouts: {implicit: 0, pageLoad: 300000, script: 30000}, unhandledPromptBehavior: dismiss and notify, webauthn:extension:credBlob: true, webauthn:extension:largeBlob: true, webauthn:virtualAuthenticators: true}
Session ID: 76abe0901edc354b7ff3adac6001a326
*** Element info: {Using=xpath, value=//div[@class='dialog-container']//h2}
13:04:56  INFO  manager.MyListener - org.openqa.selenium.NoSuchElementException: no such element: Unable to locate element: {"method":"xpath","selector":"//div[@class='dialog-container']//h2"}
  (Session info: chrome=98.0.4758.102)
For documentation on this error, please visit: https://www.seleniumhq.org/exceptions/no_such_element.html
Build info: version: '3.141.59', revision: 'e82be7d358', time: '2018-11-14T08:17:03'
System info: host: 'DESKTOP-O62I6CB', ip: '10.100.102.5', os.name: 'Windows 10', os.arch: 'amd64', os.version: '10.0', java.version: '11.0.13'
Driver info: org.openqa.selenium.chrome.ChromeDriver
Capabilities {acceptInsecureCerts: false, browserName: chrome, browserVersion: 98.0.4758.102, chrome: {chromedriverVersion: 98.0.4758.80 (7f0488e8ba0d8..., userDataDir: C:\Users\Natali\AppData\Loc...}, goog:chromeOptions: {debuggerAddress: localhost:62690}, javascriptEnabled: true, networkConnectionEnabled: false, pageLoadStrategy: normal, platform: WINDOWS, platformName: WINDOWS, proxy: Proxy(), setWindowRect: true, strictFileInteractability: false, timeouts: {implicit: 0, pageLoad: 300000, script: 30000}, unhandledPromptBehavior: dismiss and notify, webauthn:extension:credBlob: true, webauthn:extension:largeBlob: true, webauthn:virtualAuthenticators: true}
Session ID: 76abe0901edc354b7ff3adac6001a326
*** Element info: {Using=xpath, value=//div[@class='dialog-container']//h2}
13:04:56  INFO  manager.MyListener - This is your screen with error -->src/test/screenshorts/screen296.png
13:04:57  INFO  manager.MyListener - Start find element --->By.xpath: //div[@class='dialog-container']
13:05:02  INFO  manager.MyListener - We have a throwable --->no such element: Unable to locate element: {"method":"xpath","selector":"//div[@class='dialog-container']"}
  (Session info: chrome=98.0.4758.102)
For documentation on this error, please visit: https://www.seleniumhq.org/exceptions/no_such_element.html
Build info: version: '3.141.59', revision: 'e82be7d358', time: '2018-11-14T08:17:03'
System info: host: 'DESKTOP-O62I6CB', ip: '10.100.102.5', os.name: 'Windows 10', os.arch: 'amd64', os.version: '10.0', java.version: '11.0.13'
Driver info: org.openqa.selenium.chrome.ChromeDriver
Capabilities {acceptInsecureCerts: false, browserName: chrome, browserVersion: 98.0.4758.102, chrome: {chromedriverVersion: 98.0.4758.80 (7f0488e8ba0d8..., userDataDir: C:\Users\Natali\AppData\Loc...}, goog:chromeOptions: {debuggerAddress: localhost:62690}, javascriptEnabled: true, networkConnectionEnabled: false, pageLoadStrategy: normal, platform: WINDOWS, platformName: WINDOWS, proxy: Proxy(), setWindowRect: true, strictFileInteractability: false, timeouts: {implicit: 0, pageLoad: 300000, script: 30000}, unhandledPromptBehavior: dismiss and notify, webauthn:extension:credBlob: true, webauthn:extension:largeBlob: true, webauthn:virtualAuthenticators: true}
Session ID: 76abe0901edc354b7ff3adac6001a326
*** Element info: {Using=xpath, value=//div[@class='dialog-container']}
13:05:02  INFO  manager.MyListener - org.openqa.selenium.NoSuchElementException: no such element: Unable to locate element: {"method":"xpath","selector":"//div[@class='dialog-container']"}
  (Session info: chrome=98.0.4758.102)
For documentation on this error, please visit: https://www.seleniumhq.org/exceptions/no_such_element.html
Build info: version: '3.141.59', revision: 'e82be7d358', time: '2018-11-14T08:17:03'
System info: host: 'DESKTOP-O62I6CB', ip: '10.100.102.5', os.name: 'Windows 10', os.arch: 'amd64', os.version: '10.0', java.version: '11.0.13'
Driver info: org.openqa.selenium.chrome.ChromeDriver
Capabilities {acceptInsecureCerts: false, browserName: chrome, browserVersion: 98.0.4758.102, chrome: {chromedriverVersion: 98.0.4758.80 (7f0488e8ba0d8..., userDataDir: C:\Users\Natali\AppData\Loc...}, goog:chromeOptions: {debuggerAddress: localhost:62690}, javascriptEnabled: true, networkConnectionEnabled: false, pageLoadStrategy: normal, platform: WINDOWS, platformName: WINDOWS, proxy: Proxy(), setWindowRect: true, strictFileInteractability: false, timeouts: {implicit: 0, pageLoad: 300000, script: 30000}, unhandledPromptBehavior: dismiss and notify, webauthn:extension:credBlob: true, webauthn:extension:largeBlob: true, webauthn:virtualAuthenticators: true}
Session ID: 76abe0901edc354b7ff3adac6001a326
*** Element info: {Using=xpath, value=//div[@class='dialog-container']}
13:05:02  INFO  manager.MyListener - This is your screen with error -->src/test/screenshorts/screen302.png
13:05:03  INFO  manager.MyListener - Start find element --->By.xpath: //div[@class='dialog-container']
13:05:08  INFO  manager.MyListener - We have a throwable --->no such element: Unable to locate element: {"method":"xpath","selector":"//div[@class='dialog-container']"}
  (Session info: chrome=98.0.4758.102)
For documentation on this error, please visit: https://www.seleniumhq.org/exceptions/no_such_element.html
Build info: version: '3.141.59', revision: 'e82be7d358', time: '2018-11-14T08:17:03'
System info: host: 'DESKTOP-O62I6CB', ip: '10.100.102.5', os.name: 'Windows 10', os.arch: 'amd64', os.version: '10.0', java.version: '11.0.13'
Driver info: org.openqa.selenium.chrome.ChromeDriver
Capabilities {acceptInsecureCerts: false, browserName: chrome, browserVersion: 98.0.4758.102, chrome: {chromedriverVersion: 98.0.4758.80 (7f0488e8ba0d8..., userDataDir: C:\Users\Natali\AppData\Loc...}, goog:chromeOptions: {debuggerAddress: localhost:62690}, javascriptEnabled: true, networkConnectionEnabled: false, pageLoadStrategy: normal, platform: WINDOWS, platformName: WINDOWS, proxy: Proxy(), setWindowRect: true, strictFileInteractability: false, timeouts: {implicit: 0, pageLoad: 300000, script: 30000}, unhandledPromptBehavior: dismiss and notify, webauthn:extension:credBlob: true, webauthn:extension:largeBlob: true, webauthn:virtualAuthenticators: true}
Session ID: 76abe0901edc354b7ff3adac6001a326
*** Element info: {Using=xpath, value=//div[@class='dialog-container']}
13:05:08  INFO  manager.MyListener - org.openqa.selenium.NoSuchElementException: no such element: Unable to locate element: {"method":"xpath","selector":"//div[@class='dialog-container']"}
  (Session info: chrome=98.0.4758.102)
For documentation on this error, please visit: https://www.seleniumhq.org/exceptions/no_such_element.html
Build info: version: '3.141.59', revision: 'e82be7d358', time: '2018-11-14T08:17:03'
System info: host: 'DESKTOP-O62I6CB', ip: '10.100.102.5', os.name: 'Windows 10', os.arch: 'amd64', os.version: '10.0', java.version: '11.0.13'
Driver info: org.openqa.selenium.chrome.ChromeDriver
Capabilities {acceptInsecureCerts: false, browserName: chrome, browserVersion: 98.0.4758.102, chrome: {chromedriverVersion: 98.0.4758.80 (7f0488e8ba0d8..., userDataDir: C:\Users\Natali\AppData\Loc...}, goog:chromeOptions: {debuggerAddress: localhost:62690}, javascriptEnabled: true, networkConnectionEnabled: false, pageLoadStrategy: normal, platform: WINDOWS, platformName: WINDOWS, proxy: Proxy(), setWindowRect: true, strictFileInteractability: false, timeouts: {implicit: 0, pageLoad: 300000, script: 30000}, unhandledPromptBehavior: dismiss and notify, webauthn:extension:credBlob: true, webauthn:extension:largeBlob: true, webauthn:virtualAuthenticators: true}
Session ID: 76abe0901edc354b7ff3adac6001a326
*** Element info: {Using=xpath, value=//div[@class='dialog-container']}
13:05:08  INFO  manager.MyListener - This is your screen with error -->src/test/screenshorts/screen308.png
13:05:09  INFO  manager.MyListener - Start find element --->By.xpath: //div[@class='dialog-container']
13:05:14  INFO  manager.MyListener - We have a throwable --->no such element: Unable to locate element: {"method":"xpath","selector":"//div[@class='dialog-container']"}
  (Session info: chrome=98.0.4758.102)
For documentation on this error, please visit: https://www.seleniumhq.org/exceptions/no_such_element.html
Build info: version: '3.141.59', revision: 'e82be7d358', time: '2018-11-14T08:17:03'
System info: host: 'DESKTOP-O62I6CB', ip: '10.100.102.5', os.name: 'Windows 10', os.arch: 'amd64', os.version: '10.0', java.version: '11.0.13'
Driver info: org.openqa.selenium.chrome.ChromeDriver
Capabilities {acceptInsecureCerts: false, browserName: chrome, browserVersion: 98.0.4758.102, chrome: {chromedriverVersion: 98.0.4758.80 (7f0488e8ba0d8..., userDataDir: C:\Users\Natali\AppData\Loc...}, goog:chromeOptions: {debuggerAddress: localhost:62690}, javascriptEnabled: true, networkConnectionEnabled: false, pageLoadStrategy: normal, platform: WINDOWS, platformName: WINDOWS, proxy: Proxy(), setWindowRect: true, strictFileInteractability: false, timeouts: {implicit: 0, pageLoad: 300000, script: 30000}, unhandledPromptBehavior: dismiss and notify, webauthn:extension:credBlob: true, webauthn:extension:largeBlob: true, webauthn:virtualAuthenticators: true}
Session ID: 76abe0901edc354b7ff3adac6001a326
*** Element info: {Using=xpath, value=//div[@class='dialog-container']}
13:05:14  INFO  manager.MyListener - org.openqa.selenium.NoSuchElementException: no such element: Unable to locate element: {"method":"xpath","selector":"//div[@class='dialog-container']"}
  (Session info: chrome=98.0.4758.102)
For documentation on this error, please visit: https://www.seleniumhq.org/exceptions/no_such_element.html
Build info: version: '3.141.59', revision: 'e82be7d358', time: '2018-11-14T08:17:03'
System info: host: 'DESKTOP-O62I6CB', ip: '10.100.102.5', os.name: 'Windows 10', os.arch: 'amd64', os.version: '10.0', java.version: '11.0.13'
Driver info: org.openqa.selenium.chrome.ChromeDriver
Capabilities {acceptInsecureCerts: false, browserName: chrome, browserVersion: 98.0.4758.102, chrome: {chromedriverVersion: 98.0.4758.80 (7f0488e8ba0d8..., userDataDir: C:\Users\Natali\AppData\Loc...}, goog:chromeOptions: {debuggerAddress: localhost:62690}, javascriptEnabled: true, networkConnectionEnabled: false, pageLoadStrategy: normal, platform: WINDOWS, platformName: WINDOWS, proxy: Proxy(), setWindowRect: true, strictFileInteractability: false, timeouts: {implicit: 0, pageLoad: 300000, script: 30000}, unhandledPromptBehavior: dismiss and notify, webauthn:extension:credBlob: true, webauthn:extension:largeBlob: true, webauthn:virtualAuthenticators: true}
Session ID: 76abe0901edc354b7ff3adac6001a326
*** Element info: {Using=xpath, value=//div[@class='dialog-container']}
13:05:14  INFO  manager.MyListener - This is your screen with error -->src/test/screenshorts/screen314.png
13:05:15  INFO  tests.TestBase - Name of test ---> registrationSuccessDP
13:05:15  INFO  manager.MyListener - Start find element --->By.xpath: //*[text()=' Logout ']
13:05:20  INFO  manager.MyListener - The element with locator --->By.xpath: //*[text()=' Logout ']---> was found
13:05:20  INFO  manager.MyListener - Start find element --->By.xpath: //div[@class='dialog-container']
13:05:25  INFO  manager.MyListener - We have a throwable --->no such element: Unable to locate element: {"method":"xpath","selector":"//div[@class='dialog-container']"}
  (Session info: chrome=98.0.4758.102)
For documentation on this error, please visit: https://www.seleniumhq.org/exceptions/no_such_element.html
Build info: version: '3.141.59', revision: 'e82be7d358', time: '2018-11-14T08:17:03'
System info: host: 'DESKTOP-O62I6CB', ip: '10.100.102.5', os.name: 'Windows 10', os.arch: 'amd64', os.version: '10.0', java.version: '11.0.13'
Driver info: org.openqa.selenium.chrome.ChromeDriver
Capabilities {acceptInsecureCerts: false, browserName: chrome, browserVersion: 98.0.4758.102, chrome: {chromedriverVersion: 98.0.4758.80 (7f0488e8ba0d8..., userDataDir: C:\Users\Natali\AppData\Loc...}, goog:chromeOptions: {debuggerAddress: localhost:62690}, javascriptEnabled: true, networkConnectionEnabled: false, pageLoadStrategy: normal, platform: WINDOWS, platformName: WINDOWS, proxy: Proxy(), setWindowRect: true, strictFileInteractability: false, timeouts: {implicit: 0, pageLoad: 300000, script: 30000}, unhandledPromptBehavior: dismiss and notify, webauthn:extension:credBlob: true, webauthn:extension:largeBlob: true, webauthn:virtualAuthenticators: true}
Session ID: 76abe0901edc354b7ff3adac6001a326
*** Element info: {Using=xpath, value=//div[@class='dialog-container']}
13:05:25  INFO  manager.MyListener - org.openqa.selenium.NoSuchElementException: no such element: Unable to locate element: {"method":"xpath","selector":"//div[@class='dialog-container']"}
  (Session info: chrome=98.0.4758.102)
For documentation on this error, please visit: https://www.seleniumhq.org/exceptions/no_such_element.html
Build info: version: '3.141.59', revision: 'e82be7d358', time: '2018-11-14T08:17:03'
System info: host: 'DESKTOP-O62I6CB', ip: '10.100.102.5', os.name: 'Windows 10', os.arch: 'amd64', os.version: '10.0', java.version: '11.0.13'
Driver info: org.openqa.selenium.chrome.ChromeDriver
Capabilities {acceptInsecureCerts: false, browserName: chrome, browserVersion: 98.0.4758.102, chrome: {chromedriverVersion: 98.0.4758.80 (7f0488e8ba0d8..., userDataDir: C:\Users\Natali\AppData\Loc...}, goog:chromeOptions: {debuggerAddress: localhost:62690}, javascriptEnabled: true, networkConnectionEnabled: false, pageLoadStrategy: normal, platform: WINDOWS, platformName: WINDOWS, proxy: Proxy(), setWindowRect: true, strictFileInteractability: false, timeouts: {implicit: 0, pageLoad: 300000, script: 30000}, unhandledPromptBehavior: dismiss and notify, webauthn:extension:credBlob: true, webauthn:extension:largeBlob: true, webauthn:virtualAuthenticators: true}
Session ID: 76abe0901edc354b7ff3adac6001a326
*** Element info: {Using=xpath, value=//div[@class='dialog-container']}
13:05:25  INFO  manager.MyListener - This is your screen with error -->src/test/screenshorts/screen325.png
13:05:26  INFO  manager.MyListener - Start find element --->By.xpath: //div[@class='dialog-container']
13:05:31  INFO  manager.MyListener - We have a throwable --->no such element: Unable to locate element: {"method":"xpath","selector":"//div[@class='dialog-container']"}
  (Session info: chrome=98.0.4758.102)
For documentation on this error, please visit: https://www.seleniumhq.org/exceptions/no_such_element.html
Build info: version: '3.141.59', revision: 'e82be7d358', time: '2018-11-14T08:17:03'
System info: host: 'DESKTOP-O62I6CB', ip: '10.100.102.5', os.name: 'Windows 10', os.arch: 'amd64', os.version: '10.0', java.version: '11.0.13'
Driver info: org.openqa.selenium.chrome.ChromeDriver
Capabilities {acceptInsecureCerts: false, browserName: chrome, browserVersion: 98.0.4758.102, chrome: {chromedriverVersion: 98.0.4758.80 (7f0488e8ba0d8..., userDataDir: C:\Users\Natali\AppData\Loc...}, goog:chromeOptions: {debuggerAddress: localhost:62690}, javascriptEnabled: true, networkConnectionEnabled: false, pageLoadStrategy: normal, platform: WINDOWS, platformName: WINDOWS, proxy: Proxy(), setWindowRect: true, strictFileInteractability: false, timeouts: {implicit: 0, pageLoad: 300000, script: 30000}, unhandledPromptBehavior: dismiss and notify, webauthn:extension:credBlob: true, webauthn:extension:largeBlob: true, webauthn:virtualAuthenticators: true}
Session ID: 76abe0901edc354b7ff3adac6001a326
*** Element info: {Using=xpath, value=//div[@class='dialog-container']}
13:05:31  INFO  manager.MyListener - org.openqa.selenium.NoSuchElementException: no such element: Unable to locate element: {"method":"xpath","selector":"//div[@class='dialog-container']"}
  (Session info: chrome=98.0.4758.102)
For documentation on this error, please visit: https://www.seleniumhq.org/exceptions/no_such_element.html
Build info: version: '3.141.59', revision: 'e82be7d358', time: '2018-11-14T08:17:03'
System info: host: 'DESKTOP-O62I6CB', ip: '10.100.102.5', os.name: 'Windows 10', os.arch: 'amd64', os.version: '10.0', java.version: '11.0.13'
Driver info: org.openqa.selenium.chrome.ChromeDriver
Capabilities {acceptInsecureCerts: false, browserName: chrome, browserVersion: 98.0.4758.102, chrome: {chromedriverVersion: 98.0.4758.80 (7f0488e8ba0d8..., userDataDir: C:\Users\Natali\AppData\Loc...}, goog:chromeOptions: {debuggerAddress: localhost:62690}, javascriptEnabled: true, networkConnectionEnabled: false, pageLoadStrategy: normal, platform: WINDOWS, platformName: WINDOWS, proxy: Proxy(), setWindowRect: true, strictFileInteractability: false, timeouts: {implicit: 0, pageLoad: 300000, script: 30000}, unhandledPromptBehavior: dismiss and notify, webauthn:extension:credBlob: true, webauthn:extension:largeBlob: true, webauthn:virtualAuthenticators: true}
Session ID: 76abe0901edc354b7ff3adac6001a326
*** Element info: {Using=xpath, value=//div[@class='dialog-container']}
13:05:31  INFO  manager.MyListener - This is your screen with error -->src/test/screenshorts/screen331.png
13:05:32  INFO  manager.MyListener - Start find element --->By.xpath: //div[@class='dialog-container']
13:05:37  INFO  manager.MyListener - We have a throwable --->no such element: Unable to locate element: {"method":"xpath","selector":"//div[@class='dialog-container']"}
  (Session info: chrome=98.0.4758.102)
For documentation on this error, please visit: https://www.seleniumhq.org/exceptions/no_such_element.html
Build info: version: '3.141.59', revision: 'e82be7d358', time: '2018-11-14T08:17:03'
System info: host: 'DESKTOP-O62I6CB', ip: '10.100.102.5', os.name: 'Windows 10', os.arch: 'amd64', os.version: '10.0', java.version: '11.0.13'
Driver info: org.openqa.selenium.chrome.ChromeDriver
Capabilities {acceptInsecureCerts: false, browserName: chrome, browserVersion: 98.0.4758.102, chrome: {chromedriverVersion: 98.0.4758.80 (7f0488e8ba0d8..., userDataDir: C:\Users\Natali\AppData\Loc...}, goog:chromeOptions: {debuggerAddress: localhost:62690}, javascriptEnabled: true, networkConnectionEnabled: false, pageLoadStrategy: normal, platform: WINDOWS, platformName: WINDOWS, proxy: Proxy(), setWindowRect: true, strictFileInteractability: false, timeouts: {implicit: 0, pageLoad: 300000, script: 30000}, unhandledPromptBehavior: dismiss and notify, webauthn:extension:credBlob: true, webauthn:extension:largeBlob: true, webauthn:virtualAuthenticators: true}
Session ID: 76abe0901edc354b7ff3adac6001a326
*** Element info: {Using=xpath, value=//div[@class='dialog-container']}
13:05:37  INFO  manager.MyListener - org.openqa.selenium.NoSuchElementException: no such element: Unable to locate element: {"method":"xpath","selector":"//div[@class='dialog-container']"}
  (Session info: chrome=98.0.4758.102)
For documentation on this error, please visit: https://www.seleniumhq.org/exceptions/no_such_element.html
Build info: version: '3.141.59', revision: 'e82be7d358', time: '2018-11-14T08:17:03'
System info: host: 'DESKTOP-O62I6CB', ip: '10.100.102.5', os.name: 'Windows 10', os.arch: 'amd64', os.version: '10.0', java.version: '11.0.13'
Driver info: org.openqa.selenium.chrome.ChromeDriver
Capabilities {acceptInsecureCerts: false, browserName: chrome, browserVersion: 98.0.4758.102, chrome: {chromedriverVersion: 98.0.4758.80 (7f0488e8ba0d8..., userDataDir: C:\Users\Natali\AppData\Loc...}, goog:chromeOptions: {debuggerAddress: localhost:62690}, javascriptEnabled: true, networkConnectionEnabled: false, pageLoadStrategy: normal, platform: WINDOWS, platformName: WINDOWS, proxy: Proxy(), setWindowRect: true, strictFileInteractability: false, timeouts: {implicit: 0, pageLoad: 300000, script: 30000}, unhandledPromptBehavior: dismiss and notify, webauthn:extension:credBlob: true, webauthn:extension:largeBlob: true, webauthn:virtualAuthenticators: true}
Session ID: 76abe0901edc354b7ff3adac6001a326
*** Element info: {Using=xpath, value=//div[@class='dialog-container']}
13:05:37  INFO  manager.MyListener - This is your screen with error -->src/test/screenshorts/screen337.png
13:05:38  INFO  tests.TestBase - Name of test ---> registrationSuccessModel
13:05:38  INFO  manager.MyListener - Start find element --->By.xpath: //*[text()=' Logout ']
13:05:43  INFO  manager.MyListener - The element with locator --->By.xpath: //*[text()=' Logout ']---> was found
13:05:43  INFO  manager.MyListener - Start find element --->By.xpath: //div[@class='dialog-container']
13:05:48  INFO  manager.MyListener - We have a throwable --->no such element: Unable to locate element: {"method":"xpath","selector":"//div[@class='dialog-container']"}
  (Session info: chrome=98.0.4758.102)
For documentation on this error, please visit: https://www.seleniumhq.org/exceptions/no_such_element.html
Build info: version: '3.141.59', revision: 'e82be7d358', time: '2018-11-14T08:17:03'
System info: host: 'DESKTOP-O62I6CB', ip: '10.100.102.5', os.name: 'Windows 10', os.arch: 'amd64', os.version: '10.0', java.version: '11.0.13'
Driver info: org.openqa.selenium.chrome.ChromeDriver
Capabilities {acceptInsecureCerts: false, browserName: chrome, browserVersion: 98.0.4758.102, chrome: {chromedriverVersion: 98.0.4758.80 (7f0488e8ba0d8..., userDataDir: C:\Users\Natali\AppData\Loc...}, goog:chromeOptions: {debuggerAddress: localhost:62690}, javascriptEnabled: true, networkConnectionEnabled: false, pageLoadStrategy: normal, platform: WINDOWS, platformName: WINDOWS, proxy: Proxy(), setWindowRect: true, strictFileInteractability: false, timeouts: {implicit: 0, pageLoad: 300000, script: 30000}, unhandledPromptBehavior: dismiss and notify, webauthn:extension:credBlob: true, webauthn:extension:largeBlob: true, webauthn:virtualAuthenticators: true}
Session ID: 76abe0901edc354b7ff3adac6001a326
*** Element info: {Using=xpath, value=//div[@class='dialog-container']}
13:05:48  INFO  manager.MyListener - org.openqa.selenium.NoSuchElementException: no such element: Unable to locate element: {"method":"xpath","selector":"//div[@class='dialog-container']"}
  (Session info: chrome=98.0.4758.102)
For documentation on this error, please visit: https://www.seleniumhq.org/exceptions/no_such_element.html
Build info: version: '3.141.59', revision: 'e82be7d358', time: '2018-11-14T08:17:03'
System info: host: 'DESKTOP-O62I6CB', ip: '10.100.102.5', os.name: 'Windows 10', os.arch: 'amd64', os.version: '10.0', java.version: '11.0.13'
Driver info: org.openqa.selenium.chrome.ChromeDriver
Capabilities {acceptInsecureCerts: false, browserName: chrome, browserVersion: 98.0.4758.102, chrome: {chromedriverVersion: 98.0.4758.80 (7f0488e8ba0d8..., userDataDir: C:\Users\Natali\AppData\Loc...}, goog:chromeOptions: {debuggerAddress: localhost:62690}, javascriptEnabled: true, networkConnectionEnabled: false, pageLoadStrategy: normal, platform: WINDOWS, platformName: WINDOWS, proxy: Proxy(), setWindowRect: true, strictFileInteractability: false, timeouts: {implicit: 0, pageLoad: 300000, script: 30000}, unhandledPromptBehavior: dismiss and notify, webauthn:extension:credBlob: true, webauthn:extension:largeBlob: true, webauthn:virtualAuthenticators: true}
Session ID: 76abe0901edc354b7ff3adac6001a326
*** Element info: {Using=xpath, value=//div[@class='dialog-container']}
13:05:48  INFO  manager.MyListener - This is your screen with error -->src/test/screenshorts/screen348.png
13:05:49  INFO  manager.MyListener - Start find element --->By.xpath: //div[@class='dialog-container']
13:05:54  INFO  manager.MyListener - We have a throwable --->no such element: Unable to locate element: {"method":"xpath","selector":"//div[@class='dialog-container']"}
  (Session info: chrome=98.0.4758.102)
For documentation on this error, please visit: https://www.seleniumhq.org/exceptions/no_such_element.html
Build info: version: '3.141.59', revision: 'e82be7d358', time: '2018-11-14T08:17:03'
System info: host: 'DESKTOP-O62I6CB', ip: '10.100.102.5', os.name: 'Windows 10', os.arch: 'amd64', os.version: '10.0', java.version: '11.0.13'
Driver info: org.openqa.selenium.chrome.ChromeDriver
Capabilities {acceptInsecureCerts: false, browserName: chrome, browserVersion: 98.0.4758.102, chrome: {chromedriverVersion: 98.0.4758.80 (7f0488e8ba0d8..., userDataDir: C:\Users\Natali\AppData\Loc...}, goog:chromeOptions: {debuggerAddress: localhost:62690}, javascriptEnabled: true, networkConnectionEnabled: false, pageLoadStrategy: normal, platform: WINDOWS, platformName: WINDOWS, proxy: Proxy(), setWindowRect: true, strictFileInteractability: false, timeouts: {implicit: 0, pageLoad: 300000, script: 30000}, unhandledPromptBehavior: dismiss and notify, webauthn:extension:credBlob: true, webauthn:extension:largeBlob: true, webauthn:virtualAuthenticators: true}
Session ID: 76abe0901edc354b7ff3adac6001a326
*** Element info: {Using=xpath, value=//div[@class='dialog-container']}
13:05:54  INFO  manager.MyListener - org.openqa.selenium.NoSuchElementException: no such element: Unable to locate element: {"method":"xpath","selector":"//div[@class='dialog-container']"}
  (Session info: chrome=98.0.4758.102)
For documentation on this error, please visit: https://www.seleniumhq.org/exceptions/no_such_element.html
Build info: version: '3.141.59', revision: 'e82be7d358', time: '2018-11-14T08:17:03'
System info: host: 'DESKTOP-O62I6CB', ip: '10.100.102.5', os.name: 'Windows 10', os.arch: 'amd64', os.version: '10.0', java.version: '11.0.13'
Driver info: org.openqa.selenium.chrome.ChromeDriver
Capabilities {acceptInsecureCerts: false, browserName: chrome, browserVersion: 98.0.4758.102, chrome: {chromedriverVersion: 98.0.4758.80 (7f0488e8ba0d8..., userDataDir: C:\Users\Natali\AppData\Loc...}, goog:chromeOptions: {debuggerAddress: localhost:62690}, javascriptEnabled: true, networkConnectionEnabled: false, pageLoadStrategy: normal, platform: WINDOWS, platformName: WINDOWS, proxy: Proxy(), setWindowRect: true, strictFileInteractability: false, timeouts: {implicit: 0, pageLoad: 300000, script: 30000}, unhandledPromptBehavior: dismiss and notify, webauthn:extension:credBlob: true, webauthn:extension:largeBlob: true, webauthn:virtualAuthenticators: true}
Session ID: 76abe0901edc354b7ff3adac6001a326
*** Element info: {Using=xpath, value=//div[@class='dialog-container']}
13:05:54  INFO  manager.MyListener - This is your screen with error -->src/test/screenshorts/screen354.png
13:05:56  INFO  manager.MyListener - Start find element --->By.xpath: //div[@class='dialog-container']
13:06:01  INFO  manager.MyListener - We have a throwable --->no such element: Unable to locate element: {"method":"xpath","selector":"//div[@class='dialog-container']"}
  (Session info: chrome=98.0.4758.102)
For documentation on this error, please visit: https://www.seleniumhq.org/exceptions/no_such_element.html
Build info: version: '3.141.59', revision: 'e82be7d358', time: '2018-11-14T08:17:03'
System info: host: 'DESKTOP-O62I6CB', ip: '10.100.102.5', os.name: 'Windows 10', os.arch: 'amd64', os.version: '10.0', java.version: '11.0.13'
Driver info: org.openqa.selenium.chrome.ChromeDriver
Capabilities {acceptInsecureCerts: false, browserName: chrome, browserVersion: 98.0.4758.102, chrome: {chromedriverVersion: 98.0.4758.80 (7f0488e8ba0d8..., userDataDir: C:\Users\Natali\AppData\Loc...}, goog:chromeOptions: {debuggerAddress: localhost:62690}, javascriptEnabled: true, networkConnectionEnabled: false, pageLoadStrategy: normal, platform: WINDOWS, platformName: WINDOWS, proxy: Proxy(), setWindowRect: true, strictFileInteractability: false, timeouts: {implicit: 0, pageLoad: 300000, script: 30000}, unhandledPromptBehavior: dismiss and notify, webauthn:extension:credBlob: true, webauthn:extension:largeBlob: true, webauthn:virtualAuthenticators: true}
Session ID: 76abe0901edc354b7ff3adac6001a326
*** Element info: {Using=xpath, value=//div[@class='dialog-container']}
13:06:01  INFO  manager.MyListener - org.openqa.selenium.NoSuchElementException: no such element: Unable to locate element: {"method":"xpath","selector":"//div[@class='dialog-container']"}
  (Session info: chrome=98.0.4758.102)
For documentation on this error, please visit: https://www.seleniumhq.org/exceptions/no_such_element.html
Build info: version: '3.141.59', revision: 'e82be7d358', time: '2018-11-14T08:17:03'
System info: host: 'DESKTOP-O62I6CB', ip: '10.100.102.5', os.name: 'Windows 10', os.arch: 'amd64', os.version: '10.0', java.version: '11.0.13'
Driver info: org.openqa.selenium.chrome.ChromeDriver
Capabilities {acceptInsecureCerts: false, browserName: chrome, browserVersion: 98.0.4758.102, chrome: {chromedriverVersion: 98.0.4758.80 (7f0488e8ba0d8..., userDataDir: C:\Users\Natali\AppData\Loc...}, goog:chromeOptions: {debuggerAddress: localhost:62690}, javascriptEnabled: true, networkConnectionEnabled: false, pageLoadStrategy: normal, platform: WINDOWS, platformName: WINDOWS, proxy: Proxy(), setWindowRect: true, strictFileInteractability: false, timeouts: {implicit: 0, pageLoad: 300000, script: 30000}, unhandledPromptBehavior: dismiss and notify, webauthn:extension:credBlob: true, webauthn:extension:largeBlob: true, webauthn:virtualAuthenticators: true}
Session ID: 76abe0901edc354b7ff3adac6001a326
*** Element info: {Using=xpath, value=//div[@class='dialog-container']}
13:06:01  INFO  manager.MyListener - This is your screen with error -->src/test/screenshorts/screen361.png
