12:13:23  INFO  manager.ApplicationManager - All tests starts in 'Chrom' browser
12:13:25  INFO  tests.TestBase - Name of test ---> addNewCarSuccess
12:13:25  INFO  manager.MyListener - Start find element --->By.xpath: //*[text()=' Logout ']
12:13:30  INFO  manager.MyListener - The element with locator --->By.xpath: //*[text()=' Logout ']---> was found
12:13:30  INFO  manager.MyListener - Start find element --->By.xpath: //a[text()=' Log in ']
12:13:30  INFO  manager.MyListener - The element with locator --->By.xpath: //a[text()=' Log in ']---> was found
12:13:30  INFO  manager.MyListener - Start find element --->By.id: email
12:13:30  INFO  manager.MyListener - The element with locator --->By.id: email---> was found
12:13:31  INFO  manager.MyListener - Start find element --->By.id: password
12:13:31  INFO  manager.MyListener - The element with locator --->By.id: password---> was found
12:13:31  INFO  manager.MyListener - Start find element --->By.cssSelector: [type='submit']
12:13:31  INFO  manager.MyListener - The element with locator --->By.cssSelector: [type='submit']---> was found
12:13:31  INFO  manager.MyListener - Start find element --->By.xpath: //div[@class='dialog-container']
12:13:32  INFO  manager.MyListener - The element with locator --->By.xpath: //div[@class='dialog-container']---> was found
12:13:32  INFO  manager.MyListener - Start find element --->By.xpath: //button[text()='Ok']
12:13:32  INFO  manager.MyListener - The element with locator --->By.xpath: //button[text()='Ok']---> was found
12:13:35  INFO  tests.TestBase - Car was added for userUser{name='null', lastName='null', email='jack123@gmail.com', password='Js12345@'}
12:13:35  INFO  tests.TestBase - Car(address=Tel-Aviv, Israel, make=Hunday, model=Veloster, year=2021, engine=1,8, fuel=Petrol, gear=AT, w_d=AWD, doors=3, seats=4, car_class=S, fuelConsumption=3.0, carRegNumber=32-876-815, price=130, distanceIncluded=250, features=type of, about=Ne bita ne krashena)car was added
12:13:35  INFO  manager.MyListener - Start find element --->By.cssSelector: [href='/let-car-work']
12:13:35  INFO  manager.MyListener - The element with locator --->By.cssSelector: [href='/let-car-work']---> was found
12:13:35  INFO  manager.MyListener - Start find element --->By.id: pickUpPlace
12:13:35  INFO  manager.MyListener - The element with locator --->By.id: pickUpPlace---> was found
12:13:36  INFO  manager.MyListener - Start find element --->By.cssSelector: .pac-item
12:13:36  INFO  manager.MyListener - The element with locator --->By.cssSelector: .pac-item---> was found
12:13:37  INFO  manager.MyListener - Start find element --->By.id: make
12:13:37  INFO  manager.MyListener - The element with locator --->By.id: make---> was found
12:13:37  INFO  manager.MyListener - Start find element --->By.id: model
12:13:37  INFO  manager.MyListener - The element with locator --->By.id: model---> was found
12:13:37  INFO  manager.MyListener - Start find element --->By.id: year
12:13:38  INFO  manager.MyListener - The element with locator --->By.id: year---> was found
12:13:38  INFO  manager.MyListener - Start find element --->By.cssSelector: #engine
12:13:38  INFO  manager.MyListener - The element with locator --->By.cssSelector: #engine---> was found
12:13:38  INFO  manager.MyListener - Start find element --->By.id: fuel
12:13:38  INFO  manager.MyListener - The element with locator --->By.id: fuel---> was found
12:13:38  INFO  manager.MyListener - Start find element --->By.xpath: .//option[@value = "Petrol"]
12:13:38  INFO  manager.MyListener - The element with locator --->By.xpath: .//option[@value = "Petrol"]---> was found
12:13:39  INFO  manager.MyListener - Start find element --->By.id: gear
12:13:39  INFO  manager.MyListener - The element with locator --->By.id: gear---> was found
12:13:39  INFO  manager.MyListener - Start find element --->By.xpath: .//option[@value = "AT"]
12:13:39  INFO  manager.MyListener - The element with locator --->By.xpath: .//option[@value = "AT"]---> was found
12:13:39  INFO  manager.MyListener - Start find element --->By.id: wheelsDrive
12:13:39  INFO  manager.MyListener - The element with locator --->By.id: wheelsDrive---> was found
12:13:39  INFO  manager.MyListener - Start find element --->By.xpath: .//option[@value = "AWD"]
12:13:39  INFO  manager.MyListener - The element with locator --->By.xpath: .//option[@value = "AWD"]---> was found
12:13:39  INFO  manager.MyListener - Start find element --->By.id: doors
12:13:39  INFO  manager.MyListener - The element with locator --->By.id: doors---> was found
12:13:40  INFO  manager.MyListener - Start find element --->By.id: seats
12:13:40  INFO  manager.MyListener - The element with locator --->By.id: seats---> was found
12:13:40  INFO  manager.MyListener - Start find element --->By.id: class
12:13:40  INFO  manager.MyListener - The element with locator --->By.id: class---> was found
12:13:40  INFO  manager.MyListener - Start find element --->By.id: fuelConsumption
12:13:40  INFO  manager.MyListener - The element with locator --->By.id: fuelConsumption---> was found
12:13:41  INFO  manager.MyListener - Start find element --->By.id: serialNumber
12:13:41  INFO  manager.MyListener - The element with locator --->By.id: serialNumber---> was found
12:13:41  INFO  manager.MyListener - Start find element --->By.id: price
12:13:41  INFO  manager.MyListener - The element with locator --->By.id: price---> was found
12:13:42  INFO  manager.MyListener - Start find element --->By.id: distance
12:13:42  INFO  manager.MyListener - The element with locator --->By.id: distance---> was found
12:13:42  INFO  manager.MyListener - Start find element --->By.cssSelector: .feature-input
12:13:42  INFO  manager.MyListener - The element with locator --->By.cssSelector: .feature-input---> was found
12:13:42  INFO  manager.MyListener - Start find element --->By.id: about
12:13:43  INFO  manager.MyListener - The element with locator --->By.id: about---> was found
12:13:43  INFO  manager.MyListener - Start find element --->By.id: photos
12:13:43  INFO  manager.MyListener - The element with locator --->By.id: photos---> was found
12:13:43  INFO  manager.MyListener - Start find element --->By.xpath: //button[text()='Submit']
12:13:43  INFO  manager.MyListener - The element with locator --->By.xpath: //button[text()='Submit']---> was found
12:13:45  INFO  manager.MyListener - Start find element --->By.xpath: //button[text()='Submit']
12:13:45  INFO  manager.MyListener - The element with locator --->By.xpath: //button[text()='Submit']---> was found
12:13:45  INFO  manager.MyListener - Start find element --->By.cssSelector: div.dialog-container
12:13:46  INFO  manager.MyListener - The element with locator --->By.cssSelector: div.dialog-container---> was found
12:13:46  INFO  manager.MyListener - Start find element --->By.cssSelector: div.dialog-container h1
12:13:46  INFO  manager.MyListener - The element with locator --->By.cssSelector: div.dialog-container h1---> was found
12:13:46  INFO  manager.MyListener - Start find element --->By.xpath: //button[text()='Search cars']
12:13:46  INFO  manager.MyListener - The element with locator --->By.xpath: //button[text()='Search cars']---> was found
12:13:46  INFO  manager.MyListener - Start find element --->By.xpath: //*[text()=' Logout ']
12:13:47  INFO  manager.MyListener - The element with locator --->By.xpath: //*[text()=' Logout ']---> was found
12:13:47  INFO  tests.TestBase - Name of test ---> addNewCarSuccessDataProvider
12:13:47  INFO  manager.MyListener - Start find element --->By.xpath: //*[text()=' Logout ']
12:13:52  INFO  manager.MyListener - The element with locator --->By.xpath: //*[text()=' Logout ']---> was found
12:13:52  INFO  manager.MyListener - Start find element --->By.xpath: //a[text()=' Log in ']
12:13:52  INFO  manager.MyListener - The element with locator --->By.xpath: //a[text()=' Log in ']---> was found
12:13:52  INFO  manager.MyListener - Start find element --->By.id: email
12:13:52  INFO  manager.MyListener - The element with locator --->By.id: email---> was found
12:13:53  INFO  manager.MyListener - Start find element --->By.id: password
12:13:53  INFO  manager.MyListener - The element with locator --->By.id: password---> was found
12:13:53  INFO  manager.MyListener - Start find element --->By.cssSelector: [type='submit']
12:13:53  INFO  manager.MyListener - The element with locator --->By.cssSelector: [type='submit']---> was found
12:13:53  INFO  manager.MyListener - Start find element --->By.xpath: //div[@class='dialog-container']
12:13:54  INFO  manager.MyListener - The element with locator --->By.xpath: //div[@class='dialog-container']---> was found
12:13:54  INFO  manager.MyListener - Start find element --->By.xpath: //button[text()='Ok']
12:13:54  INFO  manager.MyListener - The element with locator --->By.xpath: //button[text()='Ok']---> was found
12:13:57  INFO  tests.TestBase - Car was added for userUser{name='null', lastName='null', email='jack123@gmail.com', password='Js12345@'}
12:13:57  INFO  tests.TestBase - Car(address=Tel-Aviv, Israel, make=Hunday, model=Veloster, year=2021, engine=1,8, fuel=Petrol, gear=AT, w_d=AWD, doors=3, seats=4, car_class=S, fuelConsumption=3.0, carRegNumber=32-876-49, price=130, distanceIncluded=250, features=type of, about=Ne bita ne krashena)car was added
12:13:57  INFO  manager.MyListener - Start find element --->By.cssSelector: [href='/let-car-work']
12:13:57  INFO  manager.MyListener - The element with locator --->By.cssSelector: [href='/let-car-work']---> was found
12:13:57  INFO  manager.MyListener - Start find element --->By.id: pickUpPlace
12:13:57  INFO  manager.MyListener - The element with locator --->By.id: pickUpPlace---> was found
12:13:57  INFO  manager.MyListener - Start find element --->By.cssSelector: .pac-item
12:13:58  INFO  manager.MyListener - The element with locator --->By.cssSelector: .pac-item---> was found
12:13:58  INFO  manager.MyListener - Start find element --->By.id: make
12:13:58  INFO  manager.MyListener - The element with locator --->By.id: make---> was found
12:13:59  INFO  manager.MyListener - Start find element --->By.id: model
12:13:59  INFO  manager.MyListener - The element with locator --->By.id: model---> was found
12:13:59  INFO  manager.MyListener - Start find element --->By.id: year
12:13:59  INFO  manager.MyListener - The element with locator --->By.id: year---> was found
12:14:00  INFO  manager.MyListener - Start find element --->By.cssSelector: #engine
12:14:00  INFO  manager.MyListener - The element with locator --->By.cssSelector: #engine---> was found
12:14:00  INFO  manager.MyListener - Start find element --->By.id: fuel
12:14:00  INFO  manager.MyListener - The element with locator --->By.id: fuel---> was found
12:14:00  INFO  manager.MyListener - Start find element --->By.xpath: .//option[@value = "Petrol"]
12:14:00  INFO  manager.MyListener - The element with locator --->By.xpath: .//option[@value = "Petrol"]---> was found
12:14:00  INFO  manager.MyListener - Start find element --->By.id: gear
12:14:00  INFO  manager.MyListener - The element with locator --->By.id: gear---> was found
12:14:00  INFO  manager.MyListener - Start find element --->By.xpath: .//option[@value = "AT"]
12:14:00  INFO  manager.MyListener - The element with locator --->By.xpath: .//option[@value = "AT"]---> was found
12:14:00  INFO  manager.MyListener - Start find element --->By.id: wheelsDrive
12:14:00  INFO  manager.MyListener - The element with locator --->By.id: wheelsDrive---> was found
12:14:00  INFO  manager.MyListener - Start find element --->By.xpath: .//option[@value = "AWD"]
12:14:01  INFO  manager.MyListener - The element with locator --->By.xpath: .//option[@value = "AWD"]---> was found
12:14:01  INFO  manager.MyListener - Start find element --->By.id: doors
12:14:01  INFO  manager.MyListener - The element with locator --->By.id: doors---> was found
12:14:01  INFO  manager.MyListener - Start find element --->By.id: seats
12:14:01  INFO  manager.MyListener - The element with locator --->By.id: seats---> was found
12:14:02  INFO  manager.MyListener - Start find element --->By.id: class
12:14:02  INFO  manager.MyListener - The element with locator --->By.id: class---> was found
12:14:02  INFO  manager.MyListener - Start find element --->By.id: fuelConsumption
12:14:02  INFO  manager.MyListener - The element with locator --->By.id: fuelConsumption---> was found
12:14:02  INFO  manager.MyListener - Start find element --->By.id: serialNumber
12:14:02  INFO  manager.MyListener - The element with locator --->By.id: serialNumber---> was found
12:14:03  INFO  manager.MyListener - Start find element --->By.id: price
12:14:03  INFO  manager.MyListener - The element with locator --->By.id: price---> was found
12:14:03  INFO  manager.MyListener - Start find element --->By.id: distance
12:14:03  INFO  manager.MyListener - The element with locator --->By.id: distance---> was found
12:14:04  INFO  manager.MyListener - Start find element --->By.cssSelector: .feature-input
12:14:04  INFO  manager.MyListener - The element with locator --->By.cssSelector: .feature-input---> was found
12:14:04  INFO  manager.MyListener - Start find element --->By.id: about
12:14:04  INFO  manager.MyListener - The element with locator --->By.id: about---> was found
12:14:04  INFO  manager.MyListener - Start find element --->By.id: photos
12:14:04  INFO  manager.MyListener - The element with locator --->By.id: photos---> was found
12:14:04  INFO  manager.MyListener - Start find element --->By.xpath: //button[text()='Submit']
12:14:04  INFO  manager.MyListener - The element with locator --->By.xpath: //button[text()='Submit']---> was found
12:14:06  INFO  manager.MyListener - Start find element --->By.xpath: //button[text()='Submit']
12:14:06  INFO  manager.MyListener - The element with locator --->By.xpath: //button[text()='Submit']---> was found
12:14:06  INFO  manager.MyListener - Start find element --->By.cssSelector: div.dialog-container
12:14:07  INFO  manager.MyListener - The element with locator --->By.cssSelector: div.dialog-container---> was found
12:14:07  INFO  manager.MyListener - Start find element --->By.cssSelector: div.dialog-container h1
12:14:07  INFO  manager.MyListener - The element with locator --->By.cssSelector: div.dialog-container h1---> was found
12:14:07  INFO  manager.MyListener - Start find element --->By.xpath: //button[text()='Search cars']
12:14:12  INFO  manager.MyListener - We have a throwable --->no such element: Unable to locate element: {"method":"xpath","selector":"//button[text()='Search cars']"}
  (Session info: chrome=98.0.4758.82)
For documentation on this error, please visit: https://www.seleniumhq.org/exceptions/no_such_element.html
Build info: version: '3.141.59', revision: 'e82be7d358', time: '2018-11-14T08:17:03'
System info: host: 'DESKTOP-O62I6CB', ip: '10.100.102.5', os.name: 'Windows 10', os.arch: 'amd64', os.version: '10.0', java.version: '11.0.13'
Driver info: org.openqa.selenium.chrome.ChromeDriver
Capabilities {acceptInsecureCerts: false, browserName: chrome, browserVersion: 98.0.4758.82, chrome: {chromedriverVersion: 98.0.4758.80 (7f0488e8ba0d8..., userDataDir: C:\Users\Natali\AppData\Loc...}, goog:chromeOptions: {debuggerAddress: localhost:50723}, javascriptEnabled: true, networkConnectionEnabled: false, pageLoadStrategy: normal, platform: WINDOWS, platformName: WINDOWS, proxy: Proxy(), setWindowRect: true, strictFileInteractability: false, timeouts: {implicit: 0, pageLoad: 300000, script: 30000}, unhandledPromptBehavior: dismiss and notify, webauthn:extension:credBlob: true, webauthn:extension:largeBlob: true, webauthn:virtualAuthenticators: true}
Session ID: b3ea683621b51e7f6b35c98c7a22b9cc
*** Element info: {Using=xpath, value=//button[text()='Search cars']}
12:14:12  INFO  manager.MyListener - org.openqa.selenium.NoSuchElementException: no such element: Unable to locate element: {"method":"xpath","selector":"//button[text()='Search cars']"}
  (Session info: chrome=98.0.4758.82)
For documentation on this error, please visit: https://www.seleniumhq.org/exceptions/no_such_element.html
Build info: version: '3.141.59', revision: 'e82be7d358', time: '2018-11-14T08:17:03'
System info: host: 'DESKTOP-O62I6CB', ip: '10.100.102.5', os.name: 'Windows 10', os.arch: 'amd64', os.version: '10.0', java.version: '11.0.13'
Driver info: org.openqa.selenium.chrome.ChromeDriver
Capabilities {acceptInsecureCerts: false, browserName: chrome, browserVersion: 98.0.4758.82, chrome: {chromedriverVersion: 98.0.4758.80 (7f0488e8ba0d8..., userDataDir: C:\Users\Natali\AppData\Loc...}, goog:chromeOptions: {debuggerAddress: localhost:50723}, javascriptEnabled: true, networkConnectionEnabled: false, pageLoadStrategy: normal, platform: WINDOWS, platformName: WINDOWS, proxy: Proxy(), setWindowRect: true, strictFileInteractability: false, timeouts: {implicit: 0, pageLoad: 300000, script: 30000}, unhandledPromptBehavior: dismiss and notify, webauthn:extension:credBlob: true, webauthn:extension:largeBlob: true, webauthn:virtualAuthenticators: true}
Session ID: b3ea683621b51e7f6b35c98c7a22b9cc
*** Element info: {Using=xpath, value=//button[text()='Search cars']}
12:14:12  INFO  manager.MyListener - This is your screen with error -->src/test/screenshorts/screen852.png
12:14:13  INFO  tests.TestBase - Name of test ---> loginSuccess
12:14:13  INFO  manager.MyListener - Start find element --->By.xpath: //*[text()=' Logout ']
12:14:13  INFO  manager.MyListener - The element with locator --->By.xpath: //*[text()=' Logout ']---> was found
12:14:13  INFO  manager.MyListener - Start find element --->By.xpath: //*[text()=' Logout ']
12:14:13  INFO  manager.MyListener - The element with locator --->By.xpath: //*[text()=' Logout ']---> was found
12:14:13  INFO  tests.TestBase - Test start with email: [jack123@gmail.com] & password: [Js12345@]
12:14:13  INFO  manager.MyListener - Start find element --->By.xpath: //a[text()=' Log in ']
12:14:13  INFO  manager.MyListener - The element with locator --->By.xpath: //a[text()=' Log in ']---> was found
12:14:13  INFO  manager.MyListener - Start find element --->By.id: email
12:14:13  INFO  manager.MyListener - The element with locator --->By.id: email---> was found
12:14:13  INFO  manager.MyListener - Start find element --->By.id: password
12:14:14  INFO  manager.MyListener - The element with locator --->By.id: password---> was found
12:14:14  INFO  manager.MyListener - Start find element --->By.cssSelector: [type='submit']
12:14:14  INFO  manager.MyListener - The element with locator --->By.cssSelector: [type='submit']---> was found
12:14:14  INFO  manager.MyListener - Start find element --->By.xpath: //div[@class='dialog-container']
12:14:15  INFO  manager.MyListener - The element with locator --->By.xpath: //div[@class='dialog-container']---> was found
12:14:15  INFO  manager.MyListener - Start find element --->By.xpath: //button[text()='Ok']
12:14:15  INFO  manager.MyListener - The element with locator --->By.xpath: //button[text()='Ok']---> was found
12:14:15  INFO  tests.TestBase - Name of test ---> loginSuccessDataProvider
12:14:15  INFO  manager.MyListener - Start find element --->By.xpath: //*[text()=' Logout ']
12:14:15  INFO  manager.MyListener - The element with locator --->By.xpath: //*[text()=' Logout ']---> was found
12:14:15  INFO  manager.MyListener - Start find element --->By.xpath: //*[text()=' Logout ']
12:14:15  INFO  manager.MyListener - The element with locator --->By.xpath: //*[text()=' Logout ']---> was found
12:14:15  INFO  tests.TestBase - Test start with 'email': jack123@gmail.com && 'password': Js12345@
12:14:18  INFO  manager.MyListener - Start find element --->By.xpath: //a[text()=' Log in ']
12:14:18  INFO  manager.MyListener - The element with locator --->By.xpath: //a[text()=' Log in ']---> was found
12:14:18  INFO  manager.MyListener - Start find element --->By.id: email
12:14:18  INFO  manager.MyListener - The element with locator --->By.id: email---> was found
12:14:19  INFO  manager.MyListener - Start find element --->By.id: password
12:14:19  INFO  manager.MyListener - The element with locator --->By.id: password---> was found
12:14:19  INFO  manager.MyListener - Start find element --->By.cssSelector: [type='submit']
12:14:19  INFO  manager.MyListener - The element with locator --->By.cssSelector: [type='submit']---> was found
12:14:19  INFO  manager.MyListener - Start find element --->By.xpath: //div[@class='dialog-container']
12:14:20  INFO  manager.MyListener - The element with locator --->By.xpath: //div[@class='dialog-container']---> was found
12:14:20  INFO  manager.MyListener - Start find element --->By.xpath: //button[text()='Ok']
12:14:20  INFO  manager.MyListener - The element with locator --->By.xpath: //button[text()='Ok']---> was found
12:14:20  INFO  tests.TestBase - Name of test ---> loginSuccessDataProvider
12:14:20  INFO  manager.MyListener - Start find element --->By.xpath: //*[text()=' Logout ']
12:14:20  INFO  manager.MyListener - The element with locator --->By.xpath: //*[text()=' Logout ']---> was found
12:14:20  INFO  manager.MyListener - Start find element --->By.xpath: //*[text()=' Logout ']
12:14:20  INFO  manager.MyListener - The element with locator --->By.xpath: //*[text()=' Logout ']---> was found
12:14:20  INFO  tests.TestBase - Test start with 'email': will123@gmail.com && 'password': Js12346@
12:14:23  INFO  manager.MyListener - Start find element --->By.xpath: //a[text()=' Log in ']
12:14:24  INFO  manager.MyListener - The element with locator --->By.xpath: //a[text()=' Log in ']---> was found
12:14:24  INFO  manager.MyListener - Start find element --->By.id: email
12:14:24  INFO  manager.MyListener - The element with locator --->By.id: email---> was found
12:14:24  INFO  manager.MyListener - Start find element --->By.id: password
12:14:24  INFO  manager.MyListener - The element with locator --->By.id: password---> was found
12:14:24  INFO  manager.MyListener - Start find element --->By.cssSelector: [type='submit']
12:14:24  INFO  manager.MyListener - The element with locator --->By.cssSelector: [type='submit']---> was found
12:14:25  INFO  manager.MyListener - Start find element --->By.xpath: //div[@class='dialog-container']
12:14:25  INFO  manager.MyListener - The element with locator --->By.xpath: //div[@class='dialog-container']---> was found
12:14:25  INFO  manager.MyListener - Start find element --->By.xpath: //button[text()='Ok']
12:14:25  INFO  manager.MyListener - The element with locator --->By.xpath: //button[text()='Ok']---> was found
12:14:25  INFO  tests.TestBase - Name of test ---> loginSuccessDataProvider
12:14:25  INFO  manager.MyListener - Start find element --->By.xpath: //*[text()=' Logout ']
12:14:25  INFO  manager.MyListener - The element with locator --->By.xpath: //*[text()=' Logout ']---> was found
12:14:25  INFO  manager.MyListener - Start find element --->By.xpath: //*[text()=' Logout ']
12:14:25  INFO  manager.MyListener - The element with locator --->By.xpath: //*[text()=' Logout ']---> was found
12:14:25  INFO  tests.TestBase - Test start with 'email': syao123@gmail.com && 'password': Js12347@
12:14:28  INFO  manager.MyListener - Start find element --->By.xpath: //a[text()=' Log in ']
12:14:28  INFO  manager.MyListener - The element with locator --->By.xpath: //a[text()=' Log in ']---> was found
12:14:29  INFO  manager.MyListener - Start find element --->By.id: email
12:14:29  INFO  manager.MyListener - The element with locator --->By.id: email---> was found
12:14:29  INFO  manager.MyListener - Start find element --->By.id: password
12:14:29  INFO  manager.MyListener - The element with locator --->By.id: password---> was found
12:14:29  INFO  manager.MyListener - Start find element --->By.cssSelector: [type='submit']
12:14:29  INFO  manager.MyListener - The element with locator --->By.cssSelector: [type='submit']---> was found
12:14:30  INFO  manager.MyListener - Start find element --->By.xpath: //div[@class='dialog-container']
12:14:30  INFO  manager.MyListener - The element with locator --->By.xpath: //div[@class='dialog-container']---> was found
12:14:30  INFO  manager.MyListener - Start find element --->By.xpath: //button[text()='Ok']
12:14:30  INFO  manager.MyListener - The element with locator --->By.xpath: //button[text()='Ok']---> was found
12:14:30  INFO  tests.TestBase - Name of test ---> loginSuccessModel
12:14:30  INFO  manager.MyListener - Start find element --->By.xpath: //*[text()=' Logout ']
12:14:30  INFO  manager.MyListener - The element with locator --->By.xpath: //*[text()=' Logout ']---> was found
12:14:30  INFO  manager.MyListener - Start find element --->By.xpath: //*[text()=' Logout ']
12:14:30  INFO  manager.MyListener - The element with locator --->By.xpath: //*[text()=' Logout ']---> was found
12:14:31  INFO  tests.TestBase - The test start with dataUser{name='null', lastName='null', email='jack123@gmail.com', password='Js12345@'}
12:14:31  INFO  manager.MyListener - Start find element --->By.xpath: //a[text()=' Log in ']
12:14:31  INFO  manager.MyListener - The element with locator --->By.xpath: //a[text()=' Log in ']---> was found
12:14:31  INFO  manager.MyListener - Start find element --->By.id: email
12:14:31  INFO  manager.MyListener - The element with locator --->By.id: email---> was found
12:14:31  INFO  manager.MyListener - Start find element --->By.id: password
12:14:31  INFO  manager.MyListener - The element with locator --->By.id: password---> was found
12:14:32  INFO  manager.MyListener - Start find element --->By.cssSelector: [type='submit']
12:14:32  INFO  manager.MyListener - The element with locator --->By.cssSelector: [type='submit']---> was found
12:14:33  INFO  manager.MyListener - Start find element --->By.xpath: //div[@class='dialog-container']
12:14:33  INFO  manager.MyListener - The element with locator --->By.xpath: //div[@class='dialog-container']---> was found
12:14:33  INFO  manager.MyListener - Start find element --->By.xpath: //button[text()='Ok']
12:14:33  INFO  manager.MyListener - The element with locator --->By.xpath: //button[text()='Ok']---> was found
12:14:33  INFO  tests.TestBase - Name of test ---> loginSuccessModelDataProvider
12:14:33  INFO  manager.MyListener - Start find element --->By.xpath: //*[text()=' Logout ']
12:14:33  INFO  manager.MyListener - The element with locator --->By.xpath: //*[text()=' Logout ']---> was found
12:14:33  INFO  manager.MyListener - Start find element --->By.xpath: //*[text()=' Logout ']
12:14:33  INFO  manager.MyListener - The element with locator --->By.xpath: //*[text()=' Logout ']---> was found
12:14:33  INFO  tests.TestBase - The test start with dataUser{name='null', lastName='null', email='jack123@gmail.com', password='Js12345@'}
12:14:33  INFO  manager.MyListener - Start find element --->By.xpath: //a[text()=' Log in ']
12:14:33  INFO  manager.MyListener - The element with locator --->By.xpath: //a[text()=' Log in ']---> was found
12:14:34  INFO  manager.MyListener - Start find element --->By.id: email
12:14:34  INFO  manager.MyListener - The element with locator --->By.id: email---> was found
12:14:34  INFO  manager.MyListener - Start find element --->By.id: password
12:14:34  INFO  manager.MyListener - The element with locator --->By.id: password---> was found
12:14:34  INFO  manager.MyListener - Start find element --->By.cssSelector: [type='submit']
12:14:34  INFO  manager.MyListener - The element with locator --->By.cssSelector: [type='submit']---> was found
12:14:36  INFO  manager.MyListener - Start find element --->By.xpath: //div[@class='dialog-container']
12:14:36  INFO  manager.MyListener - The element with locator --->By.xpath: //div[@class='dialog-container']---> was found
12:14:36  INFO  manager.MyListener - Start find element --->By.xpath: //button[text()='Ok']
12:14:36  INFO  manager.MyListener - The element with locator --->By.xpath: //button[text()='Ok']---> was found
12:14:36  INFO  tests.TestBase - Name of test ---> loginSuccessModelDataProvider
12:14:36  INFO  manager.MyListener - Start find element --->By.xpath: //*[text()=' Logout ']
12:14:36  INFO  manager.MyListener - The element with locator --->By.xpath: //*[text()=' Logout ']---> was found
12:14:36  INFO  manager.MyListener - Start find element --->By.xpath: //*[text()=' Logout ']
12:14:36  INFO  manager.MyListener - The element with locator --->By.xpath: //*[text()=' Logout ']---> was found
12:14:36  INFO  tests.TestBase - The test start with dataUser{name='null', lastName='null', email='will123@gmail.com', password='Js12346@'}
12:14:36  INFO  manager.MyListener - Start find element --->By.xpath: //a[text()=' Log in ']
12:14:36  INFO  manager.MyListener - The element with locator --->By.xpath: //a[text()=' Log in ']---> was found
12:14:37  INFO  manager.MyListener - Start find element --->By.id: email
12:14:37  INFO  manager.MyListener - The element with locator --->By.id: email---> was found
12:14:37  INFO  manager.MyListener - Start find element --->By.id: password
12:14:37  INFO  manager.MyListener - The element with locator --->By.id: password---> was found
12:14:37  INFO  manager.MyListener - Start find element --->By.cssSelector: [type='submit']
12:14:37  INFO  manager.MyListener - The element with locator --->By.cssSelector: [type='submit']---> was found
12:14:39  INFO  manager.MyListener - Start find element --->By.xpath: //div[@class='dialog-container']
12:14:39  INFO  manager.MyListener - The element with locator --->By.xpath: //div[@class='dialog-container']---> was found
12:14:39  INFO  manager.MyListener - Start find element --->By.xpath: //button[text()='Ok']
12:14:39  INFO  manager.MyListener - The element with locator --->By.xpath: //button[text()='Ok']---> was found
12:14:39  INFO  tests.TestBase - Name of test ---> loginSuccessModelDataProvider
12:14:39  INFO  manager.MyListener - Start find element --->By.xpath: //*[text()=' Logout ']
12:14:39  INFO  manager.MyListener - The element with locator --->By.xpath: //*[text()=' Logout ']---> was found
12:14:39  INFO  manager.MyListener - Start find element --->By.xpath: //*[text()=' Logout ']
12:14:39  INFO  manager.MyListener - The element with locator --->By.xpath: //*[text()=' Logout ']---> was found
12:14:39  INFO  tests.TestBase - The test start with dataUser{name='null', lastName='null', email='syao123@gmail.com', password='Js12347@'}
12:14:39  INFO  manager.MyListener - Start find element --->By.xpath: //a[text()=' Log in ']
12:14:39  INFO  manager.MyListener - The element with locator --->By.xpath: //a[text()=' Log in ']---> was found
12:14:39  INFO  manager.MyListener - Start find element --->By.id: email
12:14:40  INFO  manager.MyListener - The element with locator --->By.id: email---> was found
12:14:40  INFO  manager.MyListener - Start find element --->By.id: password
12:14:40  INFO  manager.MyListener - The element with locator --->By.id: password---> was found
12:14:40  INFO  manager.MyListener - Start find element --->By.cssSelector: [type='submit']
12:14:40  INFO  manager.MyListener - The element with locator --->By.cssSelector: [type='submit']---> was found
12:14:41  INFO  manager.MyListener - Start find element --->By.xpath: //div[@class='dialog-container']
12:14:41  INFO  manager.MyListener - The element with locator --->By.xpath: //div[@class='dialog-container']---> was found
12:14:41  INFO  manager.MyListener - Start find element --->By.xpath: //button[text()='Ok']
12:14:41  INFO  manager.MyListener - The element with locator --->By.xpath: //button[text()='Ok']---> was found
12:14:42  INFO  tests.TestBase - Name of test ---> loginSuccessTestDataProviderCSV
12:14:42  INFO  manager.MyListener - Start find element --->By.xpath: //*[text()=' Logout ']
12:14:42  INFO  manager.MyListener - The element with locator --->By.xpath: //*[text()=' Logout ']---> was found
12:14:42  INFO  manager.MyListener - Start find element --->By.xpath: //*[text()=' Logout ']
12:14:42  INFO  manager.MyListener - The element with locator --->By.xpath: //*[text()=' Logout ']---> was found
12:14:42  INFO  tests.TestBase - Test start with 'email': jack123@gmail.com && 'password': Js12345@
12:14:45  INFO  manager.MyListener - Start find element --->By.xpath: //a[text()=' Log in ']
12:14:45  INFO  manager.MyListener - The element with locator --->By.xpath: //a[text()=' Log in ']---> was found
12:14:45  INFO  manager.MyListener - Start find element --->By.id: email
12:14:45  INFO  manager.MyListener - The element with locator --->By.id: email---> was found
12:14:46  INFO  manager.MyListener - Start find element --->By.id: password
12:14:46  INFO  manager.MyListener - The element with locator --->By.id: password---> was found
12:14:46  INFO  manager.MyListener - Start find element --->By.cssSelector: [type='submit']
12:14:46  INFO  manager.MyListener - The element with locator --->By.cssSelector: [type='submit']---> was found
12:14:46  INFO  manager.MyListener - Start find element --->By.xpath: //div[@class='dialog-container']
12:14:47  INFO  manager.MyListener - The element with locator --->By.xpath: //div[@class='dialog-container']---> was found
12:14:47  INFO  manager.MyListener - Start find element --->By.xpath: //button[text()='Ok']
12:14:47  INFO  manager.MyListener - The element with locator --->By.xpath: //button[text()='Ok']---> was found
12:14:47  INFO  tests.TestBase - Name of test ---> loginSuccessTestDataProviderCSV
12:14:47  INFO  manager.MyListener - Start find element --->By.xpath: //*[text()=' Logout ']
12:14:47  INFO  manager.MyListener - The element with locator --->By.xpath: //*[text()=' Logout ']---> was found
12:14:47  INFO  manager.MyListener - Start find element --->By.xpath: //*[text()=' Logout ']
12:14:47  INFO  manager.MyListener - The element with locator --->By.xpath: //*[text()=' Logout ']---> was found
12:14:47  INFO  tests.TestBase - Test start with 'email': jack123@gmail.com && 'password': Js12345@
12:14:50  INFO  manager.MyListener - Start find element --->By.xpath: //a[text()=' Log in ']
12:14:50  INFO  manager.MyListener - The element with locator --->By.xpath: //a[text()=' Log in ']---> was found
12:14:50  INFO  manager.MyListener - Start find element --->By.id: email
12:14:51  INFO  manager.MyListener - The element with locator --->By.id: email---> was found
12:14:51  INFO  manager.MyListener - Start find element --->By.id: password
12:14:51  INFO  manager.MyListener - The element with locator --->By.id: password---> was found
12:14:51  INFO  manager.MyListener - Start find element --->By.cssSelector: [type='submit']
12:14:51  INFO  manager.MyListener - The element with locator --->By.cssSelector: [type='submit']---> was found
12:14:51  INFO  manager.MyListener - Start find element --->By.xpath: //div[@class='dialog-container']
12:14:52  INFO  manager.MyListener - The element with locator --->By.xpath: //div[@class='dialog-container']---> was found
12:14:52  INFO  manager.MyListener - Start find element --->By.xpath: //button[text()='Ok']
12:14:52  INFO  manager.MyListener - The element with locator --->By.xpath: //button[text()='Ok']---> was found
12:14:52  INFO  tests.TestBase - Name of test ---> loginSuccessTestDataProviderCSV
12:14:52  INFO  manager.MyListener - Start find element --->By.xpath: //*[text()=' Logout ']
12:14:52  INFO  manager.MyListener - The element with locator --->By.xpath: //*[text()=' Logout ']---> was found
12:14:52  INFO  manager.MyListener - Start find element --->By.xpath: //*[text()=' Logout ']
12:14:52  INFO  manager.MyListener - The element with locator --->By.xpath: //*[text()=' Logout ']---> was found
12:14:53  INFO  tests.TestBase - Test start with 'email': jack123@gmail.com && 'password': Js12345@
12:14:56  INFO  manager.MyListener - Start find element --->By.xpath: //a[text()=' Log in ']
12:14:56  INFO  manager.MyListener - The element with locator --->By.xpath: //a[text()=' Log in ']---> was found
12:14:56  INFO  manager.MyListener - Start find element --->By.id: email
12:14:56  INFO  manager.MyListener - The element with locator --->By.id: email---> was found
12:14:56  INFO  manager.MyListener - Start find element --->By.id: password
12:14:56  INFO  manager.MyListener - The element with locator --->By.id: password---> was found
12:14:57  INFO  manager.MyListener - Start find element --->By.cssSelector: [type='submit']
12:14:57  INFO  manager.MyListener - The element with locator --->By.cssSelector: [type='submit']---> was found
12:14:57  INFO  manager.MyListener - Start find element --->By.xpath: //div[@class='dialog-container']
12:14:57  INFO  manager.MyListener - The element with locator --->By.xpath: //div[@class='dialog-container']---> was found
12:14:57  INFO  manager.MyListener - Start find element --->By.xpath: //button[text()='Ok']
12:14:57  INFO  manager.MyListener - The element with locator --->By.xpath: //button[text()='Ok']---> was found
12:14:57  INFO  tests.TestBase - Name of test ---> registrationSuccess
12:14:57  INFO  manager.MyListener - Start find element --->By.xpath: //*[text()=' Logout ']
12:14:57  INFO  manager.MyListener - The element with locator --->By.xpath: //*[text()=' Logout ']---> was found
12:14:57  INFO  manager.MyListener - Start find element --->By.xpath: //*[text()=' Logout ']
12:14:57  INFO  manager.MyListener - The element with locator --->By.xpath: //*[text()=' Logout ']---> was found
12:14:58  INFO  manager.MyListener - Start find element --->By.xpath: //a[text()=' Sign up ']
12:14:58  INFO  manager.MyListener - The element with locator --->By.xpath: //a[text()=' Sign up ']---> was found
12:14:58  INFO  manager.MyListener - Start find element --->By.tagName: form
12:14:58  INFO  manager.MyListener - The element with locator --->By.tagName: form---> was found
12:14:58  INFO  manager.MyListener - Start find element --->By.id: name
12:14:58  INFO  manager.MyListener - The element with locator --->By.id: name---> was found
12:14:59  INFO  manager.MyListener - Start find element --->By.cssSelector: #lastName
12:14:59  INFO  manager.MyListener - The element with locator --->By.cssSelector: #lastName---> was found
12:14:59  INFO  manager.MyListener - Start find element --->By.id: email
12:14:59  INFO  manager.MyListener - The element with locator --->By.id: email---> was found
12:14:59  INFO  manager.MyListener - Start find element --->By.cssSelector: #password
12:14:59  INFO  manager.MyListener - The element with locator --->By.cssSelector: #password---> was found
12:15:03  INFO  manager.MyListener - Start find element --->By.xpath: //label[@for='terms-of-use']
12:15:03  INFO  manager.MyListener - The element with locator --->By.xpath: //label[@for='terms-of-use']---> was found
12:15:03  INFO  manager.MyListener - Start find element --->By.cssSelector: [type='submit']
12:15:03  INFO  manager.MyListener - The element with locator --->By.cssSelector: [type='submit']---> was found
12:15:03  INFO  manager.MyListener - Start find element --->By.xpath: //div[@class='dialog-container']//h2
12:15:04  INFO  manager.MyListener - The element with locator --->By.xpath: //div[@class='dialog-container']//h2---> was found
12:15:04  INFO  manager.MyListener - Start find element --->By.xpath: //div[@class='dialog-container']
12:15:04  INFO  manager.MyListener - The element with locator --->By.xpath: //div[@class='dialog-container']---> was found
12:15:04  INFO  manager.MyListener - Start find element --->By.xpath: //button[text()='Ok']
12:15:04  INFO  manager.MyListener - The element with locator --->By.xpath: //button[text()='Ok']---> was found
12:15:04  INFO  tests.TestBase - Name of test ---> registrationSuccessDP
12:15:04  INFO  manager.MyListener - Start find element --->By.xpath: //*[text()=' Logout ']
12:15:04  INFO  manager.MyListener - The element with locator --->By.xpath: //*[text()=' Logout ']---> was found
12:15:04  INFO  manager.MyListener - Start find element --->By.xpath: //*[text()=' Logout ']
12:15:04  INFO  manager.MyListener - The element with locator --->By.xpath: //*[text()=' Logout ']---> was found
12:15:05  INFO  manager.MyListener - Start find element --->By.xpath: //a[text()=' Sign up ']
12:15:05  INFO  manager.MyListener - The element with locator --->By.xpath: //a[text()=' Sign up ']---> was found
12:15:05  INFO  manager.MyListener - Start find element --->By.tagName: form
12:15:05  INFO  manager.MyListener - The element with locator --->By.tagName: form---> was found
12:15:05  INFO  manager.MyListener - Start find element --->By.id: name
12:15:05  INFO  manager.MyListener - The element with locator --->By.id: name---> was found
12:15:05  INFO  manager.MyListener - Start find element --->By.cssSelector: #lastName
12:15:05  INFO  manager.MyListener - The element with locator --->By.cssSelector: #lastName---> was found
12:15:06  INFO  manager.MyListener - Start find element --->By.id: email
12:15:06  INFO  manager.MyListener - The element with locator --->By.id: email---> was found
12:15:06  INFO  manager.MyListener - Start find element --->By.cssSelector: #password
12:15:06  INFO  manager.MyListener - The element with locator --->By.cssSelector: #password---> was found
12:15:09  INFO  manager.MyListener - Start find element --->By.xpath: //label[@for='terms-of-use']
12:15:09  INFO  manager.MyListener - The element with locator --->By.xpath: //label[@for='terms-of-use']---> was found
12:15:13  INFO  manager.MyListener - Start find element --->By.cssSelector: [type='submit']
12:15:13  INFO  manager.MyListener - The element with locator --->By.cssSelector: [type='submit']---> was found
12:15:13  INFO  manager.MyListener - Start find element --->By.xpath: //div[@class='dialog-container']
12:15:13  INFO  manager.MyListener - The element with locator --->By.xpath: //div[@class='dialog-container']---> was found
12:15:13  INFO  manager.MyListener - Start find element --->By.xpath: //button[text()='Ok']
12:15:13  INFO  manager.MyListener - The element with locator --->By.xpath: //button[text()='Ok']---> was found
12:15:14  INFO  tests.TestBase - Name of test ---> registrationSuccessDP
12:15:14  INFO  manager.MyListener - Start find element --->By.xpath: //*[text()=' Logout ']
12:15:19  INFO  manager.MyListener - The element with locator --->By.xpath: //*[text()=' Logout ']---> was found
12:15:19  INFO  manager.MyListener - Start find element --->By.xpath: //a[text()=' Sign up ']
12:15:19  INFO  manager.MyListener - The element with locator --->By.xpath: //a[text()=' Sign up ']---> was found
12:15:19  INFO  manager.MyListener - Start find element --->By.tagName: form
12:15:19  INFO  manager.MyListener - The element with locator --->By.tagName: form---> was found
12:15:19  INFO  manager.MyListener - Start find element --->By.id: name
12:15:19  INFO  manager.MyListener - The element with locator --->By.id: name---> was found
12:15:19  INFO  manager.MyListener - Start find element --->By.cssSelector: #lastName
12:15:19  INFO  manager.MyListener - The element with locator --->By.cssSelector: #lastName---> was found
12:15:20  INFO  manager.MyListener - Start find element --->By.id: email
12:15:20  INFO  manager.MyListener - The element with locator --->By.id: email---> was found
12:15:20  INFO  manager.MyListener - Start find element --->By.cssSelector: #password
12:15:20  INFO  manager.MyListener - The element with locator --->By.cssSelector: #password---> was found
12:15:24  INFO  manager.MyListener - Start find element --->By.xpath: //label[@for='terms-of-use']
12:15:24  INFO  manager.MyListener - The element with locator --->By.xpath: //label[@for='terms-of-use']---> was found
12:15:27  INFO  manager.MyListener - Start find element --->By.cssSelector: [type='submit']
12:15:27  INFO  manager.MyListener - The element with locator --->By.cssSelector: [type='submit']---> was found
12:15:27  INFO  manager.MyListener - Start find element --->By.xpath: //div[@class='dialog-container']
12:15:32  INFO  manager.MyListener - We have a throwable --->no such element: Unable to locate element: {"method":"xpath","selector":"//div[@class='dialog-container']"}
  (Session info: chrome=98.0.4758.82)
For documentation on this error, please visit: https://www.seleniumhq.org/exceptions/no_such_element.html
Build info: version: '3.141.59', revision: 'e82be7d358', time: '2018-11-14T08:17:03'
System info: host: 'DESKTOP-O62I6CB', ip: '10.100.102.5', os.name: 'Windows 10', os.arch: 'amd64', os.version: '10.0', java.version: '11.0.13'
Driver info: org.openqa.selenium.chrome.ChromeDriver
Capabilities {acceptInsecureCerts: false, browserName: chrome, browserVersion: 98.0.4758.82, chrome: {chromedriverVersion: 98.0.4758.80 (7f0488e8ba0d8..., userDataDir: C:\Users\Natali\AppData\Loc...}, goog:chromeOptions: {debuggerAddress: localhost:50723}, javascriptEnabled: true, networkConnectionEnabled: false, pageLoadStrategy: normal, platform: WINDOWS, platformName: WINDOWS, proxy: Proxy(), setWindowRect: true, strictFileInteractability: false, timeouts: {implicit: 0, pageLoad: 300000, script: 30000}, unhandledPromptBehavior: dismiss and notify, webauthn:extension:credBlob: true, webauthn:extension:largeBlob: true, webauthn:virtualAuthenticators: true}
Session ID: b3ea683621b51e7f6b35c98c7a22b9cc
*** Element info: {Using=xpath, value=//div[@class='dialog-container']}
12:15:32  INFO  manager.MyListener - org.openqa.selenium.NoSuchElementException: no such element: Unable to locate element: {"method":"xpath","selector":"//div[@class='dialog-container']"}
  (Session info: chrome=98.0.4758.82)
For documentation on this error, please visit: https://www.seleniumhq.org/exceptions/no_such_element.html
Build info: version: '3.141.59', revision: 'e82be7d358', time: '2018-11-14T08:17:03'
System info: host: 'DESKTOP-O62I6CB', ip: '10.100.102.5', os.name: 'Windows 10', os.arch: 'amd64', os.version: '10.0', java.version: '11.0.13'
Driver info: org.openqa.selenium.chrome.ChromeDriver
Capabilities {acceptInsecureCerts: false, browserName: chrome, browserVersion: 98.0.4758.82, chrome: {chromedriverVersion: 98.0.4758.80 (7f0488e8ba0d8..., userDataDir: C:\Users\Natali\AppData\Loc...}, goog:chromeOptions: {debuggerAddress: localhost:50723}, javascriptEnabled: true, networkConnectionEnabled: false, pageLoadStrategy: normal, platform: WINDOWS, platformName: WINDOWS, proxy: Proxy(), setWindowRect: true, strictFileInteractability: false, timeouts: {implicit: 0, pageLoad: 300000, script: 30000}, unhandledPromptBehavior: dismiss and notify, webauthn:extension:credBlob: true, webauthn:extension:largeBlob: true, webauthn:virtualAuthenticators: true}
Session ID: b3ea683621b51e7f6b35c98c7a22b9cc
*** Element info: {Using=xpath, value=//div[@class='dialog-container']}
12:15:32  INFO  manager.MyListener - This is your screen with error -->src/test/screenshorts/screen932.png
12:15:34  INFO  manager.MyListener - Start find element --->By.xpath: //div[@class='dialog-container']
12:15:39  INFO  manager.MyListener - We have a throwable --->no such element: Unable to locate element: {"method":"xpath","selector":"//div[@class='dialog-container']"}
  (Session info: chrome=98.0.4758.82)
For documentation on this error, please visit: https://www.seleniumhq.org/exceptions/no_such_element.html
Build info: version: '3.141.59', revision: 'e82be7d358', time: '2018-11-14T08:17:03'
System info: host: 'DESKTOP-O62I6CB', ip: '10.100.102.5', os.name: 'Windows 10', os.arch: 'amd64', os.version: '10.0', java.version: '11.0.13'
Driver info: org.openqa.selenium.chrome.ChromeDriver
Capabilities {acceptInsecureCerts: false, browserName: chrome, browserVersion: 98.0.4758.82, chrome: {chromedriverVersion: 98.0.4758.80 (7f0488e8ba0d8..., userDataDir: C:\Users\Natali\AppData\Loc...}, goog:chromeOptions: {debuggerAddress: localhost:50723}, javascriptEnabled: true, networkConnectionEnabled: false, pageLoadStrategy: normal, platform: WINDOWS, platformName: WINDOWS, proxy: Proxy(), setWindowRect: true, strictFileInteractability: false, timeouts: {implicit: 0, pageLoad: 300000, script: 30000}, unhandledPromptBehavior: dismiss and notify, webauthn:extension:credBlob: true, webauthn:extension:largeBlob: true, webauthn:virtualAuthenticators: true}
Session ID: b3ea683621b51e7f6b35c98c7a22b9cc
*** Element info: {Using=xpath, value=//div[@class='dialog-container']}
12:15:39  INFO  manager.MyListener - org.openqa.selenium.NoSuchElementException: no such element: Unable to locate element: {"method":"xpath","selector":"//div[@class='dialog-container']"}
  (Session info: chrome=98.0.4758.82)
For documentation on this error, please visit: https://www.seleniumhq.org/exceptions/no_such_element.html
Build info: version: '3.141.59', revision: 'e82be7d358', time: '2018-11-14T08:17:03'
System info: host: 'DESKTOP-O62I6CB', ip: '10.100.102.5', os.name: 'Windows 10', os.arch: 'amd64', os.version: '10.0', java.version: '11.0.13'
Driver info: org.openqa.selenium.chrome.ChromeDriver
Capabilities {acceptInsecureCerts: false, browserName: chrome, browserVersion: 98.0.4758.82, chrome: {chromedriverVersion: 98.0.4758.80 (7f0488e8ba0d8..., userDataDir: C:\Users\Natali\AppData\Loc...}, goog:chromeOptions: {debuggerAddress: localhost:50723}, javascriptEnabled: true, networkConnectionEnabled: false, pageLoadStrategy: normal, platform: WINDOWS, platformName: WINDOWS, proxy: Proxy(), setWindowRect: true, strictFileInteractability: false, timeouts: {implicit: 0, pageLoad: 300000, script: 30000}, unhandledPromptBehavior: dismiss and notify, webauthn:extension:credBlob: true, webauthn:extension:largeBlob: true, webauthn:virtualAuthenticators: true}
Session ID: b3ea683621b51e7f6b35c98c7a22b9cc
*** Element info: {Using=xpath, value=//div[@class='dialog-container']}
12:15:39  INFO  manager.MyListener - This is your screen with error -->src/test/screenshorts/screen939.png
12:15:40  INFO  manager.MyListener - Start find element --->By.xpath: //div[@class='dialog-container']
12:15:45  INFO  manager.MyListener - We have a throwable --->no such element: Unable to locate element: {"method":"xpath","selector":"//div[@class='dialog-container']"}
  (Session info: chrome=98.0.4758.82)
For documentation on this error, please visit: https://www.seleniumhq.org/exceptions/no_such_element.html
Build info: version: '3.141.59', revision: 'e82be7d358', time: '2018-11-14T08:17:03'
System info: host: 'DESKTOP-O62I6CB', ip: '10.100.102.5', os.name: 'Windows 10', os.arch: 'amd64', os.version: '10.0', java.version: '11.0.13'
Driver info: org.openqa.selenium.chrome.ChromeDriver
Capabilities {acceptInsecureCerts: false, browserName: chrome, browserVersion: 98.0.4758.82, chrome: {chromedriverVersion: 98.0.4758.80 (7f0488e8ba0d8..., userDataDir: C:\Users\Natali\AppData\Loc...}, goog:chromeOptions: {debuggerAddress: localhost:50723}, javascriptEnabled: true, networkConnectionEnabled: false, pageLoadStrategy: normal, platform: WINDOWS, platformName: WINDOWS, proxy: Proxy(), setWindowRect: true, strictFileInteractability: false, timeouts: {implicit: 0, pageLoad: 300000, script: 30000}, unhandledPromptBehavior: dismiss and notify, webauthn:extension:credBlob: true, webauthn:extension:largeBlob: true, webauthn:virtualAuthenticators: true}
Session ID: b3ea683621b51e7f6b35c98c7a22b9cc
*** Element info: {Using=xpath, value=//div[@class='dialog-container']}
12:15:45  INFO  manager.MyListener - org.openqa.selenium.NoSuchElementException: no such element: Unable to locate element: {"method":"xpath","selector":"//div[@class='dialog-container']"}
  (Session info: chrome=98.0.4758.82)
For documentation on this error, please visit: https://www.seleniumhq.org/exceptions/no_such_element.html
Build info: version: '3.141.59', revision: 'e82be7d358', time: '2018-11-14T08:17:03'
System info: host: 'DESKTOP-O62I6CB', ip: '10.100.102.5', os.name: 'Windows 10', os.arch: 'amd64', os.version: '10.0', java.version: '11.0.13'
Driver info: org.openqa.selenium.chrome.ChromeDriver
Capabilities {acceptInsecureCerts: false, browserName: chrome, browserVersion: 98.0.4758.82, chrome: {chromedriverVersion: 98.0.4758.80 (7f0488e8ba0d8..., userDataDir: C:\Users\Natali\AppData\Loc...}, goog:chromeOptions: {debuggerAddress: localhost:50723}, javascriptEnabled: true, networkConnectionEnabled: false, pageLoadStrategy: normal, platform: WINDOWS, platformName: WINDOWS, proxy: Proxy(), setWindowRect: true, strictFileInteractability: false, timeouts: {implicit: 0, pageLoad: 300000, script: 30000}, unhandledPromptBehavior: dismiss and notify, webauthn:extension:credBlob: true, webauthn:extension:largeBlob: true, webauthn:virtualAuthenticators: true}
Session ID: b3ea683621b51e7f6b35c98c7a22b9cc
*** Element info: {Using=xpath, value=//div[@class='dialog-container']}
12:15:45  INFO  manager.MyListener - This is your screen with error -->src/test/screenshorts/screen945.png
12:15:46  INFO  tests.TestBase - Name of test ---> searchPeriodAnyDataInFuture
12:15:46  INFO  manager.MyListener - Start find element --->By.id: city
12:15:51  INFO  manager.MyListener - We have a throwable --->no such element: Unable to locate element: {"method":"css selector","selector":"#city"}
  (Session info: chrome=98.0.4758.82)
For documentation on this error, please visit: https://www.seleniumhq.org/exceptions/no_such_element.html
Build info: version: '3.141.59', revision: 'e82be7d358', time: '2018-11-14T08:17:03'
System info: host: 'DESKTOP-O62I6CB', ip: '10.100.102.5', os.name: 'Windows 10', os.arch: 'amd64', os.version: '10.0', java.version: '11.0.13'
Driver info: org.openqa.selenium.chrome.ChromeDriver
Capabilities {acceptInsecureCerts: false, browserName: chrome, browserVersion: 98.0.4758.82, chrome: {chromedriverVersion: 98.0.4758.80 (7f0488e8ba0d8..., userDataDir: C:\Users\Natali\AppData\Loc...}, goog:chromeOptions: {debuggerAddress: localhost:50723}, javascriptEnabled: true, networkConnectionEnabled: false, pageLoadStrategy: normal, platform: WINDOWS, platformName: WINDOWS, proxy: Proxy(), setWindowRect: true, strictFileInteractability: false, timeouts: {implicit: 0, pageLoad: 300000, script: 30000}, unhandledPromptBehavior: dismiss and notify, webauthn:extension:credBlob: true, webauthn:extension:largeBlob: true, webauthn:virtualAuthenticators: true}
Session ID: b3ea683621b51e7f6b35c98c7a22b9cc
*** Element info: {Using=id, value=city}
12:15:51  INFO  manager.MyListener - org.openqa.selenium.NoSuchElementException: no such element: Unable to locate element: {"method":"css selector","selector":"#city"}
  (Session info: chrome=98.0.4758.82)
For documentation on this error, please visit: https://www.seleniumhq.org/exceptions/no_such_element.html
Build info: version: '3.141.59', revision: 'e82be7d358', time: '2018-11-14T08:17:03'
System info: host: 'DESKTOP-O62I6CB', ip: '10.100.102.5', os.name: 'Windows 10', os.arch: 'amd64', os.version: '10.0', java.version: '11.0.13'
Driver info: org.openqa.selenium.chrome.ChromeDriver
Capabilities {acceptInsecureCerts: false, browserName: chrome, browserVersion: 98.0.4758.82, chrome: {chromedriverVersion: 98.0.4758.80 (7f0488e8ba0d8..., userDataDir: C:\Users\Natali\AppData\Loc...}, goog:chromeOptions: {debuggerAddress: localhost:50723}, javascriptEnabled: true, networkConnectionEnabled: false, pageLoadStrategy: normal, platform: WINDOWS, platformName: WINDOWS, proxy: Proxy(), setWindowRect: true, strictFileInteractability: false, timeouts: {implicit: 0, pageLoad: 300000, script: 30000}, unhandledPromptBehavior: dismiss and notify, webauthn:extension:credBlob: true, webauthn:extension:largeBlob: true, webauthn:virtualAuthenticators: true}
Session ID: b3ea683621b51e7f6b35c98c7a22b9cc
*** Element info: {Using=id, value=city}
12:15:51  INFO  manager.MyListener - This is your screen with error -->src/test/screenshorts/screen951.png
12:15:52  INFO  manager.MyListener - Start find element --->By.cssSelector: .header a[href='/']
12:15:52  INFO  manager.MyListener - The element with locator --->By.cssSelector: .header a[href='/']---> was found
12:15:53  INFO  tests.TestBase - Name of test ---> searchPeriodCurrentMonth
12:15:53  INFO  manager.MyListener - Start find element --->By.id: city
12:15:53  INFO  manager.MyListener - The element with locator --->By.id: city---> was found
12:15:54  INFO  manager.MyListener - Start find element --->By.cssSelector: .pac-item
12:15:54  INFO  manager.MyListener - The element with locator --->By.cssSelector: .pac-item---> was found
12:15:55  INFO  manager.MyListener - Start find element --->By.id: dates
12:15:55  INFO  manager.MyListener - The element with locator --->By.id: dates---> was found
12:15:55  INFO  manager.MyListener - Start find element --->By.xpath: //div[text()=' 7 ']
12:15:55  INFO  manager.MyListener - The element with locator --->By.xpath: //div[text()=' 7 ']---> was found
12:15:55  INFO  manager.MyListener - Start find element --->By.xpath: //div[text()=' 11 ']
12:15:55  INFO  manager.MyListener - The element with locator --->By.xpath: //div[text()=' 11 ']---> was found
12:16:00  INFO  manager.MyListener - Start find element --->By.cssSelector: [type='submit']
12:16:00  INFO  manager.MyListener - The element with locator --->By.cssSelector: [type='submit']---> was found
12:16:01  INFO  manager.MyListener - We have a throwable --->element click intercepted: Element <button _ngcontent-cld-c72="" type="submit" disabled="">...</button> is not clickable at point (183, 427). Other element would receive the click: <div class="cdk-overlay-backdrop mat-overlay-transparent-backdrop cdk-overlay-backdrop-showing"></div>
  (Session info: chrome=98.0.4758.82)
Build info: version: '3.141.59', revision: 'e82be7d358', time: '2018-11-14T08:17:03'
System info: host: 'DESKTOP-O62I6CB', ip: '10.100.102.5', os.name: 'Windows 10', os.arch: 'amd64', os.version: '10.0', java.version: '11.0.13'
Driver info: org.openqa.selenium.chrome.ChromeDriver
Capabilities {acceptInsecureCerts: false, browserName: chrome, browserVersion: 98.0.4758.82, chrome: {chromedriverVersion: 98.0.4758.80 (7f0488e8ba0d8..., userDataDir: C:\Users\Natali\AppData\Loc...}, goog:chromeOptions: {debuggerAddress: localhost:50723}, javascriptEnabled: true, networkConnectionEnabled: false, pageLoadStrategy: normal, platform: WINDOWS, platformName: WINDOWS, proxy: Proxy(), setWindowRect: true, strictFileInteractability: false, timeouts: {implicit: 0, pageLoad: 300000, script: 30000}, unhandledPromptBehavior: dismiss and notify, webauthn:extension:credBlob: true, webauthn:extension:largeBlob: true, webauthn:virtualAuthenticators: true}
Session ID: b3ea683621b51e7f6b35c98c7a22b9cc
12:16:01  INFO  manager.MyListener - org.openqa.selenium.ElementClickInterceptedException: element click intercepted: Element <button _ngcontent-cld-c72="" type="submit" disabled="">...</button> is not clickable at point (183, 427). Other element would receive the click: <div class="cdk-overlay-backdrop mat-overlay-transparent-backdrop cdk-overlay-backdrop-showing"></div>
  (Session info: chrome=98.0.4758.82)
Build info: version: '3.141.59', revision: 'e82be7d358', time: '2018-11-14T08:17:03'
System info: host: 'DESKTOP-O62I6CB', ip: '10.100.102.5', os.name: 'Windows 10', os.arch: 'amd64', os.version: '10.0', java.version: '11.0.13'
Driver info: org.openqa.selenium.chrome.ChromeDriver
Capabilities {acceptInsecureCerts: false, browserName: chrome, browserVersion: 98.0.4758.82, chrome: {chromedriverVersion: 98.0.4758.80 (7f0488e8ba0d8..., userDataDir: C:\Users\Natali\AppData\Loc...}, goog:chromeOptions: {debuggerAddress: localhost:50723}, javascriptEnabled: true, networkConnectionEnabled: false, pageLoadStrategy: normal, platform: WINDOWS, platformName: WINDOWS, proxy: Proxy(), setWindowRect: true, strictFileInteractability: false, timeouts: {implicit: 0, pageLoad: 300000, script: 30000}, unhandledPromptBehavior: dismiss and notify, webauthn:extension:credBlob: true, webauthn:extension:largeBlob: true, webauthn:virtualAuthenticators: true}
Session ID: b3ea683621b51e7f6b35c98c7a22b9cc
12:16:01  INFO  manager.MyListener - This is your screen with error -->src/test/screenshorts/screen961.png
12:16:02  INFO  manager.MyListener - Start find element --->By.cssSelector: .header a[href='/']
12:16:02  INFO  manager.MyListener - The element with locator --->By.cssSelector: .header a[href='/']---> was found
12:16:03  INFO  manager.MyListener - We have a throwable --->element click intercepted: Element <a _ngcontent-cld-c25="" href="/" class="logo">...</a> is not clickable at point (220, 34). Other element would receive the click: <button mat-button="" type="button" cdkarialive="polite" class="mat-focus-indicator mat-calendar-period-button mat-button mat-button-base" aria-label="Choose month and year">...</button>
  (Session info: chrome=98.0.4758.82)
Build info: version: '3.141.59', revision: 'e82be7d358', time: '2018-11-14T08:17:03'
System info: host: 'DESKTOP-O62I6CB', ip: '10.100.102.5', os.name: 'Windows 10', os.arch: 'amd64', os.version: '10.0', java.version: '11.0.13'
Driver info: org.openqa.selenium.chrome.ChromeDriver
Capabilities {acceptInsecureCerts: false, browserName: chrome, browserVersion: 98.0.4758.82, chrome: {chromedriverVersion: 98.0.4758.80 (7f0488e8ba0d8..., userDataDir: C:\Users\Natali\AppData\Loc...}, goog:chromeOptions: {debuggerAddress: localhost:50723}, javascriptEnabled: true, networkConnectionEnabled: false, pageLoadStrategy: normal, platform: WINDOWS, platformName: WINDOWS, proxy: Proxy(), setWindowRect: true, strictFileInteractability: false, timeouts: {implicit: 0, pageLoad: 300000, script: 30000}, unhandledPromptBehavior: dismiss and notify, webauthn:extension:credBlob: true, webauthn:extension:largeBlob: true, webauthn:virtualAuthenticators: true}
Session ID: b3ea683621b51e7f6b35c98c7a22b9cc
12:16:03  INFO  manager.MyListener - org.openqa.selenium.ElementClickInterceptedException: element click intercepted: Element <a _ngcontent-cld-c25="" href="/" class="logo">...</a> is not clickable at point (220, 34). Other element would receive the click: <button mat-button="" type="button" cdkarialive="polite" class="mat-focus-indicator mat-calendar-period-button mat-button mat-button-base" aria-label="Choose month and year">...</button>
  (Session info: chrome=98.0.4758.82)
Build info: version: '3.141.59', revision: 'e82be7d358', time: '2018-11-14T08:17:03'
System info: host: 'DESKTOP-O62I6CB', ip: '10.100.102.5', os.name: 'Windows 10', os.arch: 'amd64', os.version: '10.0', java.version: '11.0.13'
Driver info: org.openqa.selenium.chrome.ChromeDriver
Capabilities {acceptInsecureCerts: false, browserName: chrome, browserVersion: 98.0.4758.82, chrome: {chromedriverVersion: 98.0.4758.80 (7f0488e8ba0d8..., userDataDir: C:\Users\Natali\AppData\Loc...}, goog:chromeOptions: {debuggerAddress: localhost:50723}, javascriptEnabled: true, networkConnectionEnabled: false, pageLoadStrategy: normal, platform: WINDOWS, platformName: WINDOWS, proxy: Proxy(), setWindowRect: true, strictFileInteractability: false, timeouts: {implicit: 0, pageLoad: 300000, script: 30000}, unhandledPromptBehavior: dismiss and notify, webauthn:extension:credBlob: true, webauthn:extension:largeBlob: true, webauthn:virtualAuthenticators: true}
Session ID: b3ea683621b51e7f6b35c98c7a22b9cc
12:16:03  INFO  manager.MyListener - This is your screen with error -->src/test/screenshorts/screen963.png
